{"H:\\Desarrollo Full Stack\\6. Backend III\\proyecto Nuevo\\src\\app.js": {"path":"H:\\Desarrollo Full Stack\\6. Backend III\\proyecto Nuevo\\src\\app.js","statementMap":{"0":{"start":{"line":1,"column":16},"end":{"line":1,"column":34}},"1":{"start":{"line":2,"column":21},"end":{"line":2,"column":45}},"2":{"start":{"line":3,"column":18},"end":{"line":3,"column":47}},"3":{"start":{"line":4,"column":20},"end":{"line":4,"column":45}},"4":{"start":{"line":5,"column":18},"end":{"line":5,"column":37}},"5":{"start":{"line":6,"column":35},"end":{"line":6,"column":76}},"6":{"start":{"line":9,"column":15},"end":{"line":9,"column":58}},"7":{"start":{"line":9,"column":21},"end":{"line":9,"column":58}},"8":{"start":{"line":11,"column":12},"end":{"line":11,"column":21}},"9":{"start":{"line":13,"column":0},"end":{"line":13,"column":37}},"10":{"start":{"line":15,"column":0},"end":{"line":15,"column":24}},"11":{"start":{"line":16,"column":0},"end":{"line":16,"column":48}},"12":{"start":{"line":17,"column":0},"end":{"line":17,"column":24}},"13":{"start":{"line":19,"column":0},"end":{"line":21,"column":3}},"14":{"start":{"line":20,"column":4},"end":{"line":20,"column":67}},"15":{"start":{"line":23,"column":0},"end":{"line":25,"column":3}},"16":{"start":{"line":24,"column":4},"end":{"line":24,"column":86}},"17":{"start":{"line":27,"column":0},"end":{"line":33,"column":3}},"18":{"start":{"line":28,"column":4},"end":{"line":30,"column":5}},"19":{"start":{"line":29,"column":8},"end":{"line":29,"column":95}},"20":{"start":{"line":32,"column":4},"end":{"line":32,"column":18}},"21":{"start":{"line":35,"column":0},"end":{"line":35,"column":68}},"22":{"start":{"line":37,"column":0},"end":{"line":37,"column":27}},"23":{"start":{"line":39,"column":0},"end":{"line":39,"column":18}},"24":{"start":{"line":40,"column":0},"end":{"line":40,"column":22}},"25":{"start":{"line":42,"column":0},"end":{"line":42,"column":21}}},"fnMap":{"0":{"name":"(anonymous_0)","decl":{"start":{"line":9,"column":15},"end":{"line":9,"column":16}},"loc":{"start":{"line":9,"column":21},"end":{"line":9,"column":58}},"line":9},"1":{"name":"(anonymous_1)","decl":{"start":{"line":19,"column":13},"end":{"line":19,"column":14}},"loc":{"start":{"line":19,"column":27},"end":{"line":21,"column":1}},"line":19},"2":{"name":"(anonymous_2)","decl":{"start":{"line":23,"column":19},"end":{"line":23,"column":20}},"loc":{"start":{"line":23,"column":33},"end":{"line":25,"column":1}},"line":23},"3":{"name":"(anonymous_3)","decl":{"start":{"line":27,"column":21},"end":{"line":27,"column":22}},"loc":{"start":{"line":27,"column":41},"end":{"line":33,"column":1}},"line":27}},"branchMap":{"0":{"loc":{"start":{"line":28,"column":4},"end":{"line":30,"column":5}},"type":"if","locations":[{"start":{"line":28,"column":4},"end":{"line":30,"column":5}},{"start":{},"end":{}}],"line":28}},"s":{"0":4,"1":4,"2":4,"3":4,"4":4,"5":4,"6":4,"7":2,"8":4,"9":4,"10":4,"11":4,"12":4,"13":4,"14":1,"15":4,"16":1,"17":4,"18":2,"19":1,"20":1,"21":4,"22":4,"23":4,"24":4,"25":4},"f":{"0":2,"1":1,"2":1,"3":2},"b":{"0":[1,1]},"_coverageSchema":"1a1c01bbd47fc00a2c39e90264f33305004495a9","hash":"5174f00504a1f8129acfade4eab8c42edc85a413"}
,"H:\\Desarrollo Full Stack\\6. Backend III\\proyecto Nuevo\\src\\controllers\\auth.controller.js": {"path":"H:\\Desarrollo Full Stack\\6. Backend III\\proyecto Nuevo\\src\\controllers\\auth.controller.js","statementMap":{"0":{"start":{"line":1,"column":12},"end":{"line":1,"column":35}},"1":{"start":{"line":7,"column":4},"end":{"line":7,"column":21}},"2":{"start":{"line":9,"column":22},"end":{"line":12,"column":6}},"3":{"start":{"line":10,"column":4},"end":{"line":12,"column":6}},"4":{"start":{"line":14,"column":22},"end":{"line":19,"column":1}},"5":{"start":{"line":21,"column":17},"end":{"line":57,"column":1}},"6":{"start":{"line":22,"column":4},"end":{"line":56,"column":5}},"7":{"start":{"line":23,"column":48},"end":{"line":23,"column":56}},"8":{"start":{"line":25,"column":8},"end":{"line":27,"column":9}},"9":{"start":{"line":26,"column":12},"end":{"line":26,"column":97}},"10":{"start":{"line":29,"column":23},"end":{"line":29,"column":54}},"11":{"start":{"line":30,"column":8},"end":{"line":32,"column":9}},"12":{"start":{"line":31,"column":12},"end":{"line":31,"column":85}},"13":{"start":{"line":34,"column":21},"end":{"line":39,"column":10}},"14":{"start":{"line":41,"column":22},"end":{"line":41,"column":45}},"15":{"start":{"line":42,"column":8},"end":{"line":42,"column":50}},"16":{"start":{"line":44,"column":8},"end":{"line":53,"column":11}},"17":{"start":{"line":55,"column":8},"end":{"line":55,"column":27}},"18":{"start":{"line":59,"column":14},"end":{"line":93,"column":1}},"19":{"start":{"line":60,"column":4},"end":{"line":92,"column":5}},"20":{"start":{"line":61,"column":36},"end":{"line":61,"column":44}},"21":{"start":{"line":63,"column":8},"end":{"line":65,"column":9}},"22":{"start":{"line":64,"column":12},"end":{"line":64,"column":91}},"23":{"start":{"line":67,"column":21},"end":{"line":67,"column":64}},"24":{"start":{"line":68,"column":8},"end":{"line":70,"column":9}},"25":{"start":{"line":69,"column":12},"end":{"line":69,"column":80}},"26":{"start":{"line":72,"column":24},"end":{"line":72,"column":58}},"27":{"start":{"line":73,"column":8},"end":{"line":75,"column":9}},"28":{"start":{"line":74,"column":12},"end":{"line":74,"column":80}},"29":{"start":{"line":77,"column":22},"end":{"line":77,"column":45}},"30":{"start":{"line":78,"column":8},"end":{"line":78,"column":50}},"31":{"start":{"line":80,"column":8},"end":{"line":89,"column":11}},"32":{"start":{"line":91,"column":8},"end":{"line":91,"column":27}},"33":{"start":{"line":95,"column":11},"end":{"line":102,"column":1}},"34":{"start":{"line":96,"column":4},"end":{"line":101,"column":5}},"35":{"start":{"line":97,"column":21},"end":{"line":97,"column":55}},"36":{"start":{"line":98,"column":8},"end":{"line":98,"column":42}},"37":{"start":{"line":100,"column":8},"end":{"line":100,"column":27}},"38":{"start":{"line":104,"column":15},"end":{"line":107,"column":1}},"39":{"start":{"line":105,"column":4},"end":{"line":105,"column":44}},"40":{"start":{"line":106,"column":4},"end":{"line":106,"column":64}},"41":{"start":{"line":109,"column":0},"end":{"line":114,"column":2}}},"fnMap":{"0":{"name":"(anonymous_0)","decl":{"start":{"line":9,"column":22},"end":{"line":9,"column":23}},"loc":{"start":{"line":10,"column":4},"end":{"line":12,"column":6}},"line":10},"1":{"name":"(anonymous_1)","decl":{"start":{"line":21,"column":17},"end":{"line":21,"column":18}},"loc":{"start":{"line":21,"column":43},"end":{"line":57,"column":1}},"line":21},"2":{"name":"(anonymous_2)","decl":{"start":{"line":59,"column":14},"end":{"line":59,"column":15}},"loc":{"start":{"line":59,"column":40},"end":{"line":93,"column":1}},"line":59},"3":{"name":"(anonymous_3)","decl":{"start":{"line":95,"column":11},"end":{"line":95,"column":12}},"loc":{"start":{"line":95,"column":37},"end":{"line":102,"column":1}},"line":95},"4":{"name":"(anonymous_4)","decl":{"start":{"line":104,"column":15},"end":{"line":104,"column":16}},"loc":{"start":{"line":104,"column":29},"end":{"line":107,"column":1}},"line":104}},"branchMap":{"0":{"loc":{"start":{"line":11,"column":19},"end":{"line":11,"column":53}},"type":"binary-expr","locations":[{"start":{"line":11,"column":19},"end":{"line":11,"column":45}},{"start":{"line":11,"column":49},"end":{"line":11,"column":53}}],"line":11},"1":{"loc":{"start":{"line":25,"column":8},"end":{"line":27,"column":9}},"type":"if","locations":[{"start":{"line":25,"column":8},"end":{"line":27,"column":9}},{"start":{},"end":{}}],"line":25},"2":{"loc":{"start":{"line":25,"column":12},"end":{"line":25,"column":40}},"type":"binary-expr","locations":[{"start":{"line":25,"column":12},"end":{"line":25,"column":17}},{"start":{"line":25,"column":21},"end":{"line":25,"column":27}},{"start":{"line":25,"column":31},"end":{"line":25,"column":40}}],"line":25},"3":{"loc":{"start":{"line":30,"column":8},"end":{"line":32,"column":9}},"type":"if","locations":[{"start":{"line":30,"column":8},"end":{"line":32,"column":9}},{"start":{},"end":{}}],"line":30},"4":{"loc":{"start":{"line":38,"column":18},"end":{"line":38,"column":61}},"type":"cond-expr","locations":[{"start":{"line":38,"column":45},"end":{"line":38,"column":52}},{"start":{"line":38,"column":55},"end":{"line":38,"column":61}}],"line":38},"5":{"loc":{"start":{"line":38,"column":18},"end":{"line":38,"column":42}},"type":"binary-expr","locations":[{"start":{"line":38,"column":18},"end":{"line":38,"column":22}},{"start":{"line":38,"column":26},"end":{"line":38,"column":42}}],"line":38},"6":{"loc":{"start":{"line":63,"column":8},"end":{"line":65,"column":9}},"type":"if","locations":[{"start":{"line":63,"column":8},"end":{"line":65,"column":9}},{"start":{},"end":{}}],"line":63},"7":{"loc":{"start":{"line":63,"column":12},"end":{"line":63,"column":31}},"type":"binary-expr","locations":[{"start":{"line":63,"column":12},"end":{"line":63,"column":18}},{"start":{"line":63,"column":22},"end":{"line":63,"column":31}}],"line":63},"8":{"loc":{"start":{"line":68,"column":8},"end":{"line":70,"column":9}},"type":"if","locations":[{"start":{"line":68,"column":8},"end":{"line":70,"column":9}},{"start":{},"end":{}}],"line":68},"9":{"loc":{"start":{"line":73,"column":8},"end":{"line":75,"column":9}},"type":"if","locations":[{"start":{"line":73,"column":8},"end":{"line":75,"column":9}},{"start":{},"end":{}}],"line":73}},"s":{"0":5,"1":5,"2":5,"3":29,"4":5,"5":5,"6":31,"7":31,"8":31,"9":1,"10":30,"11":29,"12":1,"13":28,"14":28,"15":28,"16":28,"17":1,"18":5,"19":5,"20":5,"21":5,"22":1,"23":4,"24":3,"25":1,"26":2,"27":2,"28":1,"29":1,"30":1,"31":1,"32":1,"33":5,"34":2,"35":2,"36":1,"37":1,"38":5,"39":1,"40":1,"41":5},"f":{"0":29,"1":31,"2":5,"3":2,"4":1},"b":{"0":[29,1],"1":[1,30],"2":[31,30,30],"3":[1,28],"4":[17,11],"5":[28,22],"6":[1,4],"7":[5,5],"8":[1,2],"9":[1,1]},"_coverageSchema":"1a1c01bbd47fc00a2c39e90264f33305004495a9","hash":"19c81d3e228a307008ffb37d6021b947535572b5"}
,"H:\\Desarrollo Full Stack\\6. Backend III\\proyecto Nuevo\\src\\controllers\\product.controller.js": {"path":"H:\\Desarrollo Full Stack\\6. Backend III\\proyecto Nuevo\\src\\controllers\\product.controller.js","statementMap":{"0":{"start":{"line":1,"column":17},"end":{"line":1,"column":36}},"1":{"start":{"line":8,"column":4},"end":{"line":8,"column":21}},"2":{"start":{"line":10,"column":22},"end":{"line":31,"column":1}},"3":{"start":{"line":11,"column":4},"end":{"line":30,"column":5}},"4":{"start":{"line":12,"column":40},"end":{"line":12,"column":48}},"5":{"start":{"line":14,"column":8},"end":{"line":16,"column":9}},"6":{"start":{"line":15,"column":12},"end":{"line":15,"column":88}},"7":{"start":{"line":18,"column":24},"end":{"line":22,"column":10}},"8":{"start":{"line":24,"column":8},"end":{"line":27,"column":11}},"9":{"start":{"line":29,"column":8},"end":{"line":29,"column":27}},"10":{"start":{"line":33,"column":20},"end":{"line":43,"column":1}},"11":{"start":{"line":34,"column":4},"end":{"line":42,"column":5}},"12":{"start":{"line":35,"column":25},"end":{"line":35,"column":47}},"13":{"start":{"line":36,"column":8},"end":{"line":39,"column":11}},"14":{"start":{"line":41,"column":8},"end":{"line":41,"column":27}},"15":{"start":{"line":45,"column":23},"end":{"line":57,"column":1}},"16":{"start":{"line":46,"column":4},"end":{"line":56,"column":5}},"17":{"start":{"line":47,"column":24},"end":{"line":47,"column":62}},"18":{"start":{"line":49,"column":8},"end":{"line":51,"column":9}},"19":{"start":{"line":50,"column":12},"end":{"line":50,"column":80}},"20":{"start":{"line":53,"column":8},"end":{"line":53,"column":45}},"21":{"start":{"line":55,"column":8},"end":{"line":55,"column":27}},"22":{"start":{"line":59,"column":22},"end":{"line":79,"column":1}},"23":{"start":{"line":60,"column":4},"end":{"line":78,"column":5}},"24":{"start":{"line":61,"column":40},"end":{"line":61,"column":48}},"25":{"start":{"line":63,"column":24},"end":{"line":67,"column":10}},"26":{"start":{"line":68,"column":8},"end":{"line":70,"column":9}},"27":{"start":{"line":69,"column":12},"end":{"line":69,"column":80}},"28":{"start":{"line":72,"column":8},"end":{"line":75,"column":11}},"29":{"start":{"line":77,"column":8},"end":{"line":77,"column":27}},"30":{"start":{"line":81,"column":22},"end":{"line":97,"column":1}},"31":{"start":{"line":82,"column":4},"end":{"line":96,"column":5}},"32":{"start":{"line":83,"column":8},"end":{"line":85,"column":9}},"33":{"start":{"line":84,"column":12},"end":{"line":84,"column":80}},"34":{"start":{"line":87,"column":24},"end":{"line":87,"column":61}},"35":{"start":{"line":89,"column":8},"end":{"line":91,"column":9}},"36":{"start":{"line":90,"column":12},"end":{"line":90,"column":80}},"37":{"start":{"line":93,"column":8},"end":{"line":93,"column":72}},"38":{"start":{"line":95,"column":8},"end":{"line":95,"column":27}},"39":{"start":{"line":99,"column":0},"end":{"line":105,"column":2}}},"fnMap":{"0":{"name":"(anonymous_0)","decl":{"start":{"line":10,"column":22},"end":{"line":10,"column":23}},"loc":{"start":{"line":10,"column":48},"end":{"line":31,"column":1}},"line":10},"1":{"name":"(anonymous_1)","decl":{"start":{"line":33,"column":20},"end":{"line":33,"column":21}},"loc":{"start":{"line":33,"column":46},"end":{"line":43,"column":1}},"line":33},"2":{"name":"(anonymous_2)","decl":{"start":{"line":45,"column":23},"end":{"line":45,"column":24}},"loc":{"start":{"line":45,"column":49},"end":{"line":57,"column":1}},"line":45},"3":{"name":"(anonymous_3)","decl":{"start":{"line":59,"column":22},"end":{"line":59,"column":23}},"loc":{"start":{"line":59,"column":48},"end":{"line":79,"column":1}},"line":59},"4":{"name":"(anonymous_4)","decl":{"start":{"line":81,"column":22},"end":{"line":81,"column":23}},"loc":{"start":{"line":81,"column":48},"end":{"line":97,"column":1}},"line":81}},"branchMap":{"0":{"loc":{"start":{"line":14,"column":8},"end":{"line":16,"column":9}},"type":"if","locations":[{"start":{"line":14,"column":8},"end":{"line":16,"column":9}},{"start":{},"end":{}}],"line":14},"1":{"loc":{"start":{"line":14,"column":12},"end":{"line":14,"column":41}},"type":"binary-expr","locations":[{"start":{"line":14,"column":12},"end":{"line":14,"column":18}},{"start":{"line":14,"column":22},"end":{"line":14,"column":41}}],"line":14},"2":{"loc":{"start":{"line":49,"column":8},"end":{"line":51,"column":9}},"type":"if","locations":[{"start":{"line":49,"column":8},"end":{"line":51,"column":9}},{"start":{},"end":{}}],"line":49},"3":{"loc":{"start":{"line":64,"column":16},"end":{"line":64,"column":52}},"type":"cond-expr","locations":[{"start":{"line":64,"column":38},"end":{"line":64,"column":47}},{"start":{"line":64,"column":50},"end":{"line":64,"column":52}}],"line":64},"4":{"loc":{"start":{"line":65,"column":16},"end":{"line":65,"column":52}},"type":"cond-expr","locations":[{"start":{"line":65,"column":38},"end":{"line":65,"column":47}},{"start":{"line":65,"column":50},"end":{"line":65,"column":52}}],"line":65},"5":{"loc":{"start":{"line":66,"column":16},"end":{"line":66,"column":52}},"type":"cond-expr","locations":[{"start":{"line":66,"column":38},"end":{"line":66,"column":47}},{"start":{"line":66,"column":50},"end":{"line":66,"column":52}}],"line":66},"6":{"loc":{"start":{"line":68,"column":8},"end":{"line":70,"column":9}},"type":"if","locations":[{"start":{"line":68,"column":8},"end":{"line":70,"column":9}},{"start":{},"end":{}}],"line":68},"7":{"loc":{"start":{"line":83,"column":8},"end":{"line":85,"column":9}},"type":"if","locations":[{"start":{"line":83,"column":8},"end":{"line":85,"column":9}},{"start":{},"end":{}}],"line":83},"8":{"loc":{"start":{"line":89,"column":8},"end":{"line":91,"column":9}},"type":"if","locations":[{"start":{"line":89,"column":8},"end":{"line":91,"column":9}},{"start":{},"end":{}}],"line":89}},"s":{"0":5,"1":5,"2":5,"3":3,"4":3,"5":3,"6":1,"7":2,"8":1,"9":1,"10":5,"11":2,"12":2,"13":1,"14":1,"15":5,"16":4,"17":4,"18":2,"19":1,"20":1,"21":2,"22":5,"23":6,"24":6,"25":6,"26":4,"27":1,"28":3,"29":2,"30":5,"31":4,"32":4,"33":1,"34":3,"35":2,"36":1,"37":1,"38":1,"39":5},"f":{"0":3,"1":2,"2":4,"3":6,"4":4},"b":{"0":[1,2],"1":[3,2],"2":[1,1],"3":[2,4],"4":[4,2],"5":[1,5],"6":[1,3],"7":[1,3],"8":[1,1]},"_coverageSchema":"1a1c01bbd47fc00a2c39e90264f33305004495a9","hash":"d53646c3e8cb9b97179f169c8fc1953cc3c52a67"}
,"H:\\Desarrollo Full Stack\\6. Backend III\\proyecto Nuevo\\src\\controllers\\user.controller.js": {"path":"H:\\Desarrollo Full Stack\\6. Backend III\\proyecto Nuevo\\src\\controllers\\user.controller.js","statementMap":{"0":{"start":{"line":1,"column":17},"end":{"line":1,"column":36}},"1":{"start":{"line":9,"column":4},"end":{"line":9,"column":21}},"2":{"start":{"line":10,"column":25},"end":{"line":10,"column":53}},"3":{"start":{"line":12,"column":19},"end":{"line":46,"column":1}},"4":{"start":{"line":13,"column":4},"end":{"line":45,"column":5}},"5":{"start":{"line":14,"column":48},"end":{"line":14,"column":56}},"6":{"start":{"line":16,"column":8},"end":{"line":18,"column":9}},"7":{"start":{"line":17,"column":12},"end":{"line":17,"column":99}},"8":{"start":{"line":20,"column":23},"end":{"line":20,"column":54}},"9":{"start":{"line":21,"column":8},"end":{"line":23,"column":9}},"10":{"start":{"line":22,"column":12},"end":{"line":22,"column":87}},"11":{"start":{"line":25,"column":21},"end":{"line":30,"column":10}},"12":{"start":{"line":32,"column":8},"end":{"line":42,"column":11}},"13":{"start":{"line":44,"column":8},"end":{"line":44,"column":27}},"14":{"start":{"line":48,"column":17},"end":{"line":55,"column":1}},"15":{"start":{"line":49,"column":4},"end":{"line":54,"column":5}},"16":{"start":{"line":50,"column":22},"end":{"line":50,"column":41}},"17":{"start":{"line":51,"column":8},"end":{"line":51,"column":87}},"18":{"start":{"line":53,"column":8},"end":{"line":53,"column":27}},"19":{"start":{"line":57,"column":20},"end":{"line":69,"column":1}},"20":{"start":{"line":58,"column":4},"end":{"line":68,"column":5}},"21":{"start":{"line":59,"column":21},"end":{"line":59,"column":56}},"22":{"start":{"line":61,"column":8},"end":{"line":63,"column":9}},"23":{"start":{"line":62,"column":12},"end":{"line":62,"column":81}},"24":{"start":{"line":65,"column":8},"end":{"line":65,"column":84}},"25":{"start":{"line":67,"column":8},"end":{"line":67,"column":27}},"26":{"start":{"line":71,"column":19},"end":{"line":101,"column":1}},"27":{"start":{"line":72,"column":4},"end":{"line":100,"column":5}},"28":{"start":{"line":73,"column":48},"end":{"line":73,"column":56}},"29":{"start":{"line":75,"column":21},"end":{"line":75,"column":68}},"30":{"start":{"line":76,"column":8},"end":{"line":78,"column":9}},"31":{"start":{"line":77,"column":12},"end":{"line":77,"column":81}},"32":{"start":{"line":80,"column":8},"end":{"line":80,"column":49}},"33":{"start":{"line":80,"column":32},"end":{"line":80,"column":49}},"34":{"start":{"line":81,"column":8},"end":{"line":81,"column":52}},"35":{"start":{"line":81,"column":33},"end":{"line":81,"column":52}},"36":{"start":{"line":82,"column":8},"end":{"line":82,"column":61}},"37":{"start":{"line":82,"column":36},"end":{"line":82,"column":61}},"38":{"start":{"line":83,"column":8},"end":{"line":83,"column":85}},"39":{"start":{"line":83,"column":68},"end":{"line":83,"column":85}},"40":{"start":{"line":85,"column":8},"end":{"line":85,"column":26}},"41":{"start":{"line":87,"column":8},"end":{"line":97,"column":11}},"42":{"start":{"line":99,"column":8},"end":{"line":99,"column":27}},"43":{"start":{"line":103,"column":19},"end":{"line":121,"column":1}},"44":{"start":{"line":104,"column":4},"end":{"line":120,"column":5}},"45":{"start":{"line":105,"column":8},"end":{"line":107,"column":9}},"46":{"start":{"line":106,"column":12},"end":{"line":106,"column":81}},"47":{"start":{"line":109,"column":21},"end":{"line":109,"column":57}},"48":{"start":{"line":111,"column":8},"end":{"line":113,"column":9}},"49":{"start":{"line":112,"column":12},"end":{"line":112,"column":81}},"50":{"start":{"line":115,"column":8},"end":{"line":115,"column":31}},"51":{"start":{"line":117,"column":8},"end":{"line":117,"column":73}},"52":{"start":{"line":119,"column":8},"end":{"line":119,"column":27}},"53":{"start":{"line":123,"column":0},"end":{"line":129,"column":2}}},"fnMap":{"0":{"name":"(anonymous_0)","decl":{"start":{"line":12,"column":19},"end":{"line":12,"column":20}},"loc":{"start":{"line":12,"column":45},"end":{"line":46,"column":1}},"line":12},"1":{"name":"(anonymous_1)","decl":{"start":{"line":48,"column":17},"end":{"line":48,"column":18}},"loc":{"start":{"line":48,"column":43},"end":{"line":55,"column":1}},"line":48},"2":{"name":"(anonymous_2)","decl":{"start":{"line":57,"column":20},"end":{"line":57,"column":21}},"loc":{"start":{"line":57,"column":46},"end":{"line":69,"column":1}},"line":57},"3":{"name":"(anonymous_3)","decl":{"start":{"line":71,"column":19},"end":{"line":71,"column":20}},"loc":{"start":{"line":71,"column":45},"end":{"line":101,"column":1}},"line":71},"4":{"name":"(anonymous_4)","decl":{"start":{"line":103,"column":19},"end":{"line":103,"column":20}},"loc":{"start":{"line":103,"column":45},"end":{"line":121,"column":1}},"line":103}},"branchMap":{"0":{"loc":{"start":{"line":16,"column":8},"end":{"line":18,"column":9}},"type":"if","locations":[{"start":{"line":16,"column":8},"end":{"line":18,"column":9}},{"start":{},"end":{}}],"line":16},"1":{"loc":{"start":{"line":16,"column":12},"end":{"line":16,"column":40}},"type":"binary-expr","locations":[{"start":{"line":16,"column":12},"end":{"line":16,"column":17}},{"start":{"line":16,"column":21},"end":{"line":16,"column":27}},{"start":{"line":16,"column":31},"end":{"line":16,"column":40}}],"line":16},"2":{"loc":{"start":{"line":21,"column":8},"end":{"line":23,"column":9}},"type":"if","locations":[{"start":{"line":21,"column":8},"end":{"line":23,"column":9}},{"start":{},"end":{}}],"line":21},"3":{"loc":{"start":{"line":29,"column":18},"end":{"line":29,"column":61}},"type":"cond-expr","locations":[{"start":{"line":29,"column":45},"end":{"line":29,"column":52}},{"start":{"line":29,"column":55},"end":{"line":29,"column":61}}],"line":29},"4":{"loc":{"start":{"line":29,"column":18},"end":{"line":29,"column":42}},"type":"binary-expr","locations":[{"start":{"line":29,"column":18},"end":{"line":29,"column":22}},{"start":{"line":29,"column":26},"end":{"line":29,"column":42}}],"line":29},"5":{"loc":{"start":{"line":61,"column":8},"end":{"line":63,"column":9}},"type":"if","locations":[{"start":{"line":61,"column":8},"end":{"line":63,"column":9}},{"start":{},"end":{}}],"line":61},"6":{"loc":{"start":{"line":76,"column":8},"end":{"line":78,"column":9}},"type":"if","locations":[{"start":{"line":76,"column":8},"end":{"line":78,"column":9}},{"start":{},"end":{}}],"line":76},"7":{"loc":{"start":{"line":80,"column":8},"end":{"line":80,"column":49}},"type":"if","locations":[{"start":{"line":80,"column":8},"end":{"line":80,"column":49}},{"start":{},"end":{}}],"line":80},"8":{"loc":{"start":{"line":81,"column":8},"end":{"line":81,"column":52}},"type":"if","locations":[{"start":{"line":81,"column":8},"end":{"line":81,"column":52}},{"start":{},"end":{}}],"line":81},"9":{"loc":{"start":{"line":82,"column":8},"end":{"line":82,"column":61}},"type":"if","locations":[{"start":{"line":82,"column":8},"end":{"line":82,"column":61}},{"start":{},"end":{}}],"line":82},"10":{"loc":{"start":{"line":83,"column":8},"end":{"line":83,"column":85}},"type":"if","locations":[{"start":{"line":83,"column":8},"end":{"line":83,"column":85}},{"start":{},"end":{}}],"line":83},"11":{"loc":{"start":{"line":83,"column":12},"end":{"line":83,"column":66}},"type":"binary-expr","locations":[{"start":{"line":83,"column":12},"end":{"line":83,"column":30}},{"start":{"line":83,"column":34},"end":{"line":83,"column":66}}],"line":83},"12":{"loc":{"start":{"line":105,"column":8},"end":{"line":107,"column":9}},"type":"if","locations":[{"start":{"line":105,"column":8},"end":{"line":107,"column":9}},{"start":{},"end":{}}],"line":105},"13":{"loc":{"start":{"line":111,"column":8},"end":{"line":113,"column":9}},"type":"if","locations":[{"start":{"line":111,"column":8},"end":{"line":113,"column":9}},{"start":{},"end":{}}],"line":111}},"s":{"0":5,"1":5,"2":5,"3":5,"4":6,"5":6,"6":6,"7":1,"8":5,"9":4,"10":1,"11":3,"12":3,"13":1,"14":5,"15":3,"16":3,"17":2,"18":1,"19":5,"20":4,"21":4,"22":3,"23":2,"24":1,"25":1,"26":5,"27":6,"28":6,"29":6,"30":5,"31":1,"32":4,"33":2,"34":4,"35":1,"36":4,"37":1,"38":4,"39":1,"40":4,"41":4,"42":1,"43":5,"44":5,"45":5,"46":2,"47":3,"48":2,"49":1,"50":1,"51":1,"52":1,"53":5},"f":{"0":6,"1":3,"2":4,"3":6,"4":5},"b":{"0":[1,5],"1":[6,5,5],"2":[1,3],"3":[1,2],"4":[3,3],"5":[2,1],"6":[1,4],"7":[2,2],"8":[1,3],"9":[1,3],"10":[1,3],"11":[4,2],"12":[2,3],"13":[1,1]},"_coverageSchema":"1a1c01bbd47fc00a2c39e90264f33305004495a9","hash":"ac76fcc219988fe82ccb58112d57f72b32ca393d"}
,"H:\\Desarrollo Full Stack\\6. Backend III\\proyecto Nuevo\\src\\dao\\index.js": {"path":"H:\\Desarrollo Full Stack\\6. Backend III\\proyecto Nuevo\\src\\dao\\index.js","statementMap":{"0":{"start":{"line":1,"column":16},"end":{"line":1,"column":37}},"1":{"start":{"line":2,"column":19},"end":{"line":2,"column":43}},"2":{"start":{"line":4,"column":0},"end":{"line":7,"column":2}}},"fnMap":{},"branchMap":{},"s":{"0":8,"1":8,"2":8},"f":{},"b":{},"_coverageSchema":"1a1c01bbd47fc00a2c39e90264f33305004495a9","hash":"d617a81c48959f97b141442fae62fd9f7136c396"}
,"H:\\Desarrollo Full Stack\\6. Backend III\\proyecto Nuevo\\src\\dao\\product.dao.js": {"path":"H:\\Desarrollo Full Stack\\6. Backend III\\proyecto Nuevo\\src\\dao\\product.dao.js","statementMap":{"0":{"start":{"line":1,"column":16},"end":{"line":1,"column":44}},"1":{"start":{"line":3,"column":25},"end":{"line":3,"column":75}},"2":{"start":{"line":3,"column":48},"end":{"line":3,"column":75}},"3":{"start":{"line":5,"column":23},"end":{"line":12,"column":1}},"4":{"start":{"line":6,"column":18},"end":{"line":6,"column":32}},"5":{"start":{"line":7,"column":4},"end":{"line":9,"column":5}},"6":{"start":{"line":8,"column":8},"end":{"line":8,"column":45}},"7":{"start":{"line":11,"column":4},"end":{"line":11,"column":17}},"8":{"start":{"line":14,"column":26},"end":{"line":14,"column":60}},"9":{"start":{"line":14,"column":40},"end":{"line":14,"column":60}},"10":{"start":{"line":16,"column":25},"end":{"line":25,"column":1}},"11":{"start":{"line":17,"column":20},"end":{"line":17,"column":46}},"12":{"start":{"line":18,"column":4},"end":{"line":20,"column":5}},"13":{"start":{"line":19,"column":8},"end":{"line":19,"column":20}},"14":{"start":{"line":22,"column":4},"end":{"line":22,"column":39}},"15":{"start":{"line":23,"column":4},"end":{"line":23,"column":25}},"16":{"start":{"line":24,"column":4},"end":{"line":24,"column":19}},"17":{"start":{"line":27,"column":25},"end":{"line":35,"column":1}},"18":{"start":{"line":28,"column":20},"end":{"line":28,"column":46}},"19":{"start":{"line":29,"column":4},"end":{"line":31,"column":5}},"20":{"start":{"line":30,"column":8},"end":{"line":30,"column":20}},"21":{"start":{"line":33,"column":4},"end":{"line":33,"column":30}},"22":{"start":{"line":34,"column":4},"end":{"line":34,"column":19}},"23":{"start":{"line":37,"column":0},"end":{"line":43,"column":2}}},"fnMap":{"0":{"name":"(anonymous_0)","decl":{"start":{"line":3,"column":25},"end":{"line":3,"column":26}},"loc":{"start":{"line":3,"column":48},"end":{"line":3,"column":75}},"line":3},"1":{"name":"(anonymous_1)","decl":{"start":{"line":5,"column":23},"end":{"line":5,"column":24}},"loc":{"start":{"line":5,"column":35},"end":{"line":12,"column":1}},"line":5},"2":{"name":"(anonymous_2)","decl":{"start":{"line":14,"column":26},"end":{"line":14,"column":27}},"loc":{"start":{"line":14,"column":40},"end":{"line":14,"column":60}},"line":14},"3":{"name":"(anonymous_3)","decl":{"start":{"line":16,"column":25},"end":{"line":16,"column":26}},"loc":{"start":{"line":16,"column":51},"end":{"line":25,"column":1}},"line":16},"4":{"name":"(anonymous_4)","decl":{"start":{"line":27,"column":25},"end":{"line":27,"column":26}},"loc":{"start":{"line":27,"column":39},"end":{"line":35,"column":1}},"line":27}},"branchMap":{"0":{"loc":{"start":{"line":7,"column":4},"end":{"line":9,"column":5}},"type":"if","locations":[{"start":{"line":7,"column":4},"end":{"line":9,"column":5}},{"start":{},"end":{}}],"line":7},"1":{"loc":{"start":{"line":7,"column":8},"end":{"line":7,"column":49}},"type":"binary-expr","locations":[{"start":{"line":7,"column":8},"end":{"line":7,"column":13}},{"start":{"line":7,"column":17},"end":{"line":7,"column":49}}],"line":7},"2":{"loc":{"start":{"line":18,"column":4},"end":{"line":20,"column":5}},"type":"if","locations":[{"start":{"line":18,"column":4},"end":{"line":20,"column":5}},{"start":{},"end":{}}],"line":18},"3":{"loc":{"start":{"line":29,"column":4},"end":{"line":31,"column":5}},"type":"if","locations":[{"start":{"line":29,"column":4},"end":{"line":31,"column":5}},{"start":{},"end":{}}],"line":29}},"s":{"0":9,"1":9,"2":3,"3":9,"4":4,"5":4,"6":3,"7":1,"8":9,"9":4,"10":9,"11":5,"12":4,"13":2,"14":2,"15":2,"16":2,"17":9,"18":4,"19":4,"20":2,"21":2,"22":2,"23":9},"f":{"0":3,"1":4,"2":4,"3":5,"4":4},"b":{"0":[3,1],"1":[4,4],"2":[2,2],"3":[2,2]},"_coverageSchema":"1a1c01bbd47fc00a2c39e90264f33305004495a9","hash":"1b402827e8a518badc25a745bf730ccdfd94cf8f"}
,"H:\\Desarrollo Full Stack\\6. Backend III\\proyecto Nuevo\\src\\dao\\user.dao.js": {"path":"H:\\Desarrollo Full Stack\\6. Backend III\\proyecto Nuevo\\src\\dao\\user.dao.js","statementMap":{"0":{"start":{"line":1,"column":13},"end":{"line":1,"column":38}},"1":{"start":{"line":3,"column":22},"end":{"line":3,"column":63}},"2":{"start":{"line":3,"column":42},"end":{"line":3,"column":63}},"3":{"start":{"line":5,"column":22},"end":{"line":13,"column":1}},"4":{"start":{"line":6,"column":17},"end":{"line":6,"column":40}},"5":{"start":{"line":7,"column":4},"end":{"line":9,"column":5}},"6":{"start":{"line":8,"column":8},"end":{"line":8,"column":20}},"7":{"start":{"line":11,"column":4},"end":{"line":11,"column":27}},"8":{"start":{"line":12,"column":4},"end":{"line":12,"column":16}},"9":{"start":{"line":15,"column":27},"end":{"line":15,"column":67}},"10":{"start":{"line":15,"column":44},"end":{"line":15,"column":67}},"11":{"start":{"line":17,"column":39},"end":{"line":18,"column":47}},"12":{"start":{"line":18,"column":4},"end":{"line":18,"column":47}},"13":{"start":{"line":20,"column":20},"end":{"line":20,"column":63}},"14":{"start":{"line":20,"column":32},"end":{"line":20,"column":63}},"15":{"start":{"line":22,"column":23},"end":{"line":22,"column":74}},"16":{"start":{"line":22,"column":37},"end":{"line":22,"column":74}},"17":{"start":{"line":24,"column":35},"end":{"line":24,"column":86}},"18":{"start":{"line":24,"column":49},"end":{"line":24,"column":86}},"19":{"start":{"line":26,"column":24},"end":{"line":26,"column":55}},"20":{"start":{"line":26,"column":38},"end":{"line":26,"column":55}},"21":{"start":{"line":28,"column":0},"end":{"line":37,"column":2}}},"fnMap":{"0":{"name":"(anonymous_0)","decl":{"start":{"line":3,"column":22},"end":{"line":3,"column":23}},"loc":{"start":{"line":3,"column":42},"end":{"line":3,"column":63}},"line":3},"1":{"name":"(anonymous_1)","decl":{"start":{"line":5,"column":22},"end":{"line":5,"column":23}},"loc":{"start":{"line":5,"column":36},"end":{"line":13,"column":1}},"line":5},"2":{"name":"(anonymous_2)","decl":{"start":{"line":15,"column":27},"end":{"line":15,"column":28}},"loc":{"start":{"line":15,"column":44},"end":{"line":15,"column":67}},"line":15},"3":{"name":"(anonymous_3)","decl":{"start":{"line":17,"column":39},"end":{"line":17,"column":40}},"loc":{"start":{"line":18,"column":4},"end":{"line":18,"column":47}},"line":18},"4":{"name":"(anonymous_4)","decl":{"start":{"line":20,"column":20},"end":{"line":20,"column":21}},"loc":{"start":{"line":20,"column":32},"end":{"line":20,"column":63}},"line":20},"5":{"name":"(anonymous_5)","decl":{"start":{"line":22,"column":23},"end":{"line":22,"column":24}},"loc":{"start":{"line":22,"column":37},"end":{"line":22,"column":74}},"line":22},"6":{"name":"(anonymous_6)","decl":{"start":{"line":24,"column":35},"end":{"line":24,"column":36}},"loc":{"start":{"line":24,"column":49},"end":{"line":24,"column":86}},"line":24},"7":{"name":"(anonymous_7)","decl":{"start":{"line":26,"column":24},"end":{"line":26,"column":25}},"loc":{"start":{"line":26,"column":38},"end":{"line":26,"column":55}},"line":26}},"branchMap":{"0":{"loc":{"start":{"line":7,"column":4},"end":{"line":9,"column":5}},"type":"if","locations":[{"start":{"line":7,"column":4},"end":{"line":9,"column":5}},{"start":{},"end":{}}],"line":7}},"s":{"0":9,"1":9,"2":30,"3":9,"4":2,"5":2,"6":1,"7":1,"8":1,"9":9,"10":30,"11":9,"12":3,"13":9,"14":2,"15":9,"16":4,"17":9,"18":3,"19":9,"20":2,"21":9},"f":{"0":30,"1":2,"2":30,"3":3,"4":2,"5":4,"6":3,"7":2},"b":{"0":[1,1]},"_coverageSchema":"1a1c01bbd47fc00a2c39e90264f33305004495a9","hash":"34f9c361cf8e0ce1d5173116a7ea44b1568fc225"}
,"H:\\Desarrollo Full Stack\\6. Backend III\\proyecto Nuevo\\src\\docs\\swagger.js": {"path":"H:\\Desarrollo Full Stack\\6. Backend III\\proyecto Nuevo\\src\\docs\\swagger.js","statementMap":{"0":{"start":{"line":1,"column":21},"end":{"line":1,"column":45}},"1":{"start":{"line":3,"column":16},"end":{"line":73,"column":1}},"2":{"start":{"line":75,"column":20},"end":{"line":75,"column":41}},"3":{"start":{"line":77,"column":0},"end":{"line":77,"column":29}}},"fnMap":{},"branchMap":{},"s":{"0":4,"1":4,"2":4,"3":4},"f":{},"b":{},"_coverageSchema":"1a1c01bbd47fc00a2c39e90264f33305004495a9","hash":"f17c3e9a53353ab927fd81ff8408e20128b05ec4"}
,"H:\\Desarrollo Full Stack\\6. Backend III\\proyecto Nuevo\\src\\middlewares\\auth.middleware.js": {"path":"H:\\Desarrollo Full Stack\\6. Backend III\\proyecto Nuevo\\src\\middlewares\\auth.middleware.js","statementMap":{"0":{"start":{"line":1,"column":12},"end":{"line":1,"column":35}},"1":{"start":{"line":2,"column":13},"end":{"line":2,"column":38}},"2":{"start":{"line":4,"column":16},"end":{"line":29,"column":1}},"3":{"start":{"line":5,"column":4},"end":{"line":28,"column":5}},"4":{"start":{"line":6,"column":27},"end":{"line":6,"column":52}},"5":{"start":{"line":7,"column":20},"end":{"line":7,"column":37}},"6":{"start":{"line":9,"column":8},"end":{"line":11,"column":9}},"7":{"start":{"line":10,"column":12},"end":{"line":10,"column":45}},"8":{"start":{"line":13,"column":8},"end":{"line":15,"column":9}},"9":{"start":{"line":14,"column":12},"end":{"line":14,"column":88}},"10":{"start":{"line":17,"column":24},"end":{"line":17,"column":65}},"11":{"start":{"line":18,"column":21},"end":{"line":18,"column":72}},"12":{"start":{"line":20,"column":8},"end":{"line":22,"column":9}},"13":{"start":{"line":21,"column":12},"end":{"line":21,"column":94}},"14":{"start":{"line":24,"column":8},"end":{"line":24,"column":24}},"15":{"start":{"line":25,"column":8},"end":{"line":25,"column":22}},"16":{"start":{"line":27,"column":8},"end":{"line":27,"column":79}},"17":{"start":{"line":31,"column":18},"end":{"line":37,"column":1}},"18":{"start":{"line":31,"column":32},"end":{"line":37,"column":1}},"19":{"start":{"line":32,"column":4},"end":{"line":34,"column":5}},"20":{"start":{"line":33,"column":8},"end":{"line":33,"column":89}},"21":{"start":{"line":36,"column":4},"end":{"line":36,"column":18}},"22":{"start":{"line":39,"column":0},"end":{"line":42,"column":2}}},"fnMap":{"0":{"name":"(anonymous_0)","decl":{"start":{"line":4,"column":16},"end":{"line":4,"column":17}},"loc":{"start":{"line":4,"column":42},"end":{"line":29,"column":1}},"line":4},"1":{"name":"(anonymous_1)","decl":{"start":{"line":31,"column":18},"end":{"line":31,"column":19}},"loc":{"start":{"line":31,"column":32},"end":{"line":37,"column":1}},"line":31},"2":{"name":"(anonymous_2)","decl":{"start":{"line":31,"column":32},"end":{"line":31,"column":33}},"loc":{"start":{"line":31,"column":52},"end":{"line":37,"column":1}},"line":31}},"branchMap":{"0":{"loc":{"start":{"line":9,"column":8},"end":{"line":11,"column":9}},"type":"if","locations":[{"start":{"line":9,"column":8},"end":{"line":11,"column":9}},{"start":{},"end":{}}],"line":9},"1":{"loc":{"start":{"line":9,"column":12},"end":{"line":9,"column":68}},"type":"binary-expr","locations":[{"start":{"line":9,"column":12},"end":{"line":9,"column":18}},{"start":{"line":9,"column":22},"end":{"line":9,"column":32}},{"start":{"line":9,"column":36},"end":{"line":9,"column":68}}],"line":9},"2":{"loc":{"start":{"line":13,"column":8},"end":{"line":15,"column":9}},"type":"if","locations":[{"start":{"line":13,"column":8},"end":{"line":15,"column":9}},{"start":{},"end":{}}],"line":13},"3":{"loc":{"start":{"line":20,"column":8},"end":{"line":22,"column":9}},"type":"if","locations":[{"start":{"line":20,"column":8},"end":{"line":22,"column":9}},{"start":{},"end":{}}],"line":20},"4":{"loc":{"start":{"line":32,"column":4},"end":{"line":34,"column":5}},"type":"if","locations":[{"start":{"line":32,"column":4},"end":{"line":34,"column":5}},{"start":{},"end":{}}],"line":32},"5":{"loc":{"start":{"line":32,"column":8},"end":{"line":32,"column":51}},"type":"binary-expr","locations":[{"start":{"line":32,"column":8},"end":{"line":32,"column":17}},{"start":{"line":32,"column":21},"end":{"line":32,"column":51}}],"line":32}},"s":{"0":5,"1":5,"2":5,"3":29,"4":29,"5":29,"6":29,"7":25,"8":29,"9":4,"10":25,"11":24,"12":24,"13":1,"14":23,"15":23,"16":1,"17":5,"18":33,"19":22,"20":5,"21":17,"22":5},"f":{"0":29,"1":33,"2":22},"b":{"0":[25,4],"1":[29,29,25],"2":[4,25],"3":[1,23],"4":[5,17],"5":[22,22]},"_coverageSchema":"1a1c01bbd47fc00a2c39e90264f33305004495a9","hash":"043dcee5d970536c14aee5ba5c8e4aaded12ecaf"}
,"H:\\Desarrollo Full Stack\\6. Backend III\\proyecto Nuevo\\src\\middlewares\\error.middleware.js": {"path":"H:\\Desarrollo Full Stack\\6. Backend III\\proyecto Nuevo\\src\\middlewares\\error.middleware.js","statementMap":{"0":{"start":{"line":1,"column":17},"end":{"line":5,"column":1}},"1":{"start":{"line":2,"column":18},"end":{"line":2,"column":69}},"2":{"start":{"line":3,"column":4},"end":{"line":3,"column":20}},"3":{"start":{"line":4,"column":4},"end":{"line":4,"column":16}},"4":{"start":{"line":7,"column":21},"end":{"line":25,"column":1}},"5":{"start":{"line":8,"column":21},"end":{"line":8,"column":66}},"6":{"start":{"line":9,"column":18},"end":{"line":9,"column":29}},"7":{"start":{"line":11,"column":4},"end":{"line":14,"column":5}},"8":{"start":{"line":12,"column":8},"end":{"line":12,"column":25}},"9":{"start":{"line":13,"column":8},"end":{"line":13,"column":32}},"10":{"start":{"line":16,"column":4},"end":{"line":19,"column":5}},"11":{"start":{"line":17,"column":8},"end":{"line":17,"column":25}},"12":{"start":{"line":18,"column":8},"end":{"line":18,"column":62}},"13":{"start":{"line":21,"column":4},"end":{"line":24,"column":7}},"14":{"start":{"line":27,"column":0},"end":{"line":30,"column":2}}},"fnMap":{"0":{"name":"(anonymous_0)","decl":{"start":{"line":1,"column":17},"end":{"line":1,"column":18}},"loc":{"start":{"line":1,"column":37},"end":{"line":5,"column":1}},"line":1},"1":{"name":"(anonymous_1)","decl":{"start":{"line":7,"column":21},"end":{"line":7,"column":22}},"loc":{"start":{"line":7,"column":46},"end":{"line":25,"column":1}},"line":7}},"branchMap":{"0":{"loc":{"start":{"line":8,"column":21},"end":{"line":8,"column":66}},"type":"cond-expr","locations":[{"start":{"line":8,"column":46},"end":{"line":8,"column":49}},{"start":{"line":8,"column":52},"end":{"line":8,"column":66}}],"line":8},"1":{"loc":{"start":{"line":11,"column":4},"end":{"line":14,"column":5}},"type":"if","locations":[{"start":{"line":11,"column":4},"end":{"line":14,"column":5}},{"start":{},"end":{}}],"line":11},"2":{"loc":{"start":{"line":16,"column":4},"end":{"line":19,"column":5}},"type":"if","locations":[{"start":{"line":16,"column":4},"end":{"line":19,"column":5}},{"start":{},"end":{}}],"line":16},"3":{"loc":{"start":{"line":23,"column":15},"end":{"line":23,"column":76}},"type":"cond-expr","locations":[{"start":{"line":23,"column":55},"end":{"line":23,"column":64}},{"start":{"line":23,"column":67},"end":{"line":23,"column":76}}],"line":23}},"s":{"0":5,"1":1,"2":1,"3":1,"4":5,"5":6,"6":6,"7":6,"8":3,"9":3,"10":6,"11":1,"12":1,"13":6,"14":5},"f":{"0":1,"1":6},"b":{"0":[5,1],"1":[3,3],"2":[1,5],"3":[1,5]},"_coverageSchema":"1a1c01bbd47fc00a2c39e90264f33305004495a9","hash":"477779291f0f5bbd6c02e1f82bb957c03cb2bc63"}
,"H:\\Desarrollo Full Stack\\6. Backend III\\proyecto Nuevo\\src\\models\\Product.js": {"path":"H:\\Desarrollo Full Stack\\6. Backend III\\proyecto Nuevo\\src\\models\\Product.js","statementMap":{"0":{"start":{"line":1,"column":17},"end":{"line":1,"column":36}},"1":{"start":{"line":3,"column":22},"end":{"line":24,"column":1}},"2":{"start":{"line":26,"column":0},"end":{"line":26,"column":58}}},"fnMap":{},"branchMap":{},"s":{"0":9,"1":9,"2":9},"f":{},"b":{},"_coverageSchema":"1a1c01bbd47fc00a2c39e90264f33305004495a9","hash":"77dc22bac90568e1e93bd53875b8c1f50f061301"}
,"H:\\Desarrollo Full Stack\\6. Backend III\\proyecto Nuevo\\src\\models\\User.js": {"path":"H:\\Desarrollo Full Stack\\6. Backend III\\proyecto Nuevo\\src\\models\\User.js","statementMap":{"0":{"start":{"line":1,"column":17},"end":{"line":1,"column":36}},"1":{"start":{"line":2,"column":42},"end":{"line":2,"column":66}},"2":{"start":{"line":4,"column":19},"end":{"line":33,"column":1}},"3":{"start":{"line":35,"column":0},"end":{"line":42,"column":3}},"4":{"start":{"line":36,"column":4},"end":{"line":38,"column":5}},"5":{"start":{"line":37,"column":8},"end":{"line":37,"column":15}},"6":{"start":{"line":40,"column":4},"end":{"line":40,"column":54}},"7":{"start":{"line":41,"column":4},"end":{"line":41,"column":11}},"8":{"start":{"line":44,"column":0},"end":{"line":46,"column":2}},"9":{"start":{"line":45,"column":4},"end":{"line":45,"column":57}},"10":{"start":{"line":48,"column":0},"end":{"line":48,"column":52}}},"fnMap":{"0":{"name":"saveHook","decl":{"start":{"line":35,"column":38},"end":{"line":35,"column":46}},"loc":{"start":{"line":35,"column":49},"end":{"line":42,"column":1}},"line":35},"1":{"name":"matchPassword","decl":{"start":{"line":44,"column":50},"end":{"line":44,"column":63}},"loc":{"start":{"line":44,"column":79},"end":{"line":46,"column":1}},"line":44}},"branchMap":{"0":{"loc":{"start":{"line":36,"column":4},"end":{"line":38,"column":5}},"type":"if","locations":[{"start":{"line":36,"column":4},"end":{"line":38,"column":5}},{"start":{},"end":{}}],"line":36}},"s":{"0":10,"1":10,"2":10,"3":10,"4":33,"5":1,"6":32,"7":32,"8":10,"9":2,"10":10},"f":{"0":33,"1":2},"b":{"0":[1,32]},"_coverageSchema":"1a1c01bbd47fc00a2c39e90264f33305004495a9","hash":"4f7b822b41e581ec7b1c2058211567d5d419c14a"}
,"H:\\Desarrollo Full Stack\\6. Backend III\\proyecto Nuevo\\src\\routes\\adoption.router.js": {"path":"H:\\Desarrollo Full Stack\\6. Backend III\\proyecto Nuevo\\src\\routes\\adoption.router.js","statementMap":{"0":{"start":{"line":1,"column":16},"end":{"line":1,"column":34}},"1":{"start":{"line":2,"column":19},"end":{"line":2,"column":43}},"2":{"start":{"line":3,"column":19},"end":{"line":3,"column":43}},"3":{"start":{"line":4,"column":22},"end":{"line":4,"column":49}},"4":{"start":{"line":6,"column":15},"end":{"line":6,"column":31}},"5":{"start":{"line":8,"column":0},"end":{"line":10,"column":3}},"6":{"start":{"line":9,"column":4},"end":{"line":9,"column":86}},"7":{"start":{"line":12,"column":0},"end":{"line":12,"column":32}},"8":{"start":{"line":13,"column":0},"end":{"line":13,"column":33}},"9":{"start":{"line":14,"column":0},"end":{"line":14,"column":39}},"10":{"start":{"line":16,"column":0},"end":{"line":16,"column":24}}},"fnMap":{"0":{"name":"(anonymous_0)","decl":{"start":{"line":8,"column":22},"end":{"line":8,"column":23}},"loc":{"start":{"line":8,"column":36},"end":{"line":10,"column":1}},"line":8}},"branchMap":{},"s":{"0":4,"1":4,"2":4,"3":4,"4":4,"5":4,"6":1,"7":4,"8":4,"9":4,"10":4},"f":{"0":1},"b":{},"_coverageSchema":"1a1c01bbd47fc00a2c39e90264f33305004495a9","hash":"73beb78fd991782fe6ca4f9b8332ed7097dbac38"}
,"H:\\Desarrollo Full Stack\\6. Backend III\\proyecto Nuevo\\src\\routes\\auth.routes.js": {"path":"H:\\Desarrollo Full Stack\\6. Backend III\\proyecto Nuevo\\src\\routes\\auth.routes.js","statementMap":{"0":{"start":{"line":1,"column":16},"end":{"line":1,"column":34}},"1":{"start":{"line":2,"column":40},"end":{"line":2,"column":81}},"2":{"start":{"line":3,"column":20},"end":{"line":3,"column":61}},"3":{"start":{"line":5,"column":15},"end":{"line":5,"column":31}},"4":{"start":{"line":50,"column":0},"end":{"line":50,"column":35}},"5":{"start":{"line":98,"column":0},"end":{"line":98,"column":29}},"6":{"start":{"line":125,"column":0},"end":{"line":125,"column":31}},"7":{"start":{"line":150,"column":0},"end":{"line":150,"column":40}},"8":{"start":{"line":152,"column":0},"end":{"line":152,"column":24}}},"fnMap":{},"branchMap":{},"s":{"0":4,"1":4,"2":4,"3":4,"4":4,"5":4,"6":4,"7":4,"8":4},"f":{},"b":{},"_coverageSchema":"1a1c01bbd47fc00a2c39e90264f33305004495a9","hash":"2f0ed9361931a7d53ae7107b590044af3c190510"}
,"H:\\Desarrollo Full Stack\\6. Backend III\\proyecto Nuevo\\src\\routes\\index.js": {"path":"H:\\Desarrollo Full Stack\\6. Backend III\\proyecto Nuevo\\src\\routes\\index.js","statementMap":{"0":{"start":{"line":1,"column":0},"end":{"line":1,"column":46}}},"fnMap":{},"branchMap":{},"s":{"0":4},"f":{},"b":{},"_coverageSchema":"1a1c01bbd47fc00a2c39e90264f33305004495a9","hash":"8e2413dec976e5095583dee6b0a5d7723a3b0645"}
,"H:\\Desarrollo Full Stack\\6. Backend III\\proyecto Nuevo\\src\\routes\\product.routes.js": {"path":"H:\\Desarrollo Full Stack\\6. Backend III\\proyecto Nuevo\\src\\routes\\product.routes.js","statementMap":{"0":{"start":{"line":1,"column":16},"end":{"line":1,"column":34}},"1":{"start":{"line":8,"column":4},"end":{"line":8,"column":48}},"2":{"start":{"line":9,"column":31},"end":{"line":9,"column":72}},"3":{"start":{"line":11,"column":15},"end":{"line":11,"column":31}},"4":{"start":{"line":25,"column":0},"end":{"line":25,"column":29}},"5":{"start":{"line":83,"column":0},"end":{"line":83,"column":61}},"6":{"start":{"line":115,"column":0},"end":{"line":115,"column":35}},"7":{"start":{"line":167,"column":0},"end":{"line":167,"column":63}},"8":{"start":{"line":207,"column":0},"end":{"line":207,"column":66}},"9":{"start":{"line":209,"column":0},"end":{"line":209,"column":24}}},"fnMap":{},"branchMap":{},"s":{"0":4,"1":4,"2":4,"3":4,"4":4,"5":4,"6":4,"7":4,"8":4,"9":4},"f":{},"b":{},"_coverageSchema":"1a1c01bbd47fc00a2c39e90264f33305004495a9","hash":"7b75af35ab1b042967e64a8e8cf5974f4efa49ea"}
,"H:\\Desarrollo Full Stack\\6. Backend III\\proyecto Nuevo\\src\\routes\\user.routes.js": {"path":"H:\\Desarrollo Full Stack\\6. Backend III\\proyecto Nuevo\\src\\routes\\user.routes.js","statementMap":{"0":{"start":{"line":1,"column":16},"end":{"line":1,"column":34}},"1":{"start":{"line":8,"column":4},"end":{"line":8,"column":45}},"2":{"start":{"line":9,"column":31},"end":{"line":9,"column":72}},"3":{"start":{"line":11,"column":15},"end":{"line":11,"column":31}},"4":{"start":{"line":74,"column":0},"end":{"line":74,"column":58}},"5":{"start":{"line":102,"column":0},"end":{"line":102,"column":55}},"6":{"start":{"line":148,"column":0},"end":{"line":148,"column":61}},"7":{"start":{"line":205,"column":0},"end":{"line":205,"column":60}},"8":{"start":{"line":245,"column":0},"end":{"line":245,"column":63}},"9":{"start":{"line":247,"column":0},"end":{"line":247,"column":24}}},"fnMap":{},"branchMap":{},"s":{"0":4,"1":4,"2":4,"3":4,"4":4,"5":4,"6":4,"7":4,"8":4,"9":4},"f":{},"b":{},"_coverageSchema":"1a1c01bbd47fc00a2c39e90264f33305004495a9","hash":"cec418890b2cba9ab3c171f5cf23f87e74ede70b"}
,"H:\\Desarrollo Full Stack\\6. Backend III\\proyecto Nuevo\\src\\utils\\hash.js": {"path":"H:\\Desarrollo Full Stack\\6. Backend III\\proyecto Nuevo\\src\\utils\\hash.js","statementMap":{"0":{"start":{"line":1,"column":15},"end":{"line":1,"column":32}},"1":{"start":{"line":3,"column":21},"end":{"line":6,"column":1}},"2":{"start":{"line":4,"column":17},"end":{"line":4,"column":41}},"3":{"start":{"line":5,"column":4},"end":{"line":5,"column":39}},"4":{"start":{"line":8,"column":24},"end":{"line":9,"column":49}},"5":{"start":{"line":9,"column":4},"end":{"line":9,"column":49}},"6":{"start":{"line":11,"column":0},"end":{"line":14,"column":2}}},"fnMap":{"0":{"name":"(anonymous_0)","decl":{"start":{"line":3,"column":21},"end":{"line":3,"column":22}},"loc":{"start":{"line":3,"column":41},"end":{"line":6,"column":1}},"line":3},"1":{"name":"(anonymous_1)","decl":{"start":{"line":8,"column":24},"end":{"line":8,"column":25}},"loc":{"start":{"line":9,"column":4},"end":{"line":9,"column":49}},"line":9}},"branchMap":{},"s":{"0":10,"1":10,"2":32,"3":32,"4":10,"5":2,"6":10},"f":{"0":32,"1":2},"b":{},"_coverageSchema":"1a1c01bbd47fc00a2c39e90264f33305004495a9","hash":"9912d329f6749b65fe6350b9727f9ed9ade97acf"}
,"H:\\Desarrollo Full Stack\\6. Backend III\\proyecto Nuevo\\src\\utils\\response.js": {"path":"H:\\Desarrollo Full Stack\\6. Backend III\\proyecto Nuevo\\src\\utils\\response.js","statementMap":{"0":{"start":{"line":1,"column":22},"end":{"line":5,"column":2}},"1":{"start":{"line":1,"column":59},"end":{"line":5,"column":1}},"2":{"start":{"line":7,"column":21},"end":{"line":10,"column":1}},"3":{"start":{"line":8,"column":21},"end":{"line":8,"column":43}},"4":{"start":{"line":9,"column":4},"end":{"line":9,"column":49}},"5":{"start":{"line":12,"column":0},"end":{"line":15,"column":2}}},"fnMap":{"0":{"name":"(anonymous_0)","decl":{"start":{"line":1,"column":22},"end":{"line":1,"column":23}},"loc":{"start":{"line":1,"column":59},"end":{"line":5,"column":1}},"line":1},"1":{"name":"(anonymous_1)","decl":{"start":{"line":7,"column":21},"end":{"line":7,"column":22}},"loc":{"start":{"line":7,"column":51},"end":{"line":10,"column":1}},"line":7}},"branchMap":{"0":{"loc":{"start":{"line":1,"column":40},"end":{"line":1,"column":51}},"type":"default-arg","locations":[{"start":{"line":1,"column":47},"end":{"line":1,"column":51}}],"line":1},"1":{"loc":{"start":{"line":3,"column":8},"end":{"line":3,"column":42}},"type":"cond-expr","locations":[{"start":{"line":3,"column":29},"end":{"line":3,"column":37}},{"start":{"line":3,"column":40},"end":{"line":3,"column":42}}],"line":3},"2":{"loc":{"start":{"line":4,"column":8},"end":{"line":4,"column":28}},"type":"cond-expr","locations":[{"start":{"line":4,"column":15},"end":{"line":4,"column":23}},{"start":{"line":4,"column":26},"end":{"line":4,"column":28}}],"line":4}},"s":{"0":6,"1":21,"2":6,"3":20,"4":20,"5":6},"f":{"0":21,"1":20},"b":{"0":[21],"1":[12,9],"2":[0,21]},"_coverageSchema":"1a1c01bbd47fc00a2c39e90264f33305004495a9","hash":"85ed77fb07d0cede6b2d0a2a95a6470c362814a6"}
}
