{"H:\\Desarrollo Full Stack\\6. Backend III\\proyecto Nuevo\\src\\app.js": {"path":"H:\\Desarrollo Full Stack\\6. Backend III\\proyecto Nuevo\\src\\app.js","statementMap":{"0":{"start":{"line":1,"column":16},"end":{"line":1,"column":34}},"1":{"start":{"line":2,"column":21},"end":{"line":2,"column":45}},"2":{"start":{"line":3,"column":18},"end":{"line":3,"column":47}},"3":{"start":{"line":4,"column":20},"end":{"line":4,"column":45}},"4":{"start":{"line":5,"column":18},"end":{"line":5,"column":37}},"5":{"start":{"line":6,"column":15},"end":{"line":6,"column":40}},"6":{"start":{"line":7,"column":35},"end":{"line":7,"column":79}},"7":{"start":{"line":10,"column":15},"end":{"line":10,"column":58}},"8":{"start":{"line":10,"column":21},"end":{"line":10,"column":58}},"9":{"start":{"line":12,"column":12},"end":{"line":12,"column":21}},"10":{"start":{"line":14,"column":0},"end":{"line":14,"column":37}},"11":{"start":{"line":16,"column":0},"end":{"line":16,"column":24}},"12":{"start":{"line":17,"column":0},"end":{"line":17,"column":48}},"13":{"start":{"line":18,"column":0},"end":{"line":18,"column":24}},"14":{"start":{"line":20,"column":0},"end":{"line":39,"column":3}},"15":{"start":{"line":21,"column":22},"end":{"line":21,"column":32}},"16":{"start":{"line":23,"column":4},"end":{"line":27,"column":7}},"17":{"start":{"line":29,"column":4},"end":{"line":36,"column":7}},"18":{"start":{"line":30,"column":8},"end":{"line":35,"column":11}},"19":{"start":{"line":38,"column":4},"end":{"line":38,"column":11}},"20":{"start":{"line":41,"column":0},"end":{"line":43,"column":3}},"21":{"start":{"line":42,"column":4},"end":{"line":42,"column":67}},"22":{"start":{"line":45,"column":0},"end":{"line":47,"column":3}},"23":{"start":{"line":46,"column":4},"end":{"line":46,"column":86}},"24":{"start":{"line":49,"column":0},"end":{"line":55,"column":3}},"25":{"start":{"line":50,"column":4},"end":{"line":52,"column":5}},"26":{"start":{"line":51,"column":8},"end":{"line":51,"column":95}},"27":{"start":{"line":54,"column":4},"end":{"line":54,"column":18}},"28":{"start":{"line":57,"column":0},"end":{"line":57,"column":68}},"29":{"start":{"line":59,"column":0},"end":{"line":59,"column":27}},"30":{"start":{"line":61,"column":0},"end":{"line":61,"column":18}},"31":{"start":{"line":62,"column":0},"end":{"line":62,"column":22}},"32":{"start":{"line":64,"column":0},"end":{"line":64,"column":21}}},"fnMap":{"0":{"name":"(anonymous_0)","decl":{"start":{"line":10,"column":15},"end":{"line":10,"column":16}},"loc":{"start":{"line":10,"column":21},"end":{"line":10,"column":58}},"line":10},"1":{"name":"(anonymous_1)","decl":{"start":{"line":20,"column":8},"end":{"line":20,"column":9}},"loc":{"start":{"line":20,"column":28},"end":{"line":39,"column":1}},"line":20},"2":{"name":"(anonymous_2)","decl":{"start":{"line":29,"column":21},"end":{"line":29,"column":22}},"loc":{"start":{"line":29,"column":27},"end":{"line":36,"column":5}},"line":29},"3":{"name":"(anonymous_3)","decl":{"start":{"line":41,"column":13},"end":{"line":41,"column":14}},"loc":{"start":{"line":41,"column":27},"end":{"line":43,"column":1}},"line":41},"4":{"name":"(anonymous_4)","decl":{"start":{"line":45,"column":19},"end":{"line":45,"column":20}},"loc":{"start":{"line":45,"column":33},"end":{"line":47,"column":1}},"line":45},"5":{"name":"(anonymous_5)","decl":{"start":{"line":49,"column":21},"end":{"line":49,"column":22}},"loc":{"start":{"line":49,"column":41},"end":{"line":55,"column":1}},"line":49}},"branchMap":{"0":{"loc":{"start":{"line":50,"column":4},"end":{"line":52,"column":5}},"type":"if","locations":[{"start":{"line":50,"column":4},"end":{"line":52,"column":5}},{"start":{},"end":{}}],"line":50}},"s":{"0":5,"1":5,"2":5,"3":5,"4":5,"5":5,"6":5,"7":5,"8":2,"9":5,"10":5,"11":5,"12":5,"13":5,"14":5,"15":96,"16":96,"17":96,"18":96,"19":96,"20":5,"21":1,"22":5,"23":1,"24":5,"25":2,"26":1,"27":1,"28":5,"29":5,"30":5,"31":5,"32":5},"f":{"0":2,"1":96,"2":96,"3":1,"4":1,"5":2},"b":{"0":[1,1]},"_coverageSchema":"1a1c01bbd47fc00a2c39e90264f33305004495a9","hash":"d99f93a8d2f0890f27136d8f915027b9c96ec4be"}
,"H:\\Desarrollo Full Stack\\6. Backend III\\proyecto Nuevo\\src\\controllers\\auth.controller.js": {"path":"H:\\Desarrollo Full Stack\\6. Backend III\\proyecto Nuevo\\src\\controllers\\auth.controller.js","statementMap":{"0":{"start":{"line":1,"column":12},"end":{"line":1,"column":35}},"1":{"start":{"line":7,"column":4},"end":{"line":7,"column":21}},"2":{"start":{"line":9,"column":22},"end":{"line":12,"column":6}},"3":{"start":{"line":10,"column":4},"end":{"line":12,"column":6}},"4":{"start":{"line":14,"column":22},"end":{"line":19,"column":1}},"5":{"start":{"line":21,"column":17},"end":{"line":57,"column":1}},"6":{"start":{"line":22,"column":4},"end":{"line":56,"column":5}},"7":{"start":{"line":23,"column":48},"end":{"line":23,"column":56}},"8":{"start":{"line":25,"column":8},"end":{"line":27,"column":9}},"9":{"start":{"line":26,"column":12},"end":{"line":26,"column":97}},"10":{"start":{"line":29,"column":23},"end":{"line":29,"column":54}},"11":{"start":{"line":30,"column":8},"end":{"line":32,"column":9}},"12":{"start":{"line":31,"column":12},"end":{"line":31,"column":85}},"13":{"start":{"line":34,"column":21},"end":{"line":39,"column":10}},"14":{"start":{"line":41,"column":22},"end":{"line":41,"column":45}},"15":{"start":{"line":42,"column":8},"end":{"line":42,"column":50}},"16":{"start":{"line":44,"column":8},"end":{"line":53,"column":11}},"17":{"start":{"line":55,"column":8},"end":{"line":55,"column":27}},"18":{"start":{"line":59,"column":14},"end":{"line":93,"column":1}},"19":{"start":{"line":60,"column":4},"end":{"line":92,"column":5}},"20":{"start":{"line":61,"column":36},"end":{"line":61,"column":44}},"21":{"start":{"line":63,"column":8},"end":{"line":65,"column":9}},"22":{"start":{"line":64,"column":12},"end":{"line":64,"column":91}},"23":{"start":{"line":67,"column":21},"end":{"line":67,"column":64}},"24":{"start":{"line":68,"column":8},"end":{"line":70,"column":9}},"25":{"start":{"line":69,"column":12},"end":{"line":69,"column":80}},"26":{"start":{"line":72,"column":24},"end":{"line":72,"column":58}},"27":{"start":{"line":73,"column":8},"end":{"line":75,"column":9}},"28":{"start":{"line":74,"column":12},"end":{"line":74,"column":80}},"29":{"start":{"line":77,"column":22},"end":{"line":77,"column":45}},"30":{"start":{"line":78,"column":8},"end":{"line":78,"column":50}},"31":{"start":{"line":80,"column":8},"end":{"line":89,"column":11}},"32":{"start":{"line":91,"column":8},"end":{"line":91,"column":27}},"33":{"start":{"line":95,"column":11},"end":{"line":102,"column":1}},"34":{"start":{"line":96,"column":4},"end":{"line":101,"column":5}},"35":{"start":{"line":97,"column":21},"end":{"line":97,"column":55}},"36":{"start":{"line":98,"column":8},"end":{"line":98,"column":42}},"37":{"start":{"line":100,"column":8},"end":{"line":100,"column":27}},"38":{"start":{"line":104,"column":15},"end":{"line":107,"column":1}},"39":{"start":{"line":105,"column":4},"end":{"line":105,"column":44}},"40":{"start":{"line":106,"column":4},"end":{"line":106,"column":64}},"41":{"start":{"line":109,"column":0},"end":{"line":114,"column":2}}},"fnMap":{"0":{"name":"(anonymous_0)","decl":{"start":{"line":9,"column":22},"end":{"line":9,"column":23}},"loc":{"start":{"line":10,"column":4},"end":{"line":12,"column":6}},"line":10},"1":{"name":"(anonymous_1)","decl":{"start":{"line":21,"column":17},"end":{"line":21,"column":18}},"loc":{"start":{"line":21,"column":43},"end":{"line":57,"column":1}},"line":21},"2":{"name":"(anonymous_2)","decl":{"start":{"line":59,"column":14},"end":{"line":59,"column":15}},"loc":{"start":{"line":59,"column":40},"end":{"line":93,"column":1}},"line":59},"3":{"name":"(anonymous_3)","decl":{"start":{"line":95,"column":11},"end":{"line":95,"column":12}},"loc":{"start":{"line":95,"column":37},"end":{"line":102,"column":1}},"line":95},"4":{"name":"(anonymous_4)","decl":{"start":{"line":104,"column":15},"end":{"line":104,"column":16}},"loc":{"start":{"line":104,"column":29},"end":{"line":107,"column":1}},"line":104}},"branchMap":{"0":{"loc":{"start":{"line":11,"column":19},"end":{"line":11,"column":53}},"type":"binary-expr","locations":[{"start":{"line":11,"column":19},"end":{"line":11,"column":45}},{"start":{"line":11,"column":49},"end":{"line":11,"column":53}}],"line":11},"1":{"loc":{"start":{"line":25,"column":8},"end":{"line":27,"column":9}},"type":"if","locations":[{"start":{"line":25,"column":8},"end":{"line":27,"column":9}},{"start":{},"end":{}}],"line":25},"2":{"loc":{"start":{"line":25,"column":12},"end":{"line":25,"column":40}},"type":"binary-expr","locations":[{"start":{"line":25,"column":12},"end":{"line":25,"column":17}},{"start":{"line":25,"column":21},"end":{"line":25,"column":27}},{"start":{"line":25,"column":31},"end":{"line":25,"column":40}}],"line":25},"3":{"loc":{"start":{"line":30,"column":8},"end":{"line":32,"column":9}},"type":"if","locations":[{"start":{"line":30,"column":8},"end":{"line":32,"column":9}},{"start":{},"end":{}}],"line":30},"4":{"loc":{"start":{"line":38,"column":18},"end":{"line":38,"column":61}},"type":"cond-expr","locations":[{"start":{"line":38,"column":45},"end":{"line":38,"column":52}},{"start":{"line":38,"column":55},"end":{"line":38,"column":61}}],"line":38},"5":{"loc":{"start":{"line":38,"column":18},"end":{"line":38,"column":42}},"type":"binary-expr","locations":[{"start":{"line":38,"column":18},"end":{"line":38,"column":22}},{"start":{"line":38,"column":26},"end":{"line":38,"column":42}}],"line":38},"6":{"loc":{"start":{"line":63,"column":8},"end":{"line":65,"column":9}},"type":"if","locations":[{"start":{"line":63,"column":8},"end":{"line":65,"column":9}},{"start":{},"end":{}}],"line":63},"7":{"loc":{"start":{"line":63,"column":12},"end":{"line":63,"column":31}},"type":"binary-expr","locations":[{"start":{"line":63,"column":12},"end":{"line":63,"column":18}},{"start":{"line":63,"column":22},"end":{"line":63,"column":31}}],"line":63},"8":{"loc":{"start":{"line":68,"column":8},"end":{"line":70,"column":9}},"type":"if","locations":[{"start":{"line":68,"column":8},"end":{"line":70,"column":9}},{"start":{},"end":{}}],"line":68},"9":{"loc":{"start":{"line":73,"column":8},"end":{"line":75,"column":9}},"type":"if","locations":[{"start":{"line":73,"column":8},"end":{"line":75,"column":9}},{"start":{},"end":{}}],"line":73}},"s":{"0":6,"1":6,"2":6,"3":39,"4":6,"5":6,"6":41,"7":41,"8":41,"9":1,"10":40,"11":39,"12":1,"13":38,"14":38,"15":38,"16":38,"17":1,"18":6,"19":5,"20":5,"21":5,"22":1,"23":4,"24":3,"25":1,"26":2,"27":2,"28":1,"29":1,"30":1,"31":1,"32":1,"33":6,"34":2,"35":2,"36":1,"37":1,"38":6,"39":1,"40":1,"41":6},"f":{"0":39,"1":41,"2":5,"3":2,"4":1},"b":{"0":[39,1],"1":[1,40],"2":[41,40,40],"3":[1,38],"4":[17,21],"5":[38,22],"6":[1,4],"7":[5,5],"8":[1,2],"9":[1,1]},"_coverageSchema":"1a1c01bbd47fc00a2c39e90264f33305004495a9","hash":"19c81d3e228a307008ffb37d6021b947535572b5"}
,"H:\\Desarrollo Full Stack\\6. Backend III\\proyecto Nuevo\\src\\controllers\\cart.controller.js": {"path":"H:\\Desarrollo Full Stack\\6. Backend III\\proyecto Nuevo\\src\\controllers\\cart.controller.js","statementMap":{"0":{"start":{"line":1,"column":17},"end":{"line":1,"column":36}},"1":{"start":{"line":8,"column":4},"end":{"line":8,"column":21}},"2":{"start":{"line":10,"column":26},"end":{"line":23,"column":1}},"3":{"start":{"line":11,"column":18},"end":{"line":11,"column":62}},"4":{"start":{"line":12,"column":21},"end":{"line":12,"column":85}},"5":{"start":{"line":12,"column":49},"end":{"line":12,"column":81}},"6":{"start":{"line":14,"column":4},"end":{"line":22,"column":6}},"7":{"start":{"line":19,"column":51},"end":{"line":19,"column":70}},"8":{"start":{"line":25,"column":19},"end":{"line":70,"column":1}},"9":{"start":{"line":26,"column":4},"end":{"line":69,"column":5}},"10":{"start":{"line":27,"column":44},"end":{"line":27,"column":58}},"11":{"start":{"line":29,"column":8},"end":{"line":59,"column":9}},"12":{"start":{"line":30,"column":12},"end":{"line":32,"column":13}},"13":{"start":{"line":31,"column":16},"end":{"line":31,"column":72}},"14":{"start":{"line":34,"column":12},"end":{"line":36,"column":13}},"15":{"start":{"line":35,"column":16},"end":{"line":35,"column":99}},"16":{"start":{"line":38,"column":56},"end":{"line":38,"column":114}},"17":{"start":{"line":40,"column":12},"end":{"line":42,"column":13}},"18":{"start":{"line":41,"column":16},"end":{"line":41,"column":84}},"19":{"start":{"line":44,"column":12},"end":{"line":46,"column":13}},"20":{"start":{"line":45,"column":16},"end":{"line":45,"column":96}},"21":{"start":{"line":48,"column":12},"end":{"line":58,"column":15}},"22":{"start":{"line":55,"column":68},"end":{"line":55,"column":91}},"23":{"start":{"line":56,"column":67},"end":{"line":56,"column":107}},"24":{"start":{"line":61,"column":21},"end":{"line":61,"column":57}},"25":{"start":{"line":62,"column":8},"end":{"line":66,"column":11}},"26":{"start":{"line":68,"column":8},"end":{"line":68,"column":27}},"27":{"start":{"line":72,"column":16},"end":{"line":90,"column":1}},"28":{"start":{"line":73,"column":4},"end":{"line":89,"column":5}},"29":{"start":{"line":74,"column":27},"end":{"line":74,"column":37}},"30":{"start":{"line":76,"column":8},"end":{"line":78,"column":9}},"31":{"start":{"line":77,"column":12},"end":{"line":77,"column":79}},"32":{"start":{"line":80,"column":21},"end":{"line":80,"column":65}},"33":{"start":{"line":82,"column":8},"end":{"line":84,"column":9}},"34":{"start":{"line":83,"column":12},"end":{"line":83,"column":79}},"35":{"start":{"line":86,"column":8},"end":{"line":86,"column":61}},"36":{"start":{"line":88,"column":8},"end":{"line":88,"column":27}},"37":{"start":{"line":92,"column":22},"end":{"line":137,"column":1}},"38":{"start":{"line":93,"column":4},"end":{"line":136,"column":5}},"39":{"start":{"line":94,"column":27},"end":{"line":94,"column":37}},"40":{"start":{"line":95,"column":44},"end":{"line":95,"column":52}},"41":{"start":{"line":97,"column":8},"end":{"line":99,"column":9}},"42":{"start":{"line":98,"column":12},"end":{"line":98,"column":82}},"43":{"start":{"line":101,"column":8},"end":{"line":103,"column":9}},"44":{"start":{"line":102,"column":12},"end":{"line":102,"column":79}},"45":{"start":{"line":105,"column":8},"end":{"line":107,"column":9}},"46":{"start":{"line":106,"column":12},"end":{"line":106,"column":68}},"47":{"start":{"line":109,"column":8},"end":{"line":111,"column":9}},"48":{"start":{"line":110,"column":12},"end":{"line":110,"column":95}},"49":{"start":{"line":113,"column":52},"end":{"line":113,"column":118}},"50":{"start":{"line":115,"column":8},"end":{"line":117,"column":9}},"51":{"start":{"line":116,"column":12},"end":{"line":116,"column":80}},"52":{"start":{"line":119,"column":8},"end":{"line":121,"column":9}},"53":{"start":{"line":120,"column":12},"end":{"line":120,"column":92}},"54":{"start":{"line":123,"column":8},"end":{"line":133,"column":11}},"55":{"start":{"line":130,"column":64},"end":{"line":130,"column":87}},"56":{"start":{"line":131,"column":63},"end":{"line":131,"column":103}},"57":{"start":{"line":135,"column":8},"end":{"line":135,"column":27}},"58":{"start":{"line":139,"column":23},"end":{"line":177,"column":1}},"59":{"start":{"line":140,"column":4},"end":{"line":176,"column":5}},"60":{"start":{"line":141,"column":38},"end":{"line":141,"column":48}},"61":{"start":{"line":142,"column":29},"end":{"line":142,"column":37}},"62":{"start":{"line":144,"column":8},"end":{"line":146,"column":9}},"63":{"start":{"line":145,"column":12},"end":{"line":145,"column":79}},"64":{"start":{"line":148,"column":8},"end":{"line":150,"column":9}},"65":{"start":{"line":149,"column":12},"end":{"line":149,"column":68}},"66":{"start":{"line":152,"column":8},"end":{"line":154,"column":9}},"67":{"start":{"line":153,"column":12},"end":{"line":153,"column":95}},"68":{"start":{"line":156,"column":43},"end":{"line":156,"column":117}},"69":{"start":{"line":158,"column":8},"end":{"line":160,"column":9}},"70":{"start":{"line":159,"column":12},"end":{"line":159,"column":79}},"71":{"start":{"line":162,"column":8},"end":{"line":164,"column":9}},"72":{"start":{"line":163,"column":12},"end":{"line":163,"column":94}},"73":{"start":{"line":166,"column":8},"end":{"line":168,"column":9}},"74":{"start":{"line":167,"column":12},"end":{"line":167,"column":92}},"75":{"start":{"line":170,"column":8},"end":{"line":173,"column":11}},"76":{"start":{"line":175,"column":8},"end":{"line":175,"column":27}},"77":{"start":{"line":179,"column":23},"end":{"line":208,"column":1}},"78":{"start":{"line":180,"column":4},"end":{"line":207,"column":5}},"79":{"start":{"line":181,"column":38},"end":{"line":181,"column":48}},"80":{"start":{"line":183,"column":8},"end":{"line":185,"column":9}},"81":{"start":{"line":184,"column":12},"end":{"line":184,"column":79}},"82":{"start":{"line":187,"column":8},"end":{"line":189,"column":9}},"83":{"start":{"line":188,"column":12},"end":{"line":188,"column":68}},"84":{"start":{"line":191,"column":34},"end":{"line":191,"column":90}},"85":{"start":{"line":193,"column":8},"end":{"line":195,"column":9}},"86":{"start":{"line":194,"column":12},"end":{"line":194,"column":79}},"87":{"start":{"line":197,"column":8},"end":{"line":199,"column":9}},"88":{"start":{"line":198,"column":12},"end":{"line":198,"column":94}},"89":{"start":{"line":201,"column":8},"end":{"line":204,"column":11}},"90":{"start":{"line":206,"column":8},"end":{"line":206,"column":27}},"91":{"start":{"line":210,"column":18},"end":{"line":231,"column":1}},"92":{"start":{"line":211,"column":4},"end":{"line":230,"column":5}},"93":{"start":{"line":212,"column":27},"end":{"line":212,"column":37}},"94":{"start":{"line":214,"column":8},"end":{"line":216,"column":9}},"95":{"start":{"line":215,"column":12},"end":{"line":215,"column":79}},"96":{"start":{"line":218,"column":21},"end":{"line":218,"column":61}},"97":{"start":{"line":220,"column":8},"end":{"line":222,"column":9}},"98":{"start":{"line":221,"column":12},"end":{"line":221,"column":79}},"99":{"start":{"line":224,"column":8},"end":{"line":227,"column":11}},"100":{"start":{"line":229,"column":8},"end":{"line":229,"column":27}},"101":{"start":{"line":233,"column":0},"end":{"line":240,"column":2}}},"fnMap":{"0":{"name":"(anonymous_0)","decl":{"start":{"line":10,"column":26},"end":{"line":10,"column":27}},"loc":{"start":{"line":10,"column":36},"end":{"line":23,"column":1}},"line":10},"1":{"name":"(anonymous_1)","decl":{"start":{"line":12,"column":34},"end":{"line":12,"column":35}},"loc":{"start":{"line":12,"column":49},"end":{"line":12,"column":81}},"line":12},"2":{"name":"(anonymous_2)","decl":{"start":{"line":19,"column":36},"end":{"line":19,"column":37}},"loc":{"start":{"line":19,"column":51},"end":{"line":19,"column":70}},"line":19},"3":{"name":"(anonymous_3)","decl":{"start":{"line":25,"column":19},"end":{"line":25,"column":20}},"loc":{"start":{"line":25,"column":45},"end":{"line":70,"column":1}},"line":25},"4":{"name":"(anonymous_4)","decl":{"start":{"line":55,"column":49},"end":{"line":55,"column":50}},"loc":{"start":{"line":55,"column":68},"end":{"line":55,"column":91}},"line":55},"5":{"name":"(anonymous_5)","decl":{"start":{"line":56,"column":48},"end":{"line":56,"column":49}},"loc":{"start":{"line":56,"column":67},"end":{"line":56,"column":107}},"line":56},"6":{"name":"(anonymous_6)","decl":{"start":{"line":72,"column":16},"end":{"line":72,"column":17}},"loc":{"start":{"line":72,"column":42},"end":{"line":90,"column":1}},"line":72},"7":{"name":"(anonymous_7)","decl":{"start":{"line":92,"column":22},"end":{"line":92,"column":23}},"loc":{"start":{"line":92,"column":48},"end":{"line":137,"column":1}},"line":92},"8":{"name":"(anonymous_8)","decl":{"start":{"line":130,"column":45},"end":{"line":130,"column":46}},"loc":{"start":{"line":130,"column":64},"end":{"line":130,"column":87}},"line":130},"9":{"name":"(anonymous_9)","decl":{"start":{"line":131,"column":44},"end":{"line":131,"column":45}},"loc":{"start":{"line":131,"column":63},"end":{"line":131,"column":103}},"line":131},"10":{"name":"(anonymous_10)","decl":{"start":{"line":139,"column":23},"end":{"line":139,"column":24}},"loc":{"start":{"line":139,"column":49},"end":{"line":177,"column":1}},"line":139},"11":{"name":"(anonymous_11)","decl":{"start":{"line":179,"column":23},"end":{"line":179,"column":24}},"loc":{"start":{"line":179,"column":49},"end":{"line":208,"column":1}},"line":179},"12":{"name":"(anonymous_12)","decl":{"start":{"line":210,"column":18},"end":{"line":210,"column":19}},"loc":{"start":{"line":210,"column":44},"end":{"line":231,"column":1}},"line":210}},"branchMap":{"0":{"loc":{"start":{"line":11,"column":18},"end":{"line":11,"column":62}},"type":"cond-expr","locations":[{"start":{"line":11,"column":47},"end":{"line":11,"column":57}},{"start":{"line":11,"column":60},"end":{"line":11,"column":62}}],"line":11},"1":{"loc":{"start":{"line":27,"column":27},"end":{"line":27,"column":39}},"type":"default-arg","locations":[{"start":{"line":27,"column":38},"end":{"line":27,"column":39}}],"line":27},"2":{"loc":{"start":{"line":27,"column":44},"end":{"line":27,"column":58}},"type":"binary-expr","locations":[{"start":{"line":27,"column":44},"end":{"line":27,"column":52}},{"start":{"line":27,"column":56},"end":{"line":27,"column":58}}],"line":27},"3":{"loc":{"start":{"line":29,"column":8},"end":{"line":59,"column":9}},"type":"if","locations":[{"start":{"line":29,"column":8},"end":{"line":59,"column":9}},{"start":{},"end":{}}],"line":29},"4":{"loc":{"start":{"line":30,"column":12},"end":{"line":32,"column":13}},"type":"if","locations":[{"start":{"line":30,"column":12},"end":{"line":32,"column":13}},{"start":{},"end":{}}],"line":30},"5":{"loc":{"start":{"line":34,"column":12},"end":{"line":36,"column":13}},"type":"if","locations":[{"start":{"line":34,"column":12},"end":{"line":36,"column":13}},{"start":{},"end":{}}],"line":34},"6":{"loc":{"start":{"line":34,"column":16},"end":{"line":34,"column":59}},"type":"binary-expr","locations":[{"start":{"line":34,"column":16},"end":{"line":34,"column":43}},{"start":{"line":34,"column":47},"end":{"line":34,"column":59}}],"line":34},"7":{"loc":{"start":{"line":40,"column":12},"end":{"line":42,"column":13}},"type":"if","locations":[{"start":{"line":40,"column":12},"end":{"line":42,"column":13}},{"start":{},"end":{}}],"line":40},"8":{"loc":{"start":{"line":40,"column":16},"end":{"line":40,"column":33}},"type":"binary-expr","locations":[{"start":{"line":40,"column":16},"end":{"line":40,"column":21}},{"start":{"line":40,"column":25},"end":{"line":40,"column":33}}],"line":40},"9":{"loc":{"start":{"line":44,"column":12},"end":{"line":46,"column":13}},"type":"if","locations":[{"start":{"line":44,"column":12},"end":{"line":46,"column":13}},{"start":{},"end":{}}],"line":44},"10":{"loc":{"start":{"line":76,"column":8},"end":{"line":78,"column":9}},"type":"if","locations":[{"start":{"line":76,"column":8},"end":{"line":78,"column":9}},{"start":{},"end":{}}],"line":76},"11":{"loc":{"start":{"line":82,"column":8},"end":{"line":84,"column":9}},"type":"if","locations":[{"start":{"line":82,"column":8},"end":{"line":84,"column":9}},{"start":{},"end":{}}],"line":82},"12":{"loc":{"start":{"line":82,"column":12},"end":{"line":82,"column":51}},"type":"binary-expr","locations":[{"start":{"line":82,"column":12},"end":{"line":82,"column":17}},{"start":{"line":82,"column":21},"end":{"line":82,"column":51}}],"line":82},"13":{"loc":{"start":{"line":95,"column":27},"end":{"line":95,"column":39}},"type":"default-arg","locations":[{"start":{"line":95,"column":38},"end":{"line":95,"column":39}}],"line":95},"14":{"loc":{"start":{"line":97,"column":8},"end":{"line":99,"column":9}},"type":"if","locations":[{"start":{"line":97,"column":8},"end":{"line":99,"column":9}},{"start":{},"end":{}}],"line":97},"15":{"loc":{"start":{"line":101,"column":8},"end":{"line":103,"column":9}},"type":"if","locations":[{"start":{"line":101,"column":8},"end":{"line":103,"column":9}},{"start":{},"end":{}}],"line":101},"16":{"loc":{"start":{"line":105,"column":8},"end":{"line":107,"column":9}},"type":"if","locations":[{"start":{"line":105,"column":8},"end":{"line":107,"column":9}},{"start":{},"end":{}}],"line":105},"17":{"loc":{"start":{"line":109,"column":8},"end":{"line":111,"column":9}},"type":"if","locations":[{"start":{"line":109,"column":8},"end":{"line":111,"column":9}},{"start":{},"end":{}}],"line":109},"18":{"loc":{"start":{"line":109,"column":12},"end":{"line":109,"column":55}},"type":"binary-expr","locations":[{"start":{"line":109,"column":12},"end":{"line":109,"column":39}},{"start":{"line":109,"column":43},"end":{"line":109,"column":55}}],"line":109},"19":{"loc":{"start":{"line":115,"column":8},"end":{"line":117,"column":9}},"type":"if","locations":[{"start":{"line":115,"column":8},"end":{"line":117,"column":9}},{"start":{},"end":{}}],"line":115},"20":{"loc":{"start":{"line":115,"column":12},"end":{"line":115,"column":29}},"type":"binary-expr","locations":[{"start":{"line":115,"column":12},"end":{"line":115,"column":17}},{"start":{"line":115,"column":21},"end":{"line":115,"column":29}}],"line":115},"21":{"loc":{"start":{"line":119,"column":8},"end":{"line":121,"column":9}},"type":"if","locations":[{"start":{"line":119,"column":8},"end":{"line":121,"column":9}},{"start":{},"end":{}}],"line":119},"22":{"loc":{"start":{"line":144,"column":8},"end":{"line":146,"column":9}},"type":"if","locations":[{"start":{"line":144,"column":8},"end":{"line":146,"column":9}},{"start":{},"end":{}}],"line":144},"23":{"loc":{"start":{"line":148,"column":8},"end":{"line":150,"column":9}},"type":"if","locations":[{"start":{"line":148,"column":8},"end":{"line":150,"column":9}},{"start":{},"end":{}}],"line":148},"24":{"loc":{"start":{"line":152,"column":8},"end":{"line":154,"column":9}},"type":"if","locations":[{"start":{"line":152,"column":8},"end":{"line":154,"column":9}},{"start":{},"end":{}}],"line":152},"25":{"loc":{"start":{"line":152,"column":12},"end":{"line":152,"column":55}},"type":"binary-expr","locations":[{"start":{"line":152,"column":12},"end":{"line":152,"column":39}},{"start":{"line":152,"column":43},"end":{"line":152,"column":55}}],"line":152},"26":{"loc":{"start":{"line":158,"column":8},"end":{"line":160,"column":9}},"type":"if","locations":[{"start":{"line":158,"column":8},"end":{"line":160,"column":9}},{"start":{},"end":{}}],"line":158},"27":{"loc":{"start":{"line":158,"column":12},"end":{"line":158,"column":51}},"type":"binary-expr","locations":[{"start":{"line":158,"column":12},"end":{"line":158,"column":17}},{"start":{"line":158,"column":21},"end":{"line":158,"column":51}}],"line":158},"28":{"loc":{"start":{"line":162,"column":8},"end":{"line":164,"column":9}},"type":"if","locations":[{"start":{"line":162,"column":8},"end":{"line":164,"column":9}},{"start":{},"end":{}}],"line":162},"29":{"loc":{"start":{"line":166,"column":8},"end":{"line":168,"column":9}},"type":"if","locations":[{"start":{"line":166,"column":8},"end":{"line":168,"column":9}},{"start":{},"end":{}}],"line":166},"30":{"loc":{"start":{"line":183,"column":8},"end":{"line":185,"column":9}},"type":"if","locations":[{"start":{"line":183,"column":8},"end":{"line":185,"column":9}},{"start":{},"end":{}}],"line":183},"31":{"loc":{"start":{"line":187,"column":8},"end":{"line":189,"column":9}},"type":"if","locations":[{"start":{"line":187,"column":8},"end":{"line":189,"column":9}},{"start":{},"end":{}}],"line":187},"32":{"loc":{"start":{"line":193,"column":8},"end":{"line":195,"column":9}},"type":"if","locations":[{"start":{"line":193,"column":8},"end":{"line":195,"column":9}},{"start":{},"end":{}}],"line":193},"33":{"loc":{"start":{"line":193,"column":12},"end":{"line":193,"column":51}},"type":"binary-expr","locations":[{"start":{"line":193,"column":12},"end":{"line":193,"column":17}},{"start":{"line":193,"column":21},"end":{"line":193,"column":51}}],"line":193},"34":{"loc":{"start":{"line":197,"column":8},"end":{"line":199,"column":9}},"type":"if","locations":[{"start":{"line":197,"column":8},"end":{"line":199,"column":9}},{"start":{},"end":{}}],"line":197},"35":{"loc":{"start":{"line":214,"column":8},"end":{"line":216,"column":9}},"type":"if","locations":[{"start":{"line":214,"column":8},"end":{"line":216,"column":9}},{"start":{},"end":{}}],"line":214},"36":{"loc":{"start":{"line":220,"column":8},"end":{"line":222,"column":9}},"type":"if","locations":[{"start":{"line":220,"column":8},"end":{"line":222,"column":9}},{"start":{},"end":{}}],"line":220},"37":{"loc":{"start":{"line":220,"column":12},"end":{"line":220,"column":51}},"type":"binary-expr","locations":[{"start":{"line":220,"column":12},"end":{"line":220,"column":17}},{"start":{"line":220,"column":21},"end":{"line":220,"column":51}}],"line":220}},"s":{"0":6,"1":6,"2":6,"3":9,"4":9,"5":2,"6":9,"7":2,"8":6,"9":7,"10":7,"11":7,"12":1,"13":0,"14":1,"15":0,"16":1,"17":1,"18":0,"19":1,"20":0,"21":1,"22":1,"23":1,"24":6,"25":6,"26":0,"27":6,"28":0,"29":0,"30":0,"31":0,"32":0,"33":0,"34":0,"35":0,"36":0,"37":6,"38":8,"39":8,"40":8,"41":8,"42":0,"43":8,"44":0,"45":8,"46":0,"47":8,"48":0,"49":8,"50":8,"51":0,"52":8,"53":1,"54":7,"55":7,"56":7,"57":0,"58":6,"59":2,"60":2,"61":2,"62":2,"63":0,"64":2,"65":0,"66":2,"67":0,"68":2,"69":2,"70":0,"71":2,"72":0,"73":2,"74":0,"75":2,"76":0,"77":6,"78":1,"79":1,"80":1,"81":0,"82":1,"83":0,"84":1,"85":1,"86":0,"87":1,"88":0,"89":1,"90":0,"91":6,"92":0,"93":0,"94":0,"95":0,"96":0,"97":0,"98":0,"99":0,"100":0,"101":6},"f":{"0":9,"1":2,"2":2,"3":7,"4":1,"5":1,"6":0,"7":8,"8":7,"9":7,"10":2,"11":1,"12":0},"b":{"0":[9,0],"1":[6],"2":[7,6],"3":[1,6],"4":[0,1],"5":[0,1],"6":[1,1],"7":[0,1],"8":[1,1],"9":[0,1],"10":[0,0],"11":[0,0],"12":[0,0],"13":[0],"14":[0,8],"15":[0,8],"16":[0,8],"17":[0,8],"18":[8,8],"19":[0,8],"20":[8,8],"21":[1,7],"22":[0,2],"23":[0,2],"24":[0,2],"25":[2,2],"26":[0,2],"27":[2,2],"28":[0,2],"29":[0,2],"30":[0,1],"31":[0,1],"32":[0,1],"33":[1,1],"34":[0,1],"35":[0,0],"36":[0,0],"37":[0,0]},"_coverageSchema":"1a1c01bbd47fc00a2c39e90264f33305004495a9","hash":"a6b07e23b6ddedae049fadc60e4110dc606d95a6"}
,"H:\\Desarrollo Full Stack\\6. Backend III\\proyecto Nuevo\\src\\controllers\\product.controller.js": {"path":"H:\\Desarrollo Full Stack\\6. Backend III\\proyecto Nuevo\\src\\controllers\\product.controller.js","statementMap":{"0":{"start":{"line":1,"column":17},"end":{"line":1,"column":36}},"1":{"start":{"line":8,"column":4},"end":{"line":8,"column":21}},"2":{"start":{"line":10,"column":22},"end":{"line":31,"column":1}},"3":{"start":{"line":11,"column":4},"end":{"line":30,"column":5}},"4":{"start":{"line":12,"column":40},"end":{"line":12,"column":48}},"5":{"start":{"line":14,"column":8},"end":{"line":16,"column":9}},"6":{"start":{"line":15,"column":12},"end":{"line":15,"column":88}},"7":{"start":{"line":18,"column":24},"end":{"line":22,"column":10}},"8":{"start":{"line":24,"column":8},"end":{"line":27,"column":11}},"9":{"start":{"line":29,"column":8},"end":{"line":29,"column":27}},"10":{"start":{"line":33,"column":20},"end":{"line":43,"column":1}},"11":{"start":{"line":34,"column":4},"end":{"line":42,"column":5}},"12":{"start":{"line":35,"column":25},"end":{"line":35,"column":47}},"13":{"start":{"line":36,"column":8},"end":{"line":39,"column":11}},"14":{"start":{"line":41,"column":8},"end":{"line":41,"column":27}},"15":{"start":{"line":45,"column":23},"end":{"line":57,"column":1}},"16":{"start":{"line":46,"column":4},"end":{"line":56,"column":5}},"17":{"start":{"line":47,"column":24},"end":{"line":47,"column":62}},"18":{"start":{"line":49,"column":8},"end":{"line":51,"column":9}},"19":{"start":{"line":50,"column":12},"end":{"line":50,"column":80}},"20":{"start":{"line":53,"column":8},"end":{"line":53,"column":45}},"21":{"start":{"line":55,"column":8},"end":{"line":55,"column":27}},"22":{"start":{"line":59,"column":22},"end":{"line":79,"column":1}},"23":{"start":{"line":60,"column":4},"end":{"line":78,"column":5}},"24":{"start":{"line":61,"column":40},"end":{"line":61,"column":48}},"25":{"start":{"line":63,"column":24},"end":{"line":67,"column":10}},"26":{"start":{"line":68,"column":8},"end":{"line":70,"column":9}},"27":{"start":{"line":69,"column":12},"end":{"line":69,"column":80}},"28":{"start":{"line":72,"column":8},"end":{"line":75,"column":11}},"29":{"start":{"line":77,"column":8},"end":{"line":77,"column":27}},"30":{"start":{"line":81,"column":22},"end":{"line":97,"column":1}},"31":{"start":{"line":82,"column":4},"end":{"line":96,"column":5}},"32":{"start":{"line":83,"column":8},"end":{"line":85,"column":9}},"33":{"start":{"line":84,"column":12},"end":{"line":84,"column":80}},"34":{"start":{"line":87,"column":24},"end":{"line":87,"column":61}},"35":{"start":{"line":89,"column":8},"end":{"line":91,"column":9}},"36":{"start":{"line":90,"column":12},"end":{"line":90,"column":80}},"37":{"start":{"line":93,"column":8},"end":{"line":93,"column":72}},"38":{"start":{"line":95,"column":8},"end":{"line":95,"column":27}},"39":{"start":{"line":99,"column":0},"end":{"line":105,"column":2}}},"fnMap":{"0":{"name":"(anonymous_0)","decl":{"start":{"line":10,"column":22},"end":{"line":10,"column":23}},"loc":{"start":{"line":10,"column":48},"end":{"line":31,"column":1}},"line":10},"1":{"name":"(anonymous_1)","decl":{"start":{"line":33,"column":20},"end":{"line":33,"column":21}},"loc":{"start":{"line":33,"column":46},"end":{"line":43,"column":1}},"line":33},"2":{"name":"(anonymous_2)","decl":{"start":{"line":45,"column":23},"end":{"line":45,"column":24}},"loc":{"start":{"line":45,"column":49},"end":{"line":57,"column":1}},"line":45},"3":{"name":"(anonymous_3)","decl":{"start":{"line":59,"column":22},"end":{"line":59,"column":23}},"loc":{"start":{"line":59,"column":48},"end":{"line":79,"column":1}},"line":59},"4":{"name":"(anonymous_4)","decl":{"start":{"line":81,"column":22},"end":{"line":81,"column":23}},"loc":{"start":{"line":81,"column":48},"end":{"line":97,"column":1}},"line":81}},"branchMap":{"0":{"loc":{"start":{"line":14,"column":8},"end":{"line":16,"column":9}},"type":"if","locations":[{"start":{"line":14,"column":8},"end":{"line":16,"column":9}},{"start":{},"end":{}}],"line":14},"1":{"loc":{"start":{"line":14,"column":12},"end":{"line":14,"column":41}},"type":"binary-expr","locations":[{"start":{"line":14,"column":12},"end":{"line":14,"column":18}},{"start":{"line":14,"column":22},"end":{"line":14,"column":41}}],"line":14},"2":{"loc":{"start":{"line":49,"column":8},"end":{"line":51,"column":9}},"type":"if","locations":[{"start":{"line":49,"column":8},"end":{"line":51,"column":9}},{"start":{},"end":{}}],"line":49},"3":{"loc":{"start":{"line":64,"column":16},"end":{"line":64,"column":52}},"type":"cond-expr","locations":[{"start":{"line":64,"column":38},"end":{"line":64,"column":47}},{"start":{"line":64,"column":50},"end":{"line":64,"column":52}}],"line":64},"4":{"loc":{"start":{"line":65,"column":16},"end":{"line":65,"column":52}},"type":"cond-expr","locations":[{"start":{"line":65,"column":38},"end":{"line":65,"column":47}},{"start":{"line":65,"column":50},"end":{"line":65,"column":52}}],"line":65},"5":{"loc":{"start":{"line":66,"column":16},"end":{"line":66,"column":52}},"type":"cond-expr","locations":[{"start":{"line":66,"column":38},"end":{"line":66,"column":47}},{"start":{"line":66,"column":50},"end":{"line":66,"column":52}}],"line":66},"6":{"loc":{"start":{"line":68,"column":8},"end":{"line":70,"column":9}},"type":"if","locations":[{"start":{"line":68,"column":8},"end":{"line":70,"column":9}},{"start":{},"end":{}}],"line":68},"7":{"loc":{"start":{"line":83,"column":8},"end":{"line":85,"column":9}},"type":"if","locations":[{"start":{"line":83,"column":8},"end":{"line":85,"column":9}},{"start":{},"end":{}}],"line":83},"8":{"loc":{"start":{"line":89,"column":8},"end":{"line":91,"column":9}},"type":"if","locations":[{"start":{"line":89,"column":8},"end":{"line":91,"column":9}},{"start":{},"end":{}}],"line":89}},"s":{"0":6,"1":6,"2":6,"3":3,"4":3,"5":3,"6":1,"7":2,"8":1,"9":1,"10":6,"11":2,"12":2,"13":1,"14":1,"15":6,"16":4,"17":4,"18":2,"19":1,"20":1,"21":2,"22":6,"23":6,"24":6,"25":6,"26":4,"27":1,"28":3,"29":2,"30":6,"31":4,"32":4,"33":1,"34":3,"35":2,"36":1,"37":1,"38":1,"39":6},"f":{"0":3,"1":2,"2":4,"3":6,"4":4},"b":{"0":[1,2],"1":[3,2],"2":[1,1],"3":[2,4],"4":[4,2],"5":[1,5],"6":[1,3],"7":[1,3],"8":[1,1]},"_coverageSchema":"1a1c01bbd47fc00a2c39e90264f33305004495a9","hash":"d53646c3e8cb9b97179f169c8fc1953cc3c52a67"}
,"H:\\Desarrollo Full Stack\\6. Backend III\\proyecto Nuevo\\src\\controllers\\user.controller.js": {"path":"H:\\Desarrollo Full Stack\\6. Backend III\\proyecto Nuevo\\src\\controllers\\user.controller.js","statementMap":{"0":{"start":{"line":1,"column":17},"end":{"line":1,"column":36}},"1":{"start":{"line":9,"column":4},"end":{"line":9,"column":21}},"2":{"start":{"line":10,"column":25},"end":{"line":10,"column":56}},"3":{"start":{"line":12,"column":19},"end":{"line":46,"column":1}},"4":{"start":{"line":13,"column":4},"end":{"line":45,"column":5}},"5":{"start":{"line":14,"column":48},"end":{"line":14,"column":56}},"6":{"start":{"line":16,"column":8},"end":{"line":18,"column":9}},"7":{"start":{"line":17,"column":12},"end":{"line":17,"column":99}},"8":{"start":{"line":20,"column":23},"end":{"line":20,"column":54}},"9":{"start":{"line":21,"column":8},"end":{"line":23,"column":9}},"10":{"start":{"line":22,"column":12},"end":{"line":22,"column":87}},"11":{"start":{"line":25,"column":21},"end":{"line":30,"column":10}},"12":{"start":{"line":32,"column":8},"end":{"line":42,"column":11}},"13":{"start":{"line":44,"column":8},"end":{"line":44,"column":27}},"14":{"start":{"line":48,"column":17},"end":{"line":55,"column":1}},"15":{"start":{"line":49,"column":4},"end":{"line":54,"column":5}},"16":{"start":{"line":50,"column":22},"end":{"line":50,"column":41}},"17":{"start":{"line":51,"column":8},"end":{"line":51,"column":87}},"18":{"start":{"line":53,"column":8},"end":{"line":53,"column":27}},"19":{"start":{"line":57,"column":20},"end":{"line":69,"column":1}},"20":{"start":{"line":58,"column":4},"end":{"line":68,"column":5}},"21":{"start":{"line":59,"column":21},"end":{"line":59,"column":56}},"22":{"start":{"line":61,"column":8},"end":{"line":63,"column":9}},"23":{"start":{"line":62,"column":12},"end":{"line":62,"column":81}},"24":{"start":{"line":65,"column":8},"end":{"line":65,"column":84}},"25":{"start":{"line":67,"column":8},"end":{"line":67,"column":27}},"26":{"start":{"line":71,"column":19},"end":{"line":101,"column":1}},"27":{"start":{"line":72,"column":4},"end":{"line":100,"column":5}},"28":{"start":{"line":73,"column":48},"end":{"line":73,"column":56}},"29":{"start":{"line":75,"column":21},"end":{"line":75,"column":68}},"30":{"start":{"line":76,"column":8},"end":{"line":78,"column":9}},"31":{"start":{"line":77,"column":12},"end":{"line":77,"column":81}},"32":{"start":{"line":80,"column":8},"end":{"line":80,"column":49}},"33":{"start":{"line":80,"column":32},"end":{"line":80,"column":49}},"34":{"start":{"line":81,"column":8},"end":{"line":81,"column":52}},"35":{"start":{"line":81,"column":33},"end":{"line":81,"column":52}},"36":{"start":{"line":82,"column":8},"end":{"line":82,"column":61}},"37":{"start":{"line":82,"column":36},"end":{"line":82,"column":61}},"38":{"start":{"line":83,"column":8},"end":{"line":83,"column":85}},"39":{"start":{"line":83,"column":68},"end":{"line":83,"column":85}},"40":{"start":{"line":85,"column":8},"end":{"line":85,"column":26}},"41":{"start":{"line":87,"column":8},"end":{"line":97,"column":11}},"42":{"start":{"line":99,"column":8},"end":{"line":99,"column":27}},"43":{"start":{"line":103,"column":19},"end":{"line":121,"column":1}},"44":{"start":{"line":104,"column":4},"end":{"line":120,"column":5}},"45":{"start":{"line":105,"column":8},"end":{"line":107,"column":9}},"46":{"start":{"line":106,"column":12},"end":{"line":106,"column":81}},"47":{"start":{"line":109,"column":21},"end":{"line":109,"column":57}},"48":{"start":{"line":111,"column":8},"end":{"line":113,"column":9}},"49":{"start":{"line":112,"column":12},"end":{"line":112,"column":81}},"50":{"start":{"line":115,"column":8},"end":{"line":115,"column":31}},"51":{"start":{"line":117,"column":8},"end":{"line":117,"column":73}},"52":{"start":{"line":119,"column":8},"end":{"line":119,"column":27}},"53":{"start":{"line":123,"column":0},"end":{"line":129,"column":2}}},"fnMap":{"0":{"name":"(anonymous_0)","decl":{"start":{"line":12,"column":19},"end":{"line":12,"column":20}},"loc":{"start":{"line":12,"column":45},"end":{"line":46,"column":1}},"line":12},"1":{"name":"(anonymous_1)","decl":{"start":{"line":48,"column":17},"end":{"line":48,"column":18}},"loc":{"start":{"line":48,"column":43},"end":{"line":55,"column":1}},"line":48},"2":{"name":"(anonymous_2)","decl":{"start":{"line":57,"column":20},"end":{"line":57,"column":21}},"loc":{"start":{"line":57,"column":46},"end":{"line":69,"column":1}},"line":57},"3":{"name":"(anonymous_3)","decl":{"start":{"line":71,"column":19},"end":{"line":71,"column":20}},"loc":{"start":{"line":71,"column":45},"end":{"line":101,"column":1}},"line":71},"4":{"name":"(anonymous_4)","decl":{"start":{"line":103,"column":19},"end":{"line":103,"column":20}},"loc":{"start":{"line":103,"column":45},"end":{"line":121,"column":1}},"line":103}},"branchMap":{"0":{"loc":{"start":{"line":16,"column":8},"end":{"line":18,"column":9}},"type":"if","locations":[{"start":{"line":16,"column":8},"end":{"line":18,"column":9}},{"start":{},"end":{}}],"line":16},"1":{"loc":{"start":{"line":16,"column":12},"end":{"line":16,"column":40}},"type":"binary-expr","locations":[{"start":{"line":16,"column":12},"end":{"line":16,"column":17}},{"start":{"line":16,"column":21},"end":{"line":16,"column":27}},{"start":{"line":16,"column":31},"end":{"line":16,"column":40}}],"line":16},"2":{"loc":{"start":{"line":21,"column":8},"end":{"line":23,"column":9}},"type":"if","locations":[{"start":{"line":21,"column":8},"end":{"line":23,"column":9}},{"start":{},"end":{}}],"line":21},"3":{"loc":{"start":{"line":29,"column":18},"end":{"line":29,"column":61}},"type":"cond-expr","locations":[{"start":{"line":29,"column":45},"end":{"line":29,"column":52}},{"start":{"line":29,"column":55},"end":{"line":29,"column":61}}],"line":29},"4":{"loc":{"start":{"line":29,"column":18},"end":{"line":29,"column":42}},"type":"binary-expr","locations":[{"start":{"line":29,"column":18},"end":{"line":29,"column":22}},{"start":{"line":29,"column":26},"end":{"line":29,"column":42}}],"line":29},"5":{"loc":{"start":{"line":61,"column":8},"end":{"line":63,"column":9}},"type":"if","locations":[{"start":{"line":61,"column":8},"end":{"line":63,"column":9}},{"start":{},"end":{}}],"line":61},"6":{"loc":{"start":{"line":76,"column":8},"end":{"line":78,"column":9}},"type":"if","locations":[{"start":{"line":76,"column":8},"end":{"line":78,"column":9}},{"start":{},"end":{}}],"line":76},"7":{"loc":{"start":{"line":80,"column":8},"end":{"line":80,"column":49}},"type":"if","locations":[{"start":{"line":80,"column":8},"end":{"line":80,"column":49}},{"start":{},"end":{}}],"line":80},"8":{"loc":{"start":{"line":81,"column":8},"end":{"line":81,"column":52}},"type":"if","locations":[{"start":{"line":81,"column":8},"end":{"line":81,"column":52}},{"start":{},"end":{}}],"line":81},"9":{"loc":{"start":{"line":82,"column":8},"end":{"line":82,"column":61}},"type":"if","locations":[{"start":{"line":82,"column":8},"end":{"line":82,"column":61}},{"start":{},"end":{}}],"line":82},"10":{"loc":{"start":{"line":83,"column":8},"end":{"line":83,"column":85}},"type":"if","locations":[{"start":{"line":83,"column":8},"end":{"line":83,"column":85}},{"start":{},"end":{}}],"line":83},"11":{"loc":{"start":{"line":83,"column":12},"end":{"line":83,"column":66}},"type":"binary-expr","locations":[{"start":{"line":83,"column":12},"end":{"line":83,"column":30}},{"start":{"line":83,"column":34},"end":{"line":83,"column":66}}],"line":83},"12":{"loc":{"start":{"line":105,"column":8},"end":{"line":107,"column":9}},"type":"if","locations":[{"start":{"line":105,"column":8},"end":{"line":107,"column":9}},{"start":{},"end":{}}],"line":105},"13":{"loc":{"start":{"line":111,"column":8},"end":{"line":113,"column":9}},"type":"if","locations":[{"start":{"line":111,"column":8},"end":{"line":113,"column":9}},{"start":{},"end":{}}],"line":111}},"s":{"0":6,"1":6,"2":6,"3":6,"4":6,"5":6,"6":6,"7":1,"8":5,"9":4,"10":1,"11":3,"12":3,"13":1,"14":6,"15":3,"16":3,"17":2,"18":1,"19":6,"20":4,"21":4,"22":3,"23":2,"24":1,"25":1,"26":6,"27":6,"28":6,"29":6,"30":5,"31":1,"32":4,"33":2,"34":4,"35":1,"36":4,"37":1,"38":4,"39":1,"40":4,"41":4,"42":1,"43":6,"44":5,"45":5,"46":2,"47":3,"48":2,"49":1,"50":1,"51":1,"52":1,"53":6},"f":{"0":6,"1":3,"2":4,"3":6,"4":5},"b":{"0":[1,5],"1":[6,5,5],"2":[1,3],"3":[1,2],"4":[3,3],"5":[2,1],"6":[1,4],"7":[2,2],"8":[1,3],"9":[1,3],"10":[1,3],"11":[4,2],"12":[2,3],"13":[1,1]},"_coverageSchema":"1a1c01bbd47fc00a2c39e90264f33305004495a9","hash":"e3bef9414193e1760fcaa188d3e1218338550af2"}
,"H:\\Desarrollo Full Stack\\6. Backend III\\proyecto Nuevo\\src\\dao\\cart.dao.js": {"path":"H:\\Desarrollo Full Stack\\6. Backend III\\proyecto Nuevo\\src\\dao\\cart.dao.js","statementMap":{"0":{"start":{"line":1,"column":17},"end":{"line":1,"column":36}},"1":{"start":{"line":2,"column":13},"end":{"line":2,"column":41}},"2":{"start":{"line":3,"column":16},"end":{"line":3,"column":47}},"3":{"start":{"line":5,"column":25},"end":{"line":23,"column":1}},"4":{"start":{"line":6,"column":15},"end":{"line":6,"column":19}},"5":{"start":{"line":8,"column":4},"end":{"line":12,"column":5}},"6":{"start":{"line":9,"column":8},"end":{"line":9,"column":65}},"7":{"start":{"line":11,"column":8},"end":{"line":11,"column":52}},"8":{"start":{"line":14,"column":4},"end":{"line":20,"column":5}},"9":{"start":{"line":15,"column":8},"end":{"line":19,"column":9}},"10":{"start":{"line":16,"column":12},"end":{"line":16,"column":79}},"11":{"start":{"line":18,"column":12},"end":{"line":18,"column":66}},"12":{"start":{"line":22,"column":4},"end":{"line":22,"column":16}},"13":{"start":{"line":25,"column":26},"end":{"line":31,"column":1}},"14":{"start":{"line":26,"column":4},"end":{"line":28,"column":5}},"15":{"start":{"line":27,"column":8},"end":{"line":27,"column":59}},"16":{"start":{"line":30,"column":4},"end":{"line":30,"column":42}},"17":{"start":{"line":33,"column":26},"end":{"line":78,"column":1}},"18":{"start":{"line":34,"column":20},"end":{"line":34,"column":53}},"19":{"start":{"line":35,"column":4},"end":{"line":37,"column":5}},"20":{"start":{"line":36,"column":8},"end":{"line":36,"column":76}},"21":{"start":{"line":39,"column":15},"end":{"line":39,"column":54}},"22":{"start":{"line":40,"column":4},"end":{"line":42,"column":5}},"23":{"start":{"line":41,"column":8},"end":{"line":41,"column":54}},"24":{"start":{"line":44,"column":25},"end":{"line":44,"column":100}},"25":{"start":{"line":44,"column":51},"end":{"line":44,"column":99}},"26":{"start":{"line":45,"column":28},"end":{"line":45,"column":68}},"27":{"start":{"line":46,"column":18},"end":{"line":46,"column":44}},"28":{"start":{"line":48,"column":4},"end":{"line":50,"column":5}},"29":{"start":{"line":49,"column":8},"end":{"line":49,"column":79}},"30":{"start":{"line":52,"column":4},"end":{"line":56,"column":5}},"31":{"start":{"line":53,"column":8},"end":{"line":53,"column":31}},"32":{"start":{"line":54,"column":11},"end":{"line":56,"column":5}},"33":{"start":{"line":55,"column":8},"end":{"line":55,"column":41}},"34":{"start":{"line":58,"column":4},"end":{"line":67,"column":5}},"35":{"start":{"line":59,"column":8},"end":{"line":59,"column":41}},"36":{"start":{"line":61,"column":8},"end":{"line":66,"column":11}},"37":{"start":{"line":69,"column":4},"end":{"line":69,"column":25}},"38":{"start":{"line":70,"column":4},"end":{"line":70,"column":22}},"39":{"start":{"line":72,"column":4},"end":{"line":77,"column":6}},"40":{"start":{"line":74,"column":40},"end":{"line":74,"column":88}},"41":{"start":{"line":80,"column":34},"end":{"line":113,"column":1}},"42":{"start":{"line":81,"column":17},"end":{"line":81,"column":56}},"43":{"start":{"line":82,"column":4},"end":{"line":84,"column":5}},"44":{"start":{"line":83,"column":8},"end":{"line":83,"column":61}},"45":{"start":{"line":86,"column":17},"end":{"line":86,"column":92}},"46":{"start":{"line":86,"column":43},"end":{"line":86,"column":91}},"47":{"start":{"line":87,"column":4},"end":{"line":89,"column":5}},"48":{"start":{"line":88,"column":8},"end":{"line":88,"column":55}},"49":{"start":{"line":91,"column":20},"end":{"line":91,"column":56}},"50":{"start":{"line":92,"column":4},"end":{"line":94,"column":5}},"51":{"start":{"line":93,"column":8},"end":{"line":93,"column":55}},"52":{"start":{"line":96,"column":18},"end":{"line":96,"column":42}},"53":{"start":{"line":98,"column":4},"end":{"line":100,"column":5}},"54":{"start":{"line":99,"column":8},"end":{"line":99,"column":48}},"55":{"start":{"line":102,"column":4},"end":{"line":106,"column":5}},"56":{"start":{"line":103,"column":8},"end":{"line":103,"column":31}},"57":{"start":{"line":104,"column":11},"end":{"line":106,"column":5}},"58":{"start":{"line":105,"column":8},"end":{"line":105,"column":41}},"59":{"start":{"line":108,"column":4},"end":{"line":108,"column":29}},"60":{"start":{"line":109,"column":4},"end":{"line":109,"column":25}},"61":{"start":{"line":110,"column":4},"end":{"line":110,"column":22}},"62":{"start":{"line":112,"column":4},"end":{"line":112,"column":45}},"63":{"start":{"line":115,"column":26},"end":{"line":135,"column":1}},"64":{"start":{"line":116,"column":17},"end":{"line":116,"column":56}},"65":{"start":{"line":117,"column":4},"end":{"line":119,"column":5}},"66":{"start":{"line":118,"column":8},"end":{"line":118,"column":46}},"67":{"start":{"line":121,"column":17},"end":{"line":121,"column":100}},"68":{"start":{"line":121,"column":47},"end":{"line":121,"column":99}},"69":{"start":{"line":122,"column":4},"end":{"line":124,"column":5}},"70":{"start":{"line":123,"column":8},"end":{"line":123,"column":40}},"71":{"start":{"line":126,"column":20},"end":{"line":126,"column":56}},"72":{"start":{"line":127,"column":4},"end":{"line":130,"column":5}},"73":{"start":{"line":128,"column":8},"end":{"line":128,"column":39}},"74":{"start":{"line":129,"column":8},"end":{"line":129,"column":29}},"75":{"start":{"line":132,"column":4},"end":{"line":132,"column":103}},"76":{"start":{"line":132,"column":49},"end":{"line":132,"column":101}},"77":{"start":{"line":133,"column":4},"end":{"line":133,"column":22}},"78":{"start":{"line":134,"column":4},"end":{"line":134,"column":35}},"79":{"start":{"line":137,"column":21},"end":{"line":154,"column":1}},"80":{"start":{"line":138,"column":17},"end":{"line":138,"column":56}},"81":{"start":{"line":139,"column":4},"end":{"line":141,"column":5}},"82":{"start":{"line":140,"column":8},"end":{"line":140,"column":20}},"83":{"start":{"line":143,"column":4},"end":{"line":149,"column":5}},"84":{"start":{"line":144,"column":24},"end":{"line":144,"column":60}},"85":{"start":{"line":145,"column":8},"end":{"line":148,"column":9}},"86":{"start":{"line":146,"column":12},"end":{"line":146,"column":43}},"87":{"start":{"line":147,"column":12},"end":{"line":147,"column":33}},"88":{"start":{"line":151,"column":4},"end":{"line":151,"column":20}},"89":{"start":{"line":152,"column":4},"end":{"line":152,"column":22}},"90":{"start":{"line":153,"column":4},"end":{"line":153,"column":16}},"91":{"start":{"line":156,"column":0},"end":{"line":162,"column":2}}},"fnMap":{"0":{"name":"(anonymous_0)","decl":{"start":{"line":5,"column":25},"end":{"line":5,"column":26}},"loc":{"start":{"line":5,"column":58},"end":{"line":23,"column":1}},"line":5},"1":{"name":"(anonymous_1)","decl":{"start":{"line":25,"column":26},"end":{"line":25,"column":27}},"loc":{"start":{"line":25,"column":59},"end":{"line":31,"column":1}},"line":25},"2":{"name":"(anonymous_2)","decl":{"start":{"line":33,"column":26},"end":{"line":33,"column":27}},"loc":{"start":{"line":33,"column":80},"end":{"line":78,"column":1}},"line":33},"3":{"name":"(anonymous_3)","decl":{"start":{"line":44,"column":41},"end":{"line":44,"column":42}},"loc":{"start":{"line":44,"column":51},"end":{"line":44,"column":99}},"line":44},"4":{"name":"(anonymous_4)","decl":{"start":{"line":74,"column":30},"end":{"line":74,"column":31}},"loc":{"start":{"line":74,"column":40},"end":{"line":74,"column":88}},"line":74},"5":{"name":"(anonymous_5)","decl":{"start":{"line":80,"column":34},"end":{"line":80,"column":35}},"loc":{"start":{"line":80,"column":88},"end":{"line":113,"column":1}},"line":80},"6":{"name":"(anonymous_6)","decl":{"start":{"line":86,"column":33},"end":{"line":86,"column":34}},"loc":{"start":{"line":86,"column":43},"end":{"line":86,"column":91}},"line":86},"7":{"name":"(anonymous_7)","decl":{"start":{"line":115,"column":26},"end":{"line":115,"column":27}},"loc":{"start":{"line":115,"column":70},"end":{"line":135,"column":1}},"line":115},"8":{"name":"(anonymous_8)","decl":{"start":{"line":121,"column":33},"end":{"line":121,"column":34}},"loc":{"start":{"line":121,"column":47},"end":{"line":121,"column":99}},"line":121},"9":{"name":"(anonymous_9)","decl":{"start":{"line":132,"column":35},"end":{"line":132,"column":36}},"loc":{"start":{"line":132,"column":49},"end":{"line":132,"column":101}},"line":132},"10":{"name":"(anonymous_10)","decl":{"start":{"line":137,"column":21},"end":{"line":137,"column":22}},"loc":{"start":{"line":137,"column":54},"end":{"line":154,"column":1}},"line":137}},"branchMap":{"0":{"loc":{"start":{"line":5,"column":40},"end":{"line":5,"column":53}},"type":"default-arg","locations":[{"start":{"line":5,"column":49},"end":{"line":5,"column":53}}],"line":5},"1":{"loc":{"start":{"line":8,"column":4},"end":{"line":12,"column":5}},"type":"if","locations":[{"start":{"line":8,"column":4},"end":{"line":12,"column":5}},{"start":{"line":10,"column":11},"end":{"line":12,"column":5}}],"line":8},"2":{"loc":{"start":{"line":14,"column":4},"end":{"line":20,"column":5}},"type":"if","locations":[{"start":{"line":14,"column":4},"end":{"line":20,"column":5}},{"start":{},"end":{}}],"line":14},"3":{"loc":{"start":{"line":15,"column":8},"end":{"line":19,"column":9}},"type":"if","locations":[{"start":{"line":15,"column":8},"end":{"line":19,"column":9}},{"start":{"line":17,"column":15},"end":{"line":19,"column":9}}],"line":15},"4":{"loc":{"start":{"line":15,"column":12},"end":{"line":15,"column":61}},"type":"binary-expr","locations":[{"start":{"line":15,"column":12},"end":{"line":15,"column":18}},{"start":{"line":15,"column":22},"end":{"line":15,"column":61}}],"line":15},"5":{"loc":{"start":{"line":25,"column":41},"end":{"line":25,"column":54}},"type":"default-arg","locations":[{"start":{"line":25,"column":50},"end":{"line":25,"column":54}}],"line":25},"6":{"loc":{"start":{"line":26,"column":4},"end":{"line":28,"column":5}},"type":"if","locations":[{"start":{"line":26,"column":4},"end":{"line":28,"column":5}},{"start":{},"end":{}}],"line":26},"7":{"loc":{"start":{"line":33,"column":62},"end":{"line":33,"column":75}},"type":"default-arg","locations":[{"start":{"line":33,"column":71},"end":{"line":33,"column":75}}],"line":33},"8":{"loc":{"start":{"line":35,"column":4},"end":{"line":37,"column":5}},"type":"if","locations":[{"start":{"line":35,"column":4},"end":{"line":37,"column":5}},{"start":{},"end":{}}],"line":35},"9":{"loc":{"start":{"line":40,"column":4},"end":{"line":42,"column":5}},"type":"if","locations":[{"start":{"line":40,"column":4},"end":{"line":42,"column":5}},{"start":{},"end":{}}],"line":40},"10":{"loc":{"start":{"line":45,"column":28},"end":{"line":45,"column":68}},"type":"cond-expr","locations":[{"start":{"line":45,"column":43},"end":{"line":45,"column":64}},{"start":{"line":45,"column":67},"end":{"line":45,"column":68}}],"line":45},"11":{"loc":{"start":{"line":48,"column":4},"end":{"line":50,"column":5}},"type":"if","locations":[{"start":{"line":48,"column":4},"end":{"line":50,"column":5}},{"start":{},"end":{}}],"line":48},"12":{"loc":{"start":{"line":48,"column":8},"end":{"line":48,"column":42}},"type":"binary-expr","locations":[{"start":{"line":48,"column":8},"end":{"line":48,"column":17}},{"start":{"line":48,"column":21},"end":{"line":48,"column":42}}],"line":48},"13":{"loc":{"start":{"line":49,"column":29},"end":{"line":49,"column":49}},"type":"binary-expr","locations":[{"start":{"line":49,"column":29},"end":{"line":49,"column":41}},{"start":{"line":49,"column":45},"end":{"line":49,"column":49}}],"line":49},"14":{"loc":{"start":{"line":52,"column":4},"end":{"line":56,"column":5}},"type":"if","locations":[{"start":{"line":52,"column":4},"end":{"line":56,"column":5}},{"start":{"line":54,"column":11},"end":{"line":56,"column":5}}],"line":52},"15":{"loc":{"start":{"line":54,"column":11},"end":{"line":56,"column":5}},"type":"if","locations":[{"start":{"line":54,"column":11},"end":{"line":56,"column":5}},{"start":{},"end":{}}],"line":54},"16":{"loc":{"start":{"line":58,"column":4},"end":{"line":67,"column":5}},"type":"if","locations":[{"start":{"line":58,"column":4},"end":{"line":67,"column":5}},{"start":{"line":60,"column":11},"end":{"line":67,"column":5}}],"line":58},"17":{"loc":{"start":{"line":80,"column":70},"end":{"line":80,"column":83}},"type":"default-arg","locations":[{"start":{"line":80,"column":79},"end":{"line":80,"column":83}}],"line":80},"18":{"loc":{"start":{"line":82,"column":4},"end":{"line":84,"column":5}},"type":"if","locations":[{"start":{"line":82,"column":4},"end":{"line":84,"column":5}},{"start":{},"end":{}}],"line":82},"19":{"loc":{"start":{"line":87,"column":4},"end":{"line":89,"column":5}},"type":"if","locations":[{"start":{"line":87,"column":4},"end":{"line":89,"column":5}},{"start":{},"end":{}}],"line":87},"20":{"loc":{"start":{"line":92,"column":4},"end":{"line":94,"column":5}},"type":"if","locations":[{"start":{"line":92,"column":4},"end":{"line":94,"column":5}},{"start":{},"end":{}}],"line":92},"21":{"loc":{"start":{"line":98,"column":4},"end":{"line":100,"column":5}},"type":"if","locations":[{"start":{"line":98,"column":4},"end":{"line":100,"column":5}},{"start":{},"end":{}}],"line":98},"22":{"loc":{"start":{"line":98,"column":8},"end":{"line":98,"column":42}},"type":"binary-expr","locations":[{"start":{"line":98,"column":8},"end":{"line":98,"column":17}},{"start":{"line":98,"column":21},"end":{"line":98,"column":42}}],"line":98},"23":{"loc":{"start":{"line":102,"column":4},"end":{"line":106,"column":5}},"type":"if","locations":[{"start":{"line":102,"column":4},"end":{"line":106,"column":5}},{"start":{"line":104,"column":11},"end":{"line":106,"column":5}}],"line":102},"24":{"loc":{"start":{"line":104,"column":11},"end":{"line":106,"column":5}},"type":"if","locations":[{"start":{"line":104,"column":11},"end":{"line":106,"column":5}},{"start":{},"end":{}}],"line":104},"25":{"loc":{"start":{"line":115,"column":52},"end":{"line":115,"column":65}},"type":"default-arg","locations":[{"start":{"line":115,"column":61},"end":{"line":115,"column":65}}],"line":115},"26":{"loc":{"start":{"line":117,"column":4},"end":{"line":119,"column":5}},"type":"if","locations":[{"start":{"line":117,"column":4},"end":{"line":119,"column":5}},{"start":{},"end":{}}],"line":117},"27":{"loc":{"start":{"line":122,"column":4},"end":{"line":124,"column":5}},"type":"if","locations":[{"start":{"line":122,"column":4},"end":{"line":124,"column":5}},{"start":{},"end":{}}],"line":122},"28":{"loc":{"start":{"line":127,"column":4},"end":{"line":130,"column":5}},"type":"if","locations":[{"start":{"line":127,"column":4},"end":{"line":130,"column":5}},{"start":{},"end":{}}],"line":127},"29":{"loc":{"start":{"line":137,"column":36},"end":{"line":137,"column":49}},"type":"default-arg","locations":[{"start":{"line":137,"column":45},"end":{"line":137,"column":49}}],"line":137},"30":{"loc":{"start":{"line":139,"column":4},"end":{"line":141,"column":5}},"type":"if","locations":[{"start":{"line":139,"column":4},"end":{"line":141,"column":5}},{"start":{},"end":{}}],"line":139},"31":{"loc":{"start":{"line":145,"column":8},"end":{"line":148,"column":9}},"type":"if","locations":[{"start":{"line":145,"column":8},"end":{"line":148,"column":9}},{"start":{},"end":{}}],"line":145}},"s":{"0":10,"1":10,"2":10,"3":10,"4":10,"5":10,"6":3,"7":7,"8":10,"9":10,"10":3,"11":7,"12":10,"13":10,"14":12,"15":11,"16":1,"17":10,"18":9,"19":9,"20":0,"21":9,"22":9,"23":4,"24":9,"25":0,"26":9,"27":9,"28":9,"29":1,"30":8,"31":8,"32":0,"33":0,"34":8,"35":0,"36":8,"37":8,"38":8,"39":8,"40":8,"41":10,"42":2,"43":2,"44":0,"45":2,"46":2,"47":2,"48":0,"49":2,"50":2,"51":0,"52":2,"53":2,"54":0,"55":2,"56":2,"57":0,"58":0,"59":2,"60":2,"61":2,"62":2,"63":10,"64":1,"65":1,"66":0,"67":1,"68":1,"69":1,"70":0,"71":1,"72":1,"73":1,"74":1,"75":1,"76":1,"77":1,"78":1,"79":10,"80":0,"81":0,"82":0,"83":0,"84":0,"85":0,"86":0,"87":0,"88":0,"89":0,"90":0,"91":10},"f":{"0":10,"1":12,"2":9,"3":0,"4":8,"5":2,"6":2,"7":1,"8":1,"9":1,"10":0},"b":{"0":[6],"1":[3,7],"2":[10,0],"3":[3,7],"4":[10,3],"5":[0],"6":[11,1],"7":[1],"8":[0,9],"9":[4,5],"10":[0,9],"11":[1,8],"12":[9,9],"13":[1,1],"14":[8,0],"15":[0,0],"16":[0,8],"17":[0],"18":[0,2],"19":[0,2],"20":[0,2],"21":[0,2],"22":[2,2],"23":[2,0],"24":[0,0],"25":[0],"26":[0,1],"27":[0,1],"28":[1,0],"29":[0],"30":[0,0],"31":[0,0]},"_coverageSchema":"1a1c01bbd47fc00a2c39e90264f33305004495a9","hash":"f242db0f5814f9db69ac2f2172648a667ba5d43e"}
,"H:\\Desarrollo Full Stack\\6. Backend III\\proyecto Nuevo\\src\\dao\\index.js": {"path":"H:\\Desarrollo Full Stack\\6. Backend III\\proyecto Nuevo\\src\\dao\\index.js","statementMap":{"0":{"start":{"line":1,"column":16},"end":{"line":1,"column":40}},"1":{"start":{"line":2,"column":19},"end":{"line":2,"column":46}},"2":{"start":{"line":3,"column":16},"end":{"line":3,"column":40}},"3":{"start":{"line":5,"column":0},"end":{"line":9,"column":2}}},"fnMap":{},"branchMap":{},"s":{"0":10,"1":10,"2":10,"3":10},"f":{},"b":{},"_coverageSchema":"1a1c01bbd47fc00a2c39e90264f33305004495a9","hash":"826da450944409552db46dd7ee62de044d8fc87f"}
,"H:\\Desarrollo Full Stack\\6. Backend III\\proyecto Nuevo\\src\\dao\\product.dao.js": {"path":"H:\\Desarrollo Full Stack\\6. Backend III\\proyecto Nuevo\\src\\dao\\product.dao.js","statementMap":{"0":{"start":{"line":1,"column":16},"end":{"line":1,"column":47}},"1":{"start":{"line":3,"column":25},"end":{"line":3,"column":75}},"2":{"start":{"line":3,"column":48},"end":{"line":3,"column":75}},"3":{"start":{"line":5,"column":23},"end":{"line":12,"column":1}},"4":{"start":{"line":6,"column":18},"end":{"line":6,"column":32}},"5":{"start":{"line":7,"column":4},"end":{"line":9,"column":5}},"6":{"start":{"line":8,"column":8},"end":{"line":8,"column":45}},"7":{"start":{"line":11,"column":4},"end":{"line":11,"column":17}},"8":{"start":{"line":14,"column":26},"end":{"line":14,"column":60}},"9":{"start":{"line":14,"column":40},"end":{"line":14,"column":60}},"10":{"start":{"line":16,"column":25},"end":{"line":25,"column":1}},"11":{"start":{"line":17,"column":20},"end":{"line":17,"column":46}},"12":{"start":{"line":18,"column":4},"end":{"line":20,"column":5}},"13":{"start":{"line":19,"column":8},"end":{"line":19,"column":20}},"14":{"start":{"line":22,"column":4},"end":{"line":22,"column":39}},"15":{"start":{"line":23,"column":4},"end":{"line":23,"column":25}},"16":{"start":{"line":24,"column":4},"end":{"line":24,"column":19}},"17":{"start":{"line":27,"column":25},"end":{"line":35,"column":1}},"18":{"start":{"line":28,"column":20},"end":{"line":28,"column":46}},"19":{"start":{"line":29,"column":4},"end":{"line":31,"column":5}},"20":{"start":{"line":30,"column":8},"end":{"line":30,"column":20}},"21":{"start":{"line":33,"column":4},"end":{"line":33,"column":30}},"22":{"start":{"line":34,"column":4},"end":{"line":34,"column":19}},"23":{"start":{"line":37,"column":0},"end":{"line":43,"column":2}}},"fnMap":{"0":{"name":"(anonymous_0)","decl":{"start":{"line":3,"column":25},"end":{"line":3,"column":26}},"loc":{"start":{"line":3,"column":48},"end":{"line":3,"column":75}},"line":3},"1":{"name":"(anonymous_1)","decl":{"start":{"line":5,"column":23},"end":{"line":5,"column":24}},"loc":{"start":{"line":5,"column":35},"end":{"line":12,"column":1}},"line":5},"2":{"name":"(anonymous_2)","decl":{"start":{"line":14,"column":26},"end":{"line":14,"column":27}},"loc":{"start":{"line":14,"column":40},"end":{"line":14,"column":60}},"line":14},"3":{"name":"(anonymous_3)","decl":{"start":{"line":16,"column":25},"end":{"line":16,"column":26}},"loc":{"start":{"line":16,"column":51},"end":{"line":25,"column":1}},"line":16},"4":{"name":"(anonymous_4)","decl":{"start":{"line":27,"column":25},"end":{"line":27,"column":26}},"loc":{"start":{"line":27,"column":39},"end":{"line":35,"column":1}},"line":27}},"branchMap":{"0":{"loc":{"start":{"line":7,"column":4},"end":{"line":9,"column":5}},"type":"if","locations":[{"start":{"line":7,"column":4},"end":{"line":9,"column":5}},{"start":{},"end":{}}],"line":7},"1":{"loc":{"start":{"line":7,"column":8},"end":{"line":7,"column":49}},"type":"binary-expr","locations":[{"start":{"line":7,"column":8},"end":{"line":7,"column":13}},{"start":{"line":7,"column":17},"end":{"line":7,"column":49}}],"line":7},"2":{"loc":{"start":{"line":18,"column":4},"end":{"line":20,"column":5}},"type":"if","locations":[{"start":{"line":18,"column":4},"end":{"line":20,"column":5}},{"start":{},"end":{}}],"line":18},"3":{"loc":{"start":{"line":29,"column":4},"end":{"line":31,"column":5}},"type":"if","locations":[{"start":{"line":29,"column":4},"end":{"line":31,"column":5}},{"start":{},"end":{}}],"line":29}},"s":{"0":11,"1":11,"2":3,"3":11,"4":4,"5":4,"6":3,"7":1,"8":11,"9":4,"10":11,"11":5,"12":4,"13":2,"14":2,"15":2,"16":2,"17":11,"18":4,"19":4,"20":2,"21":2,"22":2,"23":11},"f":{"0":3,"1":4,"2":4,"3":5,"4":4},"b":{"0":[3,1],"1":[4,4],"2":[2,2],"3":[2,2]},"_coverageSchema":"1a1c01bbd47fc00a2c39e90264f33305004495a9","hash":"d49b3d2f23a486ab02f7db8835bbe283931dbc6e"}
,"H:\\Desarrollo Full Stack\\6. Backend III\\proyecto Nuevo\\src\\dao\\user.dao.js": {"path":"H:\\Desarrollo Full Stack\\6. Backend III\\proyecto Nuevo\\src\\dao\\user.dao.js","statementMap":{"0":{"start":{"line":1,"column":13},"end":{"line":1,"column":41}},"1":{"start":{"line":3,"column":22},"end":{"line":3,"column":63}},"2":{"start":{"line":3,"column":42},"end":{"line":3,"column":63}},"3":{"start":{"line":5,"column":22},"end":{"line":13,"column":1}},"4":{"start":{"line":6,"column":17},"end":{"line":6,"column":40}},"5":{"start":{"line":7,"column":4},"end":{"line":9,"column":5}},"6":{"start":{"line":8,"column":8},"end":{"line":8,"column":20}},"7":{"start":{"line":11,"column":4},"end":{"line":11,"column":27}},"8":{"start":{"line":12,"column":4},"end":{"line":12,"column":16}},"9":{"start":{"line":15,"column":27},"end":{"line":15,"column":67}},"10":{"start":{"line":15,"column":44},"end":{"line":15,"column":67}},"11":{"start":{"line":17,"column":39},"end":{"line":18,"column":47}},"12":{"start":{"line":18,"column":4},"end":{"line":18,"column":47}},"13":{"start":{"line":20,"column":20},"end":{"line":20,"column":63}},"14":{"start":{"line":20,"column":32},"end":{"line":20,"column":63}},"15":{"start":{"line":22,"column":23},"end":{"line":22,"column":74}},"16":{"start":{"line":22,"column":37},"end":{"line":22,"column":74}},"17":{"start":{"line":24,"column":35},"end":{"line":24,"column":86}},"18":{"start":{"line":24,"column":49},"end":{"line":24,"column":86}},"19":{"start":{"line":26,"column":24},"end":{"line":26,"column":55}},"20":{"start":{"line":26,"column":38},"end":{"line":26,"column":55}},"21":{"start":{"line":28,"column":0},"end":{"line":37,"column":2}}},"fnMap":{"0":{"name":"(anonymous_0)","decl":{"start":{"line":3,"column":22},"end":{"line":3,"column":23}},"loc":{"start":{"line":3,"column":42},"end":{"line":3,"column":63}},"line":3},"1":{"name":"(anonymous_1)","decl":{"start":{"line":5,"column":22},"end":{"line":5,"column":23}},"loc":{"start":{"line":5,"column":36},"end":{"line":13,"column":1}},"line":5},"2":{"name":"(anonymous_2)","decl":{"start":{"line":15,"column":27},"end":{"line":15,"column":28}},"loc":{"start":{"line":15,"column":44},"end":{"line":15,"column":67}},"line":15},"3":{"name":"(anonymous_3)","decl":{"start":{"line":17,"column":39},"end":{"line":17,"column":40}},"loc":{"start":{"line":18,"column":4},"end":{"line":18,"column":47}},"line":18},"4":{"name":"(anonymous_4)","decl":{"start":{"line":20,"column":20},"end":{"line":20,"column":21}},"loc":{"start":{"line":20,"column":32},"end":{"line":20,"column":63}},"line":20},"5":{"name":"(anonymous_5)","decl":{"start":{"line":22,"column":23},"end":{"line":22,"column":24}},"loc":{"start":{"line":22,"column":37},"end":{"line":22,"column":74}},"line":22},"6":{"name":"(anonymous_6)","decl":{"start":{"line":24,"column":35},"end":{"line":24,"column":36}},"loc":{"start":{"line":24,"column":49},"end":{"line":24,"column":86}},"line":24},"7":{"name":"(anonymous_7)","decl":{"start":{"line":26,"column":24},"end":{"line":26,"column":25}},"loc":{"start":{"line":26,"column":38},"end":{"line":26,"column":55}},"line":26}},"branchMap":{"0":{"loc":{"start":{"line":7,"column":4},"end":{"line":9,"column":5}},"type":"if","locations":[{"start":{"line":7,"column":4},"end":{"line":9,"column":5}},{"start":{},"end":{}}],"line":7}},"s":{"0":11,"1":11,"2":40,"3":11,"4":2,"5":2,"6":1,"7":1,"8":1,"9":11,"10":40,"11":11,"12":3,"13":11,"14":2,"15":11,"16":4,"17":11,"18":3,"19":11,"20":2,"21":11},"f":{"0":40,"1":2,"2":40,"3":3,"4":2,"5":4,"6":3,"7":2},"b":{"0":[1,1]},"_coverageSchema":"1a1c01bbd47fc00a2c39e90264f33305004495a9","hash":"c30508159a305f96f6fd1ab3d71c999c50c39ed8"}
,"H:\\Desarrollo Full Stack\\6. Backend III\\proyecto Nuevo\\src\\docs\\swagger.js": {"path":"H:\\Desarrollo Full Stack\\6. Backend III\\proyecto Nuevo\\src\\docs\\swagger.js","statementMap":{"0":{"start":{"line":1,"column":21},"end":{"line":1,"column":45}},"1":{"start":{"line":3,"column":16},"end":{"line":131,"column":1}},"2":{"start":{"line":133,"column":20},"end":{"line":133,"column":41}},"3":{"start":{"line":135,"column":0},"end":{"line":135,"column":29}}},"fnMap":{},"branchMap":{},"s":{"0":5,"1":5,"2":5,"3":5},"f":{},"b":{},"_coverageSchema":"1a1c01bbd47fc00a2c39e90264f33305004495a9","hash":"139ac1fbdc42fade8a39744a75fc5d12df347d12"}
,"H:\\Desarrollo Full Stack\\6. Backend III\\proyecto Nuevo\\src\\middlewares\\auth.middleware.js": {"path":"H:\\Desarrollo Full Stack\\6. Backend III\\proyecto Nuevo\\src\\middlewares\\auth.middleware.js","statementMap":{"0":{"start":{"line":1,"column":12},"end":{"line":1,"column":35}},"1":{"start":{"line":2,"column":13},"end":{"line":2,"column":41}},"2":{"start":{"line":4,"column":16},"end":{"line":29,"column":1}},"3":{"start":{"line":5,"column":4},"end":{"line":28,"column":5}},"4":{"start":{"line":6,"column":27},"end":{"line":6,"column":83}},"5":{"start":{"line":7,"column":20},"end":{"line":7,"column":38}},"6":{"start":{"line":9,"column":8},"end":{"line":11,"column":9}},"7":{"start":{"line":10,"column":12},"end":{"line":10,"column":45}},"8":{"start":{"line":13,"column":8},"end":{"line":15,"column":9}},"9":{"start":{"line":14,"column":12},"end":{"line":14,"column":88}},"10":{"start":{"line":17,"column":24},"end":{"line":17,"column":65}},"11":{"start":{"line":18,"column":21},"end":{"line":18,"column":72}},"12":{"start":{"line":20,"column":8},"end":{"line":22,"column":9}},"13":{"start":{"line":21,"column":12},"end":{"line":21,"column":94}},"14":{"start":{"line":24,"column":8},"end":{"line":24,"column":24}},"15":{"start":{"line":25,"column":8},"end":{"line":25,"column":22}},"16":{"start":{"line":27,"column":8},"end":{"line":27,"column":79}},"17":{"start":{"line":31,"column":18},"end":{"line":37,"column":1}},"18":{"start":{"line":31,"column":32},"end":{"line":37,"column":1}},"19":{"start":{"line":32,"column":4},"end":{"line":34,"column":5}},"20":{"start":{"line":33,"column":8},"end":{"line":33,"column":89}},"21":{"start":{"line":36,"column":4},"end":{"line":36,"column":18}},"22":{"start":{"line":39,"column":0},"end":{"line":42,"column":2}}},"fnMap":{"0":{"name":"(anonymous_0)","decl":{"start":{"line":4,"column":16},"end":{"line":4,"column":17}},"loc":{"start":{"line":4,"column":42},"end":{"line":29,"column":1}},"line":4},"1":{"name":"(anonymous_1)","decl":{"start":{"line":31,"column":18},"end":{"line":31,"column":19}},"loc":{"start":{"line":31,"column":32},"end":{"line":37,"column":1}},"line":31},"2":{"name":"(anonymous_2)","decl":{"start":{"line":31,"column":32},"end":{"line":31,"column":33}},"loc":{"start":{"line":31,"column":52},"end":{"line":37,"column":1}},"line":31}},"branchMap":{"0":{"loc":{"start":{"line":6,"column":27},"end":{"line":6,"column":83}},"type":"binary-expr","locations":[{"start":{"line":6,"column":27},"end":{"line":6,"column":53}},{"start":{"line":6,"column":57},"end":{"line":6,"column":83}}],"line":6},"1":{"loc":{"start":{"line":9,"column":8},"end":{"line":11,"column":9}},"type":"if","locations":[{"start":{"line":9,"column":8},"end":{"line":11,"column":9}},{"start":{},"end":{}}],"line":9},"2":{"loc":{"start":{"line":9,"column":12},"end":{"line":9,"column":68}},"type":"binary-expr","locations":[{"start":{"line":9,"column":12},"end":{"line":9,"column":18}},{"start":{"line":9,"column":22},"end":{"line":9,"column":32}},{"start":{"line":9,"column":36},"end":{"line":9,"column":68}}],"line":9},"3":{"loc":{"start":{"line":13,"column":8},"end":{"line":15,"column":9}},"type":"if","locations":[{"start":{"line":13,"column":8},"end":{"line":15,"column":9}},{"start":{},"end":{}}],"line":13},"4":{"loc":{"start":{"line":20,"column":8},"end":{"line":22,"column":9}},"type":"if","locations":[{"start":{"line":20,"column":8},"end":{"line":22,"column":9}},{"start":{},"end":{}}],"line":20},"5":{"loc":{"start":{"line":32,"column":4},"end":{"line":34,"column":5}},"type":"if","locations":[{"start":{"line":32,"column":4},"end":{"line":34,"column":5}},{"start":{},"end":{}}],"line":32},"6":{"loc":{"start":{"line":32,"column":8},"end":{"line":32,"column":51}},"type":"binary-expr","locations":[{"start":{"line":32,"column":8},"end":{"line":32,"column":17}},{"start":{"line":32,"column":21},"end":{"line":32,"column":51}}],"line":32}},"s":{"0":7,"1":7,"2":7,"3":48,"4":48,"5":48,"6":48,"7":43,"8":48,"9":4,"10":44,"11":43,"12":43,"13":1,"14":42,"15":42,"16":1,"17":7,"18":41,"19":22,"20":5,"21":17,"22":7},"f":{"0":48,"1":41,"2":22},"b":{"0":[48,5],"1":[43,5],"2":[48,47,43],"3":[4,44],"4":[1,42],"5":[5,17],"6":[22,22]},"_coverageSchema":"1a1c01bbd47fc00a2c39e90264f33305004495a9","hash":"5c38a7a2dbb44794d04184eb44fc3f0d8b72847f"}
,"H:\\Desarrollo Full Stack\\6. Backend III\\proyecto Nuevo\\src\\middlewares\\error.middleware.js": {"path":"H:\\Desarrollo Full Stack\\6. Backend III\\proyecto Nuevo\\src\\middlewares\\error.middleware.js","statementMap":{"0":{"start":{"line":1,"column":15},"end":{"line":1,"column":41}},"1":{"start":{"line":3,"column":17},"end":{"line":11,"column":1}},"2":{"start":{"line":4,"column":18},"end":{"line":4,"column":69}},"3":{"start":{"line":5,"column":4},"end":{"line":8,"column":7}},"4":{"start":{"line":9,"column":4},"end":{"line":9,"column":20}},"5":{"start":{"line":10,"column":4},"end":{"line":10,"column":16}},"6":{"start":{"line":13,"column":21},"end":{"line":38,"column":1}},"7":{"start":{"line":14,"column":21},"end":{"line":14,"column":86}},"8":{"start":{"line":15,"column":18},"end":{"line":15,"column":51}},"9":{"start":{"line":17,"column":4},"end":{"line":20,"column":5}},"10":{"start":{"line":18,"column":8},"end":{"line":18,"column":25}},"11":{"start":{"line":19,"column":8},"end":{"line":19,"column":32}},"12":{"start":{"line":22,"column":4},"end":{"line":25,"column":5}},"13":{"start":{"line":23,"column":8},"end":{"line":23,"column":25}},"14":{"start":{"line":24,"column":8},"end":{"line":24,"column":62}},"15":{"start":{"line":27,"column":4},"end":{"line":32,"column":7}},"16":{"start":{"line":34,"column":4},"end":{"line":37,"column":7}},"17":{"start":{"line":40,"column":0},"end":{"line":43,"column":2}}},"fnMap":{"0":{"name":"(anonymous_0)","decl":{"start":{"line":3,"column":17},"end":{"line":3,"column":18}},"loc":{"start":{"line":3,"column":37},"end":{"line":11,"column":1}},"line":3},"1":{"name":"(anonymous_1)","decl":{"start":{"line":13,"column":21},"end":{"line":13,"column":22}},"loc":{"start":{"line":13,"column":46},"end":{"line":38,"column":1}},"line":13}},"branchMap":{"0":{"loc":{"start":{"line":14,"column":21},"end":{"line":14,"column":86}},"type":"binary-expr","locations":[{"start":{"line":14,"column":21},"end":{"line":14,"column":35}},{"start":{"line":14,"column":40},"end":{"line":14,"column":85}}],"line":14},"1":{"loc":{"start":{"line":14,"column":40},"end":{"line":14,"column":85}},"type":"cond-expr","locations":[{"start":{"line":14,"column":65},"end":{"line":14,"column":68}},{"start":{"line":14,"column":71},"end":{"line":14,"column":85}}],"line":14},"2":{"loc":{"start":{"line":15,"column":18},"end":{"line":15,"column":51}},"type":"binary-expr","locations":[{"start":{"line":15,"column":18},"end":{"line":15,"column":29}},{"start":{"line":15,"column":33},"end":{"line":15,"column":51}}],"line":15},"3":{"loc":{"start":{"line":17,"column":4},"end":{"line":20,"column":5}},"type":"if","locations":[{"start":{"line":17,"column":4},"end":{"line":20,"column":5}},{"start":{},"end":{}}],"line":17},"4":{"loc":{"start":{"line":22,"column":4},"end":{"line":25,"column":5}},"type":"if","locations":[{"start":{"line":22,"column":4},"end":{"line":25,"column":5}},{"start":{},"end":{}}],"line":22},"5":{"loc":{"start":{"line":36,"column":15},"end":{"line":36,"column":76}},"type":"cond-expr","locations":[{"start":{"line":36,"column":55},"end":{"line":36,"column":64}},{"start":{"line":36,"column":67},"end":{"line":36,"column":76}}],"line":36}},"s":{"0":6,"1":6,"2":1,"3":1,"4":1,"5":1,"6":6,"7":7,"8":7,"9":7,"10":3,"11":3,"12":7,"13":1,"14":1,"15":7,"16":7,"17":6},"f":{"0":1,"1":7},"b":{"0":[7,6],"1":[5,1],"2":[7,0],"3":[3,4],"4":[1,6],"5":[1,6]},"_coverageSchema":"1a1c01bbd47fc00a2c39e90264f33305004495a9","hash":"fac42e6f0a13b571163e7269a79da82f1d5bc687"}
,"H:\\Desarrollo Full Stack\\6. Backend III\\proyecto Nuevo\\src\\models\\Cart.js": {"path":"H:\\Desarrollo Full Stack\\6. Backend III\\proyecto Nuevo\\src\\models\\Cart.js","statementMap":{"0":{"start":{"line":1,"column":17},"end":{"line":1,"column":36}},"1":{"start":{"line":3,"column":23},"end":{"line":28,"column":1}},"2":{"start":{"line":30,"column":19},"end":{"line":43,"column":1}},"3":{"start":{"line":45,"column":0},"end":{"line":45,"column":52}}},"fnMap":{},"branchMap":{},"s":{"0":10,"1":10,"2":10,"3":10},"f":{},"b":{},"_coverageSchema":"1a1c01bbd47fc00a2c39e90264f33305004495a9","hash":"7f16a1dfae52f09deb1e3bc98bb7e5233a4e3939"}
,"H:\\Desarrollo Full Stack\\6. Backend III\\proyecto Nuevo\\src\\models\\Product.js": {"path":"H:\\Desarrollo Full Stack\\6. Backend III\\proyecto Nuevo\\src\\models\\Product.js","statementMap":{"0":{"start":{"line":1,"column":17},"end":{"line":1,"column":36}},"1":{"start":{"line":3,"column":22},"end":{"line":24,"column":1}},"2":{"start":{"line":26,"column":0},"end":{"line":26,"column":58}}},"fnMap":{},"branchMap":{},"s":{"0":11,"1":11,"2":11},"f":{},"b":{},"_coverageSchema":"1a1c01bbd47fc00a2c39e90264f33305004495a9","hash":"77dc22bac90568e1e93bd53875b8c1f50f061301"}
,"H:\\Desarrollo Full Stack\\6. Backend III\\proyecto Nuevo\\src\\models\\User.js": {"path":"H:\\Desarrollo Full Stack\\6. Backend III\\proyecto Nuevo\\src\\models\\User.js","statementMap":{"0":{"start":{"line":1,"column":17},"end":{"line":1,"column":36}},"1":{"start":{"line":2,"column":42},"end":{"line":2,"column":69}},"2":{"start":{"line":4,"column":19},"end":{"line":33,"column":1}},"3":{"start":{"line":35,"column":0},"end":{"line":42,"column":3}},"4":{"start":{"line":36,"column":4},"end":{"line":38,"column":5}},"5":{"start":{"line":37,"column":8},"end":{"line":37,"column":15}},"6":{"start":{"line":40,"column":4},"end":{"line":40,"column":54}},"7":{"start":{"line":41,"column":4},"end":{"line":41,"column":11}},"8":{"start":{"line":44,"column":0},"end":{"line":46,"column":2}},"9":{"start":{"line":45,"column":4},"end":{"line":45,"column":57}},"10":{"start":{"line":48,"column":0},"end":{"line":48,"column":52}}},"fnMap":{"0":{"name":"saveHook","decl":{"start":{"line":35,"column":38},"end":{"line":35,"column":46}},"loc":{"start":{"line":35,"column":49},"end":{"line":42,"column":1}},"line":35},"1":{"name":"matchPassword","decl":{"start":{"line":44,"column":50},"end":{"line":44,"column":63}},"loc":{"start":{"line":44,"column":79},"end":{"line":46,"column":1}},"line":44}},"branchMap":{"0":{"loc":{"start":{"line":36,"column":4},"end":{"line":38,"column":5}},"type":"if","locations":[{"start":{"line":36,"column":4},"end":{"line":38,"column":5}},{"start":{},"end":{}}],"line":36}},"s":{"0":12,"1":12,"2":12,"3":12,"4":43,"5":1,"6":42,"7":42,"8":12,"9":2,"10":12},"f":{"0":43,"1":2},"b":{"0":[1,42]},"_coverageSchema":"1a1c01bbd47fc00a2c39e90264f33305004495a9","hash":"50573bae0c77f17ee9a9ce12bc9507ff0170dc6a"}
,"H:\\Desarrollo Full Stack\\6. Backend III\\proyecto Nuevo\\src\\routes\\adoption.router.js": {"path":"H:\\Desarrollo Full Stack\\6. Backend III\\proyecto Nuevo\\src\\routes\\adoption.router.js","statementMap":{"0":{"start":{"line":1,"column":16},"end":{"line":1,"column":34}},"1":{"start":{"line":2,"column":19},"end":{"line":2,"column":46}},"2":{"start":{"line":3,"column":19},"end":{"line":3,"column":46}},"3":{"start":{"line":4,"column":22},"end":{"line":4,"column":52}},"4":{"start":{"line":5,"column":19},"end":{"line":5,"column":46}},"5":{"start":{"line":7,"column":15},"end":{"line":7,"column":31}},"6":{"start":{"line":9,"column":0},"end":{"line":11,"column":3}},"7":{"start":{"line":10,"column":4},"end":{"line":10,"column":86}},"8":{"start":{"line":13,"column":0},"end":{"line":13,"column":32}},"9":{"start":{"line":14,"column":0},"end":{"line":14,"column":33}},"10":{"start":{"line":15,"column":0},"end":{"line":15,"column":39}},"11":{"start":{"line":16,"column":0},"end":{"line":16,"column":32}},"12":{"start":{"line":18,"column":0},"end":{"line":18,"column":24}}},"fnMap":{"0":{"name":"(anonymous_0)","decl":{"start":{"line":9,"column":22},"end":{"line":9,"column":23}},"loc":{"start":{"line":9,"column":36},"end":{"line":11,"column":1}},"line":9}},"branchMap":{},"s":{"0":6,"1":6,"2":6,"3":6,"4":6,"5":6,"6":6,"7":2,"8":6,"9":6,"10":6,"11":6,"12":6},"f":{"0":2},"b":{},"_coverageSchema":"1a1c01bbd47fc00a2c39e90264f33305004495a9","hash":"34cdc8d40fe7b8a403fb5939e0bf3a1e2dd9890b"}
,"H:\\Desarrollo Full Stack\\6. Backend III\\proyecto Nuevo\\src\\routes\\auth.routes.js": {"path":"H:\\Desarrollo Full Stack\\6. Backend III\\proyecto Nuevo\\src\\routes\\auth.routes.js","statementMap":{"0":{"start":{"line":1,"column":16},"end":{"line":1,"column":34}},"1":{"start":{"line":2,"column":40},"end":{"line":2,"column":84}},"2":{"start":{"line":3,"column":20},"end":{"line":3,"column":64}},"3":{"start":{"line":5,"column":15},"end":{"line":5,"column":31}},"4":{"start":{"line":50,"column":0},"end":{"line":50,"column":35}},"5":{"start":{"line":98,"column":0},"end":{"line":98,"column":29}},"6":{"start":{"line":125,"column":0},"end":{"line":125,"column":31}},"7":{"start":{"line":150,"column":0},"end":{"line":150,"column":40}},"8":{"start":{"line":152,"column":0},"end":{"line":152,"column":24}}},"fnMap":{},"branchMap":{},"s":{"0":5,"1":5,"2":5,"3":5,"4":5,"5":5,"6":5,"7":5,"8":5},"f":{},"b":{},"_coverageSchema":"1a1c01bbd47fc00a2c39e90264f33305004495a9","hash":"9f84371faf513b3c49943769d3c56ef38b4bed36"}
,"H:\\Desarrollo Full Stack\\6. Backend III\\proyecto Nuevo\\src\\routes\\cart.routes.js": {"path":"H:\\Desarrollo Full Stack\\6. Backend III\\proyecto Nuevo\\src\\routes\\cart.routes.js","statementMap":{"0":{"start":{"line":1,"column":16},"end":{"line":1,"column":34}},"1":{"start":{"line":9,"column":4},"end":{"line":9,"column":48}},"2":{"start":{"line":10,"column":20},"end":{"line":10,"column":64}},"3":{"start":{"line":12,"column":15},"end":{"line":12,"column":31}},"4":{"start":{"line":73,"column":0},"end":{"line":73,"column":38}},"5":{"start":{"line":132,"column":0},"end":{"line":132,"column":41}},"6":{"start":{"line":204,"column":0},"end":{"line":204,"column":54}},"7":{"start":{"line":280,"column":0},"end":{"line":280,"column":65}},"8":{"start":{"line":341,"column":0},"end":{"line":341,"column":68}},"9":{"start":{"line":397,"column":0},"end":{"line":397,"column":46}},"10":{"start":{"line":399,"column":0},"end":{"line":399,"column":24}}},"fnMap":{},"branchMap":{},"s":{"0":6,"1":6,"2":6,"3":6,"4":6,"5":6,"6":6,"7":6,"8":6,"9":6,"10":6},"f":{},"b":{},"_coverageSchema":"1a1c01bbd47fc00a2c39e90264f33305004495a9","hash":"950dd688ec38fa5c613bf37720d825bf82425095"}
,"H:\\Desarrollo Full Stack\\6. Backend III\\proyecto Nuevo\\src\\routes\\index.js": {"path":"H:\\Desarrollo Full Stack\\6. Backend III\\proyecto Nuevo\\src\\routes\\index.js","statementMap":{"0":{"start":{"line":1,"column":0},"end":{"line":1,"column":49}}},"fnMap":{},"branchMap":{},"s":{"0":5},"f":{},"b":{},"_coverageSchema":"1a1c01bbd47fc00a2c39e90264f33305004495a9","hash":"7d134df40ebfa6c40f2ca9f54a030e8afad41347"}
,"H:\\Desarrollo Full Stack\\6. Backend III\\proyecto Nuevo\\src\\routes\\product.routes.js": {"path":"H:\\Desarrollo Full Stack\\6. Backend III\\proyecto Nuevo\\src\\routes\\product.routes.js","statementMap":{"0":{"start":{"line":1,"column":16},"end":{"line":1,"column":34}},"1":{"start":{"line":8,"column":4},"end":{"line":8,"column":51}},"2":{"start":{"line":9,"column":31},"end":{"line":9,"column":75}},"3":{"start":{"line":11,"column":15},"end":{"line":11,"column":31}},"4":{"start":{"line":25,"column":0},"end":{"line":25,"column":29}},"5":{"start":{"line":83,"column":0},"end":{"line":83,"column":61}},"6":{"start":{"line":115,"column":0},"end":{"line":115,"column":35}},"7":{"start":{"line":167,"column":0},"end":{"line":167,"column":63}},"8":{"start":{"line":207,"column":0},"end":{"line":207,"column":66}},"9":{"start":{"line":209,"column":0},"end":{"line":209,"column":24}}},"fnMap":{},"branchMap":{},"s":{"0":5,"1":5,"2":5,"3":5,"4":5,"5":5,"6":5,"7":5,"8":5,"9":5},"f":{},"b":{},"_coverageSchema":"1a1c01bbd47fc00a2c39e90264f33305004495a9","hash":"522242462534ae3bc8b0f534bc0aab5ea3e25177"}
,"H:\\Desarrollo Full Stack\\6. Backend III\\proyecto Nuevo\\src\\routes\\user.routes.js": {"path":"H:\\Desarrollo Full Stack\\6. Backend III\\proyecto Nuevo\\src\\routes\\user.routes.js","statementMap":{"0":{"start":{"line":1,"column":16},"end":{"line":1,"column":34}},"1":{"start":{"line":8,"column":4},"end":{"line":8,"column":48}},"2":{"start":{"line":9,"column":31},"end":{"line":9,"column":75}},"3":{"start":{"line":11,"column":15},"end":{"line":11,"column":31}},"4":{"start":{"line":74,"column":0},"end":{"line":74,"column":58}},"5":{"start":{"line":102,"column":0},"end":{"line":102,"column":55}},"6":{"start":{"line":148,"column":0},"end":{"line":148,"column":61}},"7":{"start":{"line":205,"column":0},"end":{"line":205,"column":60}},"8":{"start":{"line":245,"column":0},"end":{"line":245,"column":63}},"9":{"start":{"line":247,"column":0},"end":{"line":247,"column":24}}},"fnMap":{},"branchMap":{},"s":{"0":5,"1":5,"2":5,"3":5,"4":5,"5":5,"6":5,"7":5,"8":5,"9":5},"f":{},"b":{},"_coverageSchema":"1a1c01bbd47fc00a2c39e90264f33305004495a9","hash":"00af9e2e0cb080b14851cad0c331e11ef2fa567a"}
,"H:\\Desarrollo Full Stack\\6. Backend III\\proyecto Nuevo\\src\\utils\\hash.js": {"path":"H:\\Desarrollo Full Stack\\6. Backend III\\proyecto Nuevo\\src\\utils\\hash.js","statementMap":{"0":{"start":{"line":1,"column":15},"end":{"line":1,"column":32}},"1":{"start":{"line":3,"column":21},"end":{"line":6,"column":1}},"2":{"start":{"line":4,"column":17},"end":{"line":4,"column":41}},"3":{"start":{"line":5,"column":4},"end":{"line":5,"column":39}},"4":{"start":{"line":8,"column":24},"end":{"line":9,"column":49}},"5":{"start":{"line":9,"column":4},"end":{"line":9,"column":49}},"6":{"start":{"line":11,"column":0},"end":{"line":14,"column":2}}},"fnMap":{"0":{"name":"(anonymous_0)","decl":{"start":{"line":3,"column":21},"end":{"line":3,"column":22}},"loc":{"start":{"line":3,"column":41},"end":{"line":6,"column":1}},"line":3},"1":{"name":"(anonymous_1)","decl":{"start":{"line":8,"column":24},"end":{"line":8,"column":25}},"loc":{"start":{"line":9,"column":4},"end":{"line":9,"column":49}},"line":9}},"branchMap":{},"s":{"0":12,"1":12,"2":42,"3":42,"4":12,"5":2,"6":12},"f":{"0":42,"1":2},"b":{},"_coverageSchema":"1a1c01bbd47fc00a2c39e90264f33305004495a9","hash":"9912d329f6749b65fe6350b9727f9ed9ade97acf"}
,"H:\\Desarrollo Full Stack\\6. Backend III\\proyecto Nuevo\\src\\utils\\logger.js": {"path":"H:\\Desarrollo Full Stack\\6. Backend III\\proyecto Nuevo\\src\\utils\\logger.js","statementMap":{"0":{"start":{"line":1,"column":21},"end":{"line":1,"column":51}},"1":{"start":{"line":1,"column":27},"end":{"line":1,"column":51}},"2":{"start":{"line":3,"column":22},"end":{"line":9,"column":2}},"3":{"start":{"line":3,"column":54},"end":{"line":9,"column":1}},"4":{"start":{"line":11,"column":17},"end":{"line":26,"column":1}},"5":{"start":{"line":12,"column":18},"end":{"line":12,"column":53}},"6":{"start":{"line":13,"column":23},"end":{"line":13,"column":44}},"7":{"start":{"line":15,"column":4},"end":{"line":18,"column":5}},"8":{"start":{"line":16,"column":8},"end":{"line":16,"column":34}},"9":{"start":{"line":17,"column":8},"end":{"line":17,"column":15}},"10":{"start":{"line":20,"column":4},"end":{"line":23,"column":5}},"11":{"start":{"line":21,"column":8},"end":{"line":21,"column":33}},"12":{"start":{"line":22,"column":8},"end":{"line":22,"column":15}},"13":{"start":{"line":25,"column":4},"end":{"line":25,"column":29}},"14":{"start":{"line":28,"column":15},"end":{"line":33,"column":1}},"15":{"start":{"line":29,"column":29},"end":{"line":29,"column":60}},"16":{"start":{"line":30,"column":29},"end":{"line":30,"column":60}},"17":{"start":{"line":31,"column":30},"end":{"line":31,"column":62}},"18":{"start":{"line":32,"column":29},"end":{"line":32,"column":85}},"19":{"start":{"line":35,"column":0},"end":{"line":35,"column":24}}},"fnMap":{"0":{"name":"(anonymous_0)","decl":{"start":{"line":1,"column":21},"end":{"line":1,"column":22}},"loc":{"start":{"line":1,"column":27},"end":{"line":1,"column":51}},"line":1},"1":{"name":"(anonymous_1)","decl":{"start":{"line":3,"column":22},"end":{"line":3,"column":23}},"loc":{"start":{"line":3,"column":54},"end":{"line":9,"column":1}},"line":3},"2":{"name":"(anonymous_2)","decl":{"start":{"line":11,"column":17},"end":{"line":11,"column":18}},"loc":{"start":{"line":11,"column":48},"end":{"line":26,"column":1}},"line":11},"3":{"name":"(anonymous_3)","decl":{"start":{"line":29,"column":10},"end":{"line":29,"column":11}},"loc":{"start":{"line":29,"column":29},"end":{"line":29,"column":60}},"line":29},"4":{"name":"(anonymous_4)","decl":{"start":{"line":30,"column":10},"end":{"line":30,"column":11}},"loc":{"start":{"line":30,"column":29},"end":{"line":30,"column":60}},"line":30},"5":{"name":"(anonymous_5)","decl":{"start":{"line":31,"column":11},"end":{"line":31,"column":12}},"loc":{"start":{"line":31,"column":30},"end":{"line":31,"column":62}},"line":31},"6":{"name":"(anonymous_6)","decl":{"start":{"line":32,"column":10},"end":{"line":32,"column":11}},"loc":{"start":{"line":32,"column":29},"end":{"line":32,"column":85}},"line":32}},"branchMap":{"0":{"loc":{"start":{"line":3,"column":39},"end":{"line":3,"column":48}},"type":"default-arg","locations":[{"start":{"line":3,"column":46},"end":{"line":3,"column":48}}],"line":3},"1":{"loc":{"start":{"line":7,"column":17},"end":{"line":7,"column":54}},"type":"binary-expr","locations":[{"start":{"line":7,"column":17},"end":{"line":7,"column":37}},{"start":{"line":7,"column":41},"end":{"line":7,"column":54}}],"line":7},"2":{"loc":{"start":{"line":11,"column":34},"end":{"line":11,"column":43}},"type":"default-arg","locations":[{"start":{"line":11,"column":41},"end":{"line":11,"column":43}}],"line":11},"3":{"loc":{"start":{"line":15,"column":4},"end":{"line":18,"column":5}},"type":"if","locations":[{"start":{"line":15,"column":4},"end":{"line":18,"column":5}},{"start":{},"end":{}}],"line":15},"4":{"loc":{"start":{"line":20,"column":4},"end":{"line":23,"column":5}},"type":"if","locations":[{"start":{"line":20,"column":4},"end":{"line":23,"column":5}},{"start":{},"end":{}}],"line":20}},"s":{"0":7,"1":202,"2":7,"3":202,"4":7,"5":202,"6":202,"7":202,"8":8,"9":8,"10":194,"11":1,"12":1,"13":193,"14":7,"15":1,"16":1,"17":8,"18":192,"19":7},"f":{"0":202,"1":202,"2":202,"3":1,"4":1,"5":8,"6":192},"b":{"0":[0],"1":[202,0],"2":[0],"3":[8,194],"4":[1,193]},"_coverageSchema":"1a1c01bbd47fc00a2c39e90264f33305004495a9","hash":"4c2720b4cd4eb8df861fd8aa925c4c6217967143"}
,"H:\\Desarrollo Full Stack\\6. Backend III\\proyecto Nuevo\\src\\utils\\response.js": {"path":"H:\\Desarrollo Full Stack\\6. Backend III\\proyecto Nuevo\\src\\utils\\response.js","statementMap":{"0":{"start":{"line":1,"column":22},"end":{"line":5,"column":2}},"1":{"start":{"line":1,"column":59},"end":{"line":5,"column":1}},"2":{"start":{"line":7,"column":21},"end":{"line":10,"column":1}},"3":{"start":{"line":8,"column":21},"end":{"line":8,"column":43}},"4":{"start":{"line":9,"column":4},"end":{"line":9,"column":49}},"5":{"start":{"line":12,"column":0},"end":{"line":15,"column":2}}},"fnMap":{"0":{"name":"(anonymous_0)","decl":{"start":{"line":1,"column":22},"end":{"line":1,"column":23}},"loc":{"start":{"line":1,"column":59},"end":{"line":5,"column":1}},"line":1},"1":{"name":"(anonymous_1)","decl":{"start":{"line":7,"column":21},"end":{"line":7,"column":22}},"loc":{"start":{"line":7,"column":51},"end":{"line":10,"column":1}},"line":7}},"branchMap":{"0":{"loc":{"start":{"line":1,"column":40},"end":{"line":1,"column":51}},"type":"default-arg","locations":[{"start":{"line":1,"column":47},"end":{"line":1,"column":51}}],"line":1},"1":{"loc":{"start":{"line":3,"column":8},"end":{"line":3,"column":42}},"type":"cond-expr","locations":[{"start":{"line":3,"column":29},"end":{"line":3,"column":37}},{"start":{"line":3,"column":40},"end":{"line":3,"column":42}}],"line":3},"2":{"loc":{"start":{"line":4,"column":8},"end":{"line":4,"column":28}},"type":"cond-expr","locations":[{"start":{"line":4,"column":15},"end":{"line":4,"column":23}},{"start":{"line":4,"column":26},"end":{"line":4,"column":28}}],"line":4}},"s":{"0":7,"1":21,"2":7,"3":20,"4":20,"5":7},"f":{"0":21,"1":20},"b":{"0":[21],"1":[12,9],"2":[0,21]},"_coverageSchema":"1a1c01bbd47fc00a2c39e90264f33305004495a9","hash":"85ed77fb07d0cede6b2d0a2a95a6470c362814a6"}
}
