TN:
SF:src\app.js
FN:10,(anonymous_0)
FN:20,(anonymous_1)
FN:29,(anonymous_2)
FN:41,(anonymous_3)
FN:45,(anonymous_4)
FN:49,(anonymous_5)
FNF:6
FNH:6
FNDA:2,(anonymous_0)
FNDA:96,(anonymous_1)
FNDA:96,(anonymous_2)
FNDA:1,(anonymous_3)
FNDA:1,(anonymous_4)
FNDA:2,(anonymous_5)
DA:1,5
DA:2,5
DA:3,5
DA:4,5
DA:5,5
DA:6,5
DA:7,5
DA:10,5
DA:12,5
DA:14,5
DA:16,5
DA:17,5
DA:18,5
DA:20,5
DA:21,96
DA:23,96
DA:29,96
DA:30,96
DA:38,96
DA:41,5
DA:42,1
DA:45,5
DA:46,1
DA:49,5
DA:50,2
DA:51,1
DA:54,1
DA:57,5
DA:59,5
DA:61,5
DA:62,5
DA:64,5
LF:32
LH:32
BRDA:50,0,0,1
BRDA:50,0,1,1
BRF:2
BRH:2
end_of_record
TN:
SF:src\controllers\auth.controller.js
FN:9,(anonymous_0)
FN:21,(anonymous_1)
FN:59,(anonymous_2)
FN:95,(anonymous_3)
FN:104,(anonymous_4)
FNF:5
FNH:5
FNDA:39,(anonymous_0)
FNDA:41,(anonymous_1)
FNDA:5,(anonymous_2)
FNDA:2,(anonymous_3)
FNDA:1,(anonymous_4)
DA:1,6
DA:7,6
DA:9,6
DA:10,39
DA:14,6
DA:21,6
DA:22,41
DA:23,41
DA:25,41
DA:26,1
DA:29,40
DA:30,39
DA:31,1
DA:34,38
DA:41,38
DA:42,38
DA:44,38
DA:55,1
DA:59,6
DA:60,5
DA:61,5
DA:63,5
DA:64,1
DA:67,4
DA:68,3
DA:69,1
DA:72,2
DA:73,2
DA:74,1
DA:77,1
DA:78,1
DA:80,1
DA:91,1
DA:95,6
DA:96,2
DA:97,2
DA:98,1
DA:100,1
DA:104,6
DA:105,1
DA:106,1
DA:109,6
LF:42
LH:42
BRDA:11,0,0,39
BRDA:11,0,1,1
BRDA:25,1,0,1
BRDA:25,1,1,40
BRDA:25,2,0,41
BRDA:25,2,1,40
BRDA:25,2,2,40
BRDA:30,3,0,1
BRDA:30,3,1,38
BRDA:38,4,0,17
BRDA:38,4,1,21
BRDA:38,5,0,38
BRDA:38,5,1,22
BRDA:63,6,0,1
BRDA:63,6,1,4
BRDA:63,7,0,5
BRDA:63,7,1,5
BRDA:68,8,0,1
BRDA:68,8,1,2
BRDA:73,9,0,1
BRDA:73,9,1,1
BRF:21
BRH:21
end_of_record
TN:
SF:src\controllers\cart.controller.js
FN:10,(anonymous_0)
FN:12,(anonymous_1)
FN:19,(anonymous_2)
FN:25,(anonymous_3)
FN:55,(anonymous_4)
FN:56,(anonymous_5)
FN:72,(anonymous_6)
FN:92,(anonymous_7)
FN:130,(anonymous_8)
FN:131,(anonymous_9)
FN:139,(anonymous_10)
FN:179,(anonymous_11)
FN:210,(anonymous_12)
FNF:13
FNH:11
FNDA:9,(anonymous_0)
FNDA:2,(anonymous_1)
FNDA:2,(anonymous_2)
FNDA:7,(anonymous_3)
FNDA:1,(anonymous_4)
FNDA:1,(anonymous_5)
FNDA:0,(anonymous_6)
FNDA:8,(anonymous_7)
FNDA:7,(anonymous_8)
FNDA:7,(anonymous_9)
FNDA:2,(anonymous_10)
FNDA:1,(anonymous_11)
FNDA:0,(anonymous_12)
DA:1,6
DA:8,6
DA:10,6
DA:11,9
DA:12,9
DA:14,9
DA:19,2
DA:25,6
DA:26,7
DA:27,7
DA:29,7
DA:30,1
DA:31,0
DA:34,1
DA:35,0
DA:38,1
DA:40,1
DA:41,0
DA:44,1
DA:45,0
DA:48,1
DA:55,1
DA:56,1
DA:61,6
DA:62,6
DA:68,0
DA:72,6
DA:73,0
DA:74,0
DA:76,0
DA:77,0
DA:80,0
DA:82,0
DA:83,0
DA:86,0
DA:88,0
DA:92,6
DA:93,8
DA:94,8
DA:95,8
DA:97,8
DA:98,0
DA:101,8
DA:102,0
DA:105,8
DA:106,0
DA:109,8
DA:110,0
DA:113,8
DA:115,8
DA:116,0
DA:119,8
DA:120,1
DA:123,7
DA:130,7
DA:131,7
DA:135,0
DA:139,6
DA:140,2
DA:141,2
DA:142,2
DA:144,2
DA:145,0
DA:148,2
DA:149,0
DA:152,2
DA:153,0
DA:156,2
DA:158,2
DA:159,0
DA:162,2
DA:163,0
DA:166,2
DA:167,0
DA:170,2
DA:175,0
DA:179,6
DA:180,1
DA:181,1
DA:183,1
DA:184,0
DA:187,1
DA:188,0
DA:191,1
DA:193,1
DA:194,0
DA:197,1
DA:198,0
DA:201,1
DA:206,0
DA:210,6
DA:211,0
DA:212,0
DA:214,0
DA:215,0
DA:218,0
DA:220,0
DA:221,0
DA:224,0
DA:229,0
DA:233,6
LF:101
LH:60
BRDA:11,0,0,9
BRDA:11,0,1,0
BRDA:27,1,0,6
BRDA:27,2,0,7
BRDA:27,2,1,6
BRDA:29,3,0,1
BRDA:29,3,1,6
BRDA:30,4,0,0
BRDA:30,4,1,1
BRDA:34,5,0,0
BRDA:34,5,1,1
BRDA:34,6,0,1
BRDA:34,6,1,1
BRDA:40,7,0,0
BRDA:40,7,1,1
BRDA:40,8,0,1
BRDA:40,8,1,1
BRDA:44,9,0,0
BRDA:44,9,1,1
BRDA:76,10,0,0
BRDA:76,10,1,0
BRDA:82,11,0,0
BRDA:82,11,1,0
BRDA:82,12,0,0
BRDA:82,12,1,0
BRDA:95,13,0,0
BRDA:97,14,0,0
BRDA:97,14,1,8
BRDA:101,15,0,0
BRDA:101,15,1,8
BRDA:105,16,0,0
BRDA:105,16,1,8
BRDA:109,17,0,0
BRDA:109,17,1,8
BRDA:109,18,0,8
BRDA:109,18,1,8
BRDA:115,19,0,0
BRDA:115,19,1,8
BRDA:115,20,0,8
BRDA:115,20,1,8
BRDA:119,21,0,1
BRDA:119,21,1,7
BRDA:144,22,0,0
BRDA:144,22,1,2
BRDA:148,23,0,0
BRDA:148,23,1,2
BRDA:152,24,0,0
BRDA:152,24,1,2
BRDA:152,25,0,2
BRDA:152,25,1,2
BRDA:158,26,0,0
BRDA:158,26,1,2
BRDA:158,27,0,2
BRDA:158,27,1,2
BRDA:162,28,0,0
BRDA:162,28,1,2
BRDA:166,29,0,0
BRDA:166,29,1,2
BRDA:183,30,0,0
BRDA:183,30,1,1
BRDA:187,31,0,0
BRDA:187,31,1,1
BRDA:193,32,0,0
BRDA:193,32,1,1
BRDA:193,33,0,1
BRDA:193,33,1,1
BRDA:197,34,0,0
BRDA:197,34,1,1
BRDA:214,35,0,0
BRDA:214,35,1,0
BRDA:220,36,0,0
BRDA:220,36,1,0
BRDA:220,37,0,0
BRDA:220,37,1,0
BRF:74
BRH:41
end_of_record
TN:
SF:src\controllers\product.controller.js
FN:10,(anonymous_0)
FN:33,(anonymous_1)
FN:45,(anonymous_2)
FN:59,(anonymous_3)
FN:81,(anonymous_4)
FNF:5
FNH:5
FNDA:3,(anonymous_0)
FNDA:2,(anonymous_1)
FNDA:4,(anonymous_2)
FNDA:6,(anonymous_3)
FNDA:4,(anonymous_4)
DA:1,6
DA:8,6
DA:10,6
DA:11,3
DA:12,3
DA:14,3
DA:15,1
DA:18,2
DA:24,1
DA:29,1
DA:33,6
DA:34,2
DA:35,2
DA:36,1
DA:41,1
DA:45,6
DA:46,4
DA:47,4
DA:49,2
DA:50,1
DA:53,1
DA:55,2
DA:59,6
DA:60,6
DA:61,6
DA:63,6
DA:68,4
DA:69,1
DA:72,3
DA:77,2
DA:81,6
DA:82,4
DA:83,4
DA:84,1
DA:87,3
DA:89,2
DA:90,1
DA:93,1
DA:95,1
DA:99,6
LF:40
LH:40
BRDA:14,0,0,1
BRDA:14,0,1,2
BRDA:14,1,0,3
BRDA:14,1,1,2
BRDA:49,2,0,1
BRDA:49,2,1,1
BRDA:64,3,0,2
BRDA:64,3,1,4
BRDA:65,4,0,4
BRDA:65,4,1,2
BRDA:66,5,0,1
BRDA:66,5,1,5
BRDA:68,6,0,1
BRDA:68,6,1,3
BRDA:83,7,0,1
BRDA:83,7,1,3
BRDA:89,8,0,1
BRDA:89,8,1,1
BRF:18
BRH:18
end_of_record
TN:
SF:src\controllers\user.controller.js
FN:12,(anonymous_0)
FN:48,(anonymous_1)
FN:57,(anonymous_2)
FN:71,(anonymous_3)
FN:103,(anonymous_4)
FNF:5
FNH:5
FNDA:6,(anonymous_0)
FNDA:3,(anonymous_1)
FNDA:4,(anonymous_2)
FNDA:6,(anonymous_3)
FNDA:5,(anonymous_4)
DA:1,6
DA:9,6
DA:10,6
DA:12,6
DA:13,6
DA:14,6
DA:16,6
DA:17,1
DA:20,5
DA:21,4
DA:22,1
DA:25,3
DA:32,3
DA:44,1
DA:48,6
DA:49,3
DA:50,3
DA:51,2
DA:53,1
DA:57,6
DA:58,4
DA:59,4
DA:61,3
DA:62,2
DA:65,1
DA:67,1
DA:71,6
DA:72,6
DA:73,6
DA:75,6
DA:76,5
DA:77,1
DA:80,4
DA:81,4
DA:82,4
DA:83,4
DA:85,4
DA:87,4
DA:99,1
DA:103,6
DA:104,5
DA:105,5
DA:106,2
DA:109,3
DA:111,2
DA:112,1
DA:115,1
DA:117,1
DA:119,1
DA:123,6
LF:50
LH:50
BRDA:16,0,0,1
BRDA:16,0,1,5
BRDA:16,1,0,6
BRDA:16,1,1,5
BRDA:16,1,2,5
BRDA:21,2,0,1
BRDA:21,2,1,3
BRDA:29,3,0,1
BRDA:29,3,1,2
BRDA:29,4,0,3
BRDA:29,4,1,3
BRDA:61,5,0,2
BRDA:61,5,1,1
BRDA:76,6,0,1
BRDA:76,6,1,4
BRDA:80,7,0,2
BRDA:80,7,1,2
BRDA:81,8,0,1
BRDA:81,8,1,3
BRDA:82,9,0,1
BRDA:82,9,1,3
BRDA:83,10,0,1
BRDA:83,10,1,3
BRDA:83,11,0,4
BRDA:83,11,1,2
BRDA:105,12,0,2
BRDA:105,12,1,3
BRDA:111,13,0,1
BRDA:111,13,1,1
BRF:29
BRH:29
end_of_record
TN:
SF:src\dao\cart.dao.js
FN:5,(anonymous_0)
FN:25,(anonymous_1)
FN:33,(anonymous_2)
FN:44,(anonymous_3)
FN:74,(anonymous_4)
FN:80,(anonymous_5)
FN:86,(anonymous_6)
FN:115,(anonymous_7)
FN:121,(anonymous_8)
FN:132,(anonymous_9)
FN:137,(anonymous_10)
FNF:11
FNH:9
FNDA:10,(anonymous_0)
FNDA:12,(anonymous_1)
FNDA:9,(anonymous_2)
FNDA:0,(anonymous_3)
FNDA:8,(anonymous_4)
FNDA:2,(anonymous_5)
FNDA:2,(anonymous_6)
FNDA:1,(anonymous_7)
FNDA:1,(anonymous_8)
FNDA:1,(anonymous_9)
FNDA:0,(anonymous_10)
DA:1,10
DA:2,10
DA:3,10
DA:5,10
DA:6,10
DA:8,10
DA:9,3
DA:11,7
DA:14,10
DA:15,10
DA:16,3
DA:18,7
DA:22,10
DA:25,10
DA:26,12
DA:27,11
DA:30,1
DA:33,10
DA:34,9
DA:35,9
DA:36,0
DA:39,9
DA:40,9
DA:41,4
DA:44,9
DA:45,9
DA:46,9
DA:48,9
DA:49,1
DA:52,8
DA:53,8
DA:54,0
DA:55,0
DA:58,8
DA:59,0
DA:61,8
DA:69,8
DA:70,8
DA:72,8
DA:74,8
DA:80,10
DA:81,2
DA:82,2
DA:83,0
DA:86,2
DA:87,2
DA:88,0
DA:91,2
DA:92,2
DA:93,0
DA:96,2
DA:98,2
DA:99,0
DA:102,2
DA:103,2
DA:104,0
DA:105,0
DA:108,2
DA:109,2
DA:110,2
DA:112,2
DA:115,10
DA:116,1
DA:117,1
DA:118,0
DA:121,1
DA:122,1
DA:123,0
DA:126,1
DA:127,1
DA:128,1
DA:129,1
DA:132,1
DA:133,1
DA:134,1
DA:137,10
DA:138,0
DA:139,0
DA:140,0
DA:143,0
DA:144,0
DA:145,0
DA:146,0
DA:147,0
DA:151,0
DA:152,0
DA:153,0
DA:156,10
LF:88
LH:65
BRDA:5,0,0,6
BRDA:8,1,0,3
BRDA:8,1,1,7
BRDA:14,2,0,10
BRDA:14,2,1,0
BRDA:15,3,0,3
BRDA:15,3,1,7
BRDA:15,4,0,10
BRDA:15,4,1,3
BRDA:25,5,0,0
BRDA:26,6,0,11
BRDA:26,6,1,1
BRDA:33,7,0,1
BRDA:35,8,0,0
BRDA:35,8,1,9
BRDA:40,9,0,4
BRDA:40,9,1,5
BRDA:45,10,0,0
BRDA:45,10,1,9
BRDA:48,11,0,1
BRDA:48,11,1,8
BRDA:48,12,0,9
BRDA:48,12,1,9
BRDA:49,13,0,1
BRDA:49,13,1,1
BRDA:52,14,0,8
BRDA:52,14,1,0
BRDA:54,15,0,0
BRDA:54,15,1,0
BRDA:58,16,0,0
BRDA:58,16,1,8
BRDA:80,17,0,0
BRDA:82,18,0,0
BRDA:82,18,1,2
BRDA:87,19,0,0
BRDA:87,19,1,2
BRDA:92,20,0,0
BRDA:92,20,1,2
BRDA:98,21,0,0
BRDA:98,21,1,2
BRDA:98,22,0,2
BRDA:98,22,1,2
BRDA:102,23,0,2
BRDA:102,23,1,0
BRDA:104,24,0,0
BRDA:104,24,1,0
BRDA:115,25,0,0
BRDA:117,26,0,0
BRDA:117,26,1,1
BRDA:122,27,0,0
BRDA:122,27,1,1
BRDA:127,28,0,1
BRDA:127,28,1,0
BRDA:137,29,0,0
BRDA:139,30,0,0
BRDA:139,30,1,0
BRDA:145,31,0,0
BRDA:145,31,1,0
BRF:58
BRH:33
end_of_record
TN:
SF:src\dao\index.js
FNF:0
FNH:0
DA:1,10
DA:2,10
DA:3,10
DA:5,10
LF:4
LH:4
BRF:0
BRH:0
end_of_record
TN:
SF:src\dao\product.dao.js
FN:3,(anonymous_0)
FN:5,(anonymous_1)
FN:14,(anonymous_2)
FN:16,(anonymous_3)
FN:27,(anonymous_4)
FNF:5
FNH:5
FNDA:3,(anonymous_0)
FNDA:4,(anonymous_1)
FNDA:4,(anonymous_2)
FNDA:5,(anonymous_3)
FNDA:4,(anonymous_4)
DA:1,11
DA:3,11
DA:5,11
DA:6,4
DA:7,4
DA:8,3
DA:11,1
DA:14,11
DA:16,11
DA:17,5
DA:18,4
DA:19,2
DA:22,2
DA:23,2
DA:24,2
DA:27,11
DA:28,4
DA:29,4
DA:30,2
DA:33,2
DA:34,2
DA:37,11
LF:22
LH:22
BRDA:7,0,0,3
BRDA:7,0,1,1
BRDA:7,1,0,4
BRDA:7,1,1,4
BRDA:18,2,0,2
BRDA:18,2,1,2
BRDA:29,3,0,2
BRDA:29,3,1,2
BRF:8
BRH:8
end_of_record
TN:
SF:src\dao\user.dao.js
FN:3,(anonymous_0)
FN:5,(anonymous_1)
FN:15,(anonymous_2)
FN:17,(anonymous_3)
FN:20,(anonymous_4)
FN:22,(anonymous_5)
FN:24,(anonymous_6)
FN:26,(anonymous_7)
FNF:8
FNH:8
FNDA:40,(anonymous_0)
FNDA:2,(anonymous_1)
FNDA:40,(anonymous_2)
FNDA:3,(anonymous_3)
FNDA:2,(anonymous_4)
FNDA:4,(anonymous_5)
FNDA:3,(anonymous_6)
FNDA:2,(anonymous_7)
DA:1,11
DA:3,40
DA:5,11
DA:6,2
DA:7,2
DA:8,1
DA:11,1
DA:12,1
DA:15,40
DA:17,11
DA:18,3
DA:20,11
DA:22,11
DA:24,11
DA:26,11
DA:28,11
LF:16
LH:16
BRDA:7,0,0,1
BRDA:7,0,1,1
BRF:2
BRH:2
end_of_record
TN:
SF:src\docs\swagger.js
FNF:0
FNH:0
DA:1,5
DA:3,5
DA:133,5
DA:135,5
LF:4
LH:4
BRF:0
BRH:0
end_of_record
TN:
SF:src\middlewares\auth.middleware.js
FN:4,(anonymous_0)
FN:31,(anonymous_1)
FN:31,(anonymous_2)
FNF:3
FNH:3
FNDA:48,(anonymous_0)
FNDA:41,(anonymous_1)
FNDA:22,(anonymous_2)
DA:1,7
DA:2,7
DA:4,7
DA:5,48
DA:6,48
DA:7,48
DA:9,48
DA:10,43
DA:13,48
DA:14,4
DA:17,44
DA:18,43
DA:20,43
DA:21,1
DA:24,42
DA:25,42
DA:27,1
DA:31,41
DA:32,22
DA:33,5
DA:36,17
DA:39,7
LF:22
LH:22
BRDA:6,0,0,48
BRDA:6,0,1,5
BRDA:9,1,0,43
BRDA:9,1,1,5
BRDA:9,2,0,48
BRDA:9,2,1,47
BRDA:9,2,2,43
BRDA:13,3,0,4
BRDA:13,3,1,44
BRDA:20,4,0,1
BRDA:20,4,1,42
BRDA:32,5,0,5
BRDA:32,5,1,17
BRDA:32,6,0,22
BRDA:32,6,1,22
BRF:15
BRH:15
end_of_record
TN:
SF:src\middlewares\error.middleware.js
FN:3,(anonymous_0)
FN:13,(anonymous_1)
FNF:2
FNH:2
FNDA:1,(anonymous_0)
FNDA:7,(anonymous_1)
DA:1,6
DA:3,6
DA:4,1
DA:5,1
DA:9,1
DA:10,1
DA:13,6
DA:14,7
DA:15,7
DA:17,7
DA:18,3
DA:19,3
DA:22,7
DA:23,1
DA:24,1
DA:27,7
DA:34,7
DA:40,6
LF:18
LH:18
BRDA:14,0,0,7
BRDA:14,0,1,6
BRDA:14,1,0,5
BRDA:14,1,1,1
BRDA:15,2,0,7
BRDA:15,2,1,0
BRDA:17,3,0,3
BRDA:17,3,1,4
BRDA:22,4,0,1
BRDA:22,4,1,6
BRDA:36,5,0,1
BRDA:36,5,1,6
BRF:12
BRH:11
end_of_record
TN:
SF:src\models\Cart.js
FNF:0
FNH:0
DA:1,10
DA:3,10
DA:30,10
DA:45,10
LF:4
LH:4
BRF:0
BRH:0
end_of_record
TN:
SF:src\models\Product.js
FNF:0
FNH:0
DA:1,11
DA:3,11
DA:26,11
LF:3
LH:3
BRF:0
BRH:0
end_of_record
TN:
SF:src\models\User.js
FN:35,saveHook
FN:44,matchPassword
FNF:2
FNH:2
FNDA:43,saveHook
FNDA:2,matchPassword
DA:1,12
DA:2,12
DA:4,12
DA:35,12
DA:36,43
DA:37,1
DA:40,42
DA:41,42
DA:44,12
DA:45,2
DA:48,12
LF:11
LH:11
BRDA:36,0,0,1
BRDA:36,0,1,42
BRF:2
BRH:2
end_of_record
TN:
SF:src\routes\adoption.router.js
FN:9,(anonymous_0)
FNF:1
FNH:1
FNDA:2,(anonymous_0)
DA:1,6
DA:2,6
DA:3,6
DA:4,6
DA:5,6
DA:7,6
DA:9,6
DA:10,2
DA:13,6
DA:14,6
DA:15,6
DA:16,6
DA:18,6
LF:13
LH:13
BRF:0
BRH:0
end_of_record
TN:
SF:src\routes\auth.routes.js
FNF:0
FNH:0
DA:1,5
DA:2,5
DA:3,5
DA:5,5
DA:50,5
DA:98,5
DA:125,5
DA:150,5
DA:152,5
LF:9
LH:9
BRF:0
BRH:0
end_of_record
TN:
SF:src\routes\cart.routes.js
FNF:0
FNH:0
DA:1,6
DA:9,6
DA:10,6
DA:12,6
DA:73,6
DA:132,6
DA:204,6
DA:280,6
DA:341,6
DA:397,6
DA:399,6
LF:11
LH:11
BRF:0
BRH:0
end_of_record
TN:
SF:src\routes\index.js
FNF:0
FNH:0
DA:1,5
LF:1
LH:1
BRF:0
BRH:0
end_of_record
TN:
SF:src\routes\product.routes.js
FNF:0
FNH:0
DA:1,5
DA:8,5
DA:9,5
DA:11,5
DA:25,5
DA:83,5
DA:115,5
DA:167,5
DA:207,5
DA:209,5
LF:10
LH:10
BRF:0
BRH:0
end_of_record
TN:
SF:src\routes\user.routes.js
FNF:0
FNH:0
DA:1,5
DA:8,5
DA:9,5
DA:11,5
DA:74,5
DA:102,5
DA:148,5
DA:205,5
DA:245,5
DA:247,5
LF:10
LH:10
BRF:0
BRH:0
end_of_record
TN:
SF:src\utils\hash.js
FN:3,(anonymous_0)
FN:8,(anonymous_1)
FNF:2
FNH:2
FNDA:42,(anonymous_0)
FNDA:2,(anonymous_1)
DA:1,12
DA:3,12
DA:4,42
DA:5,42
DA:8,12
DA:9,2
DA:11,12
LF:7
LH:7
BRF:0
BRH:0
end_of_record
TN:
SF:src\utils\logger.js
FN:1,(anonymous_0)
FN:3,(anonymous_1)
FN:11,(anonymous_2)
FN:29,(anonymous_3)
FN:30,(anonymous_4)
FN:31,(anonymous_5)
FN:32,(anonymous_6)
FNF:7
FNH:7
FNDA:202,(anonymous_0)
FNDA:202,(anonymous_1)
FNDA:202,(anonymous_2)
FNDA:1,(anonymous_3)
FNDA:1,(anonymous_4)
FNDA:8,(anonymous_5)
FNDA:192,(anonymous_6)
DA:1,202
DA:3,202
DA:11,7
DA:12,202
DA:13,202
DA:15,202
DA:16,8
DA:17,8
DA:20,194
DA:21,1
DA:22,1
DA:25,193
DA:28,7
DA:29,1
DA:30,1
DA:31,8
DA:32,192
DA:35,7
LF:18
LH:18
BRDA:3,0,0,0
BRDA:7,1,0,202
BRDA:7,1,1,0
BRDA:11,2,0,0
BRDA:15,3,0,8
BRDA:15,3,1,194
BRDA:20,4,0,1
BRDA:20,4,1,193
BRF:8
BRH:5
end_of_record
TN:
SF:src\utils\response.js
FN:1,(anonymous_0)
FN:7,(anonymous_1)
FNF:2
FNH:2
FNDA:21,(anonymous_0)
FNDA:20,(anonymous_1)
DA:1,21
DA:7,7
DA:8,20
DA:9,20
DA:12,7
LF:5
LH:5
BRDA:1,0,0,21
BRDA:3,1,0,12
BRDA:3,1,1,9
BRDA:4,2,0,0
BRDA:4,2,1,21
BRF:5
BRH:4
end_of_record
