TN:
SF:src\app.js
FN:14,(anonymous_0)
FNF:1
FNH:1
FNDA:1,(anonymous_0)
DA:1,4
DA:2,4
DA:3,4
DA:4,4
DA:5,4
DA:6,4
DA:8,4
DA:10,4
DA:11,4
DA:12,4
DA:14,4
DA:15,1
DA:18,4
DA:20,4
DA:22,4
DA:23,4
DA:25,4
LF:17
LH:17
BRF:0
BRH:0
end_of_record
TN:
SF:src\controllers\auth.controller.js
FN:4,(anonymous_0)
FN:16,(anonymous_1)
FN:54,(anonymous_2)
FN:90,(anonymous_3)
FN:99,(anonymous_4)
FNF:5
FNH:5
FNDA:29,(anonymous_0)
FNDA:31,(anonymous_1)
FNDA:5,(anonymous_2)
FNDA:2,(anonymous_3)
FNDA:1,(anonymous_4)
DA:1,5
DA:2,5
DA:4,5
DA:5,29
DA:9,5
DA:16,5
DA:17,31
DA:18,31
DA:20,31
DA:21,1
DA:24,30
DA:25,29
DA:26,1
DA:29,28
DA:36,28
DA:37,28
DA:39,28
DA:50,1
DA:54,5
DA:55,5
DA:56,5
DA:58,5
DA:59,1
DA:62,4
DA:63,3
DA:64,1
DA:67,2
DA:68,2
DA:69,1
DA:72,1
DA:73,1
DA:75,1
DA:86,1
DA:90,5
DA:91,2
DA:92,2
DA:93,1
DA:95,1
DA:99,5
DA:100,1
DA:101,1
DA:104,5
LF:42
LH:42
BRDA:6,0,0,29
BRDA:6,0,1,1
BRDA:20,1,0,1
BRDA:20,1,1,30
BRDA:20,2,0,31
BRDA:20,2,1,30
BRDA:20,2,2,30
BRDA:25,3,0,1
BRDA:25,3,1,28
BRDA:33,4,0,17
BRDA:33,4,1,11
BRDA:33,5,0,28
BRDA:33,5,1,22
BRDA:58,6,0,1
BRDA:58,6,1,4
BRDA:58,7,0,5
BRDA:58,7,1,5
BRDA:63,8,0,1
BRDA:63,8,1,2
BRDA:68,9,0,1
BRDA:68,9,1,1
BRF:21
BRH:21
end_of_record
TN:
SF:src\controllers\product.controller.js
FN:4,(anonymous_0)
FN:27,(anonymous_1)
FN:39,(anonymous_2)
FN:53,(anonymous_3)
FN:77,(anonymous_4)
FNF:5
FNH:5
FNDA:3,(anonymous_0)
FNDA:2,(anonymous_1)
FNDA:4,(anonymous_2)
FNDA:6,(anonymous_3)
FNDA:4,(anonymous_4)
DA:1,5
DA:2,5
DA:4,5
DA:5,3
DA:6,3
DA:8,3
DA:9,1
DA:12,2
DA:18,1
DA:23,1
DA:27,5
DA:28,2
DA:29,2
DA:30,1
DA:35,1
DA:39,5
DA:40,4
DA:41,4
DA:43,2
DA:44,1
DA:47,1
DA:49,2
DA:53,5
DA:54,6
DA:55,6
DA:57,6
DA:58,4
DA:59,1
DA:62,3
DA:63,3
DA:64,3
DA:66,3
DA:68,3
DA:73,2
DA:77,5
DA:78,4
DA:79,4
DA:80,1
DA:83,3
DA:85,2
DA:86,1
DA:89,1
DA:91,1
DA:93,1
DA:97,5
LF:45
LH:45
BRDA:8,0,0,1
BRDA:8,0,1,2
BRDA:8,1,0,3
BRDA:8,1,1,2
BRDA:43,2,0,1
BRDA:43,2,1,1
BRDA:58,3,0,1
BRDA:58,3,1,3
BRDA:62,4,0,2
BRDA:62,4,1,1
BRDA:63,5,0,2
BRDA:63,5,1,1
BRDA:64,6,0,1
BRDA:64,6,1,2
BRDA:79,7,0,1
BRDA:79,7,1,3
BRDA:85,8,0,1
BRDA:85,8,1,1
BRF:18
BRH:18
end_of_record
TN:
SF:src\controllers\user.controller.js
FN:4,(anonymous_0)
FN:38,(anonymous_1)
FN:47,(anonymous_2)
FN:61,(anonymous_3)
FN:91,(anonymous_4)
FNF:5
FNH:5
FNDA:6,(anonymous_0)
FNDA:3,(anonymous_1)
FNDA:4,(anonymous_2)
FNDA:6,(anonymous_3)
FNDA:5,(anonymous_4)
DA:1,5
DA:2,5
DA:4,5
DA:5,6
DA:6,6
DA:8,6
DA:9,1
DA:12,5
DA:13,4
DA:14,1
DA:17,3
DA:24,3
DA:34,1
DA:38,5
DA:39,3
DA:40,3
DA:41,2
DA:43,1
DA:47,5
DA:48,4
DA:49,4
DA:51,3
DA:52,2
DA:55,1
DA:57,1
DA:61,5
DA:62,6
DA:63,6
DA:65,6
DA:66,5
DA:67,1
DA:70,4
DA:71,4
DA:72,4
DA:73,4
DA:75,4
DA:77,4
DA:87,1
DA:91,5
DA:92,5
DA:93,5
DA:94,2
DA:97,3
DA:99,2
DA:100,1
DA:103,1
DA:105,1
DA:107,1
DA:111,5
LF:49
LH:49
BRDA:8,0,0,1
BRDA:8,0,1,5
BRDA:8,1,0,6
BRDA:8,1,1,5
BRDA:8,1,2,5
BRDA:13,2,0,1
BRDA:13,2,1,3
BRDA:21,3,0,1
BRDA:21,3,1,2
BRDA:21,4,0,3
BRDA:21,4,1,3
BRDA:51,5,0,2
BRDA:51,5,1,1
BRDA:66,6,0,1
BRDA:66,6,1,4
BRDA:70,7,0,2
BRDA:70,7,1,2
BRDA:71,8,0,1
BRDA:71,8,1,3
BRDA:72,9,0,1
BRDA:72,9,1,3
BRDA:73,10,0,1
BRDA:73,10,1,3
BRDA:73,11,0,4
BRDA:73,11,1,2
BRDA:93,12,0,2
BRDA:93,12,1,3
BRDA:99,13,0,1
BRDA:99,13,1,1
BRF:29
BRH:29
end_of_record
TN:
SF:src\docs\swagger.js
FNF:0
FNH:0
DA:1,4
DA:3,4
DA:59,4
DA:61,4
LF:4
LH:4
BRF:0
BRH:0
end_of_record
TN:
SF:src\middlewares\auth.middleware.js
FN:4,(anonymous_0)
FN:31,(anonymous_1)
FN:31,(anonymous_2)
FNF:3
FNH:3
FNDA:29,(anonymous_0)
FNDA:33,(anonymous_1)
FNDA:22,(anonymous_2)
DA:1,5
DA:2,5
DA:4,5
DA:5,29
DA:6,29
DA:7,29
DA:9,29
DA:10,25
DA:13,29
DA:14,4
DA:17,25
DA:18,24
DA:20,24
DA:21,1
DA:24,23
DA:25,23
DA:27,1
DA:31,33
DA:32,22
DA:33,5
DA:36,17
DA:39,5
LF:22
LH:22
BRDA:9,0,0,25
BRDA:9,0,1,4
BRDA:9,1,0,29
BRDA:9,1,1,29
BRDA:9,1,2,25
BRDA:13,2,0,4
BRDA:13,2,1,25
BRDA:20,3,0,1
BRDA:20,3,1,23
BRDA:32,4,0,5
BRDA:32,4,1,17
BRDA:32,5,0,22
BRDA:32,5,1,22
BRF:13
BRH:13
end_of_record
TN:
SF:src\middlewares\error.middleware.js
FN:1,(anonymous_0)
FN:7,(anonymous_1)
FNF:2
FNH:2
FNDA:1,(anonymous_0)
FNDA:6,(anonymous_1)
DA:1,5
DA:2,1
DA:3,1
DA:4,1
DA:7,5
DA:8,6
DA:9,6
DA:11,6
DA:12,3
DA:13,3
DA:16,6
DA:17,1
DA:18,1
DA:21,6
DA:27,5
LF:15
LH:15
BRDA:8,0,0,5
BRDA:8,0,1,1
BRDA:11,1,0,3
BRDA:11,1,1,3
BRDA:16,2,0,1
BRDA:16,2,1,5
BRDA:23,3,0,1
BRDA:23,3,1,5
BRF:8
BRH:8
end_of_record
TN:
SF:src\models\Product.js
FNF:0
FNH:0
DA:1,5
DA:3,5
DA:26,5
LF:3
LH:3
BRF:0
BRH:0
end_of_record
TN:
SF:src\models\User.js
FN:35,saveHook
FN:45,matchPassword
FNF:2
FNH:2
FNDA:33,saveHook
FNDA:2,matchPassword
DA:1,7
DA:2,7
DA:4,7
DA:35,7
DA:36,33
DA:37,1
DA:40,32
DA:41,32
DA:42,32
DA:45,7
DA:46,2
DA:49,7
LF:12
LH:12
BRDA:36,0,0,1
BRDA:36,0,1,32
BRF:2
BRH:2
end_of_record
TN:
SF:src\routes\auth.routes.js
FNF:0
FNH:0
DA:1,4
DA:2,4
DA:3,4
DA:5,4
DA:36,4
DA:68,4
DA:95,4
DA:120,4
DA:122,4
LF:9
LH:9
BRF:0
BRH:0
end_of_record
TN:
SF:src\routes\index.js
FNF:0
FNH:0
DA:1,4
DA:2,4
DA:3,4
DA:4,4
DA:6,4
DA:8,4
DA:9,4
DA:10,4
DA:12,4
LF:9
LH:9
BRF:0
BRH:0
end_of_record
TN:
SF:src\routes\product.routes.js
FNF:0
FNH:0
DA:1,4
DA:8,4
DA:9,4
DA:11,4
DA:25,4
DA:65,4
DA:97,4
DA:149,4
DA:189,4
DA:191,4
LF:10
LH:10
BRF:0
BRH:0
end_of_record
TN:
SF:src\routes\user.routes.js
FNF:0
FNH:0
DA:1,4
DA:8,4
DA:9,4
DA:11,4
DA:56,4
DA:84,4
DA:130,4
DA:187,4
DA:227,4
DA:229,4
LF:10
LH:10
BRF:0
BRH:0
end_of_record
